TpTrace Verbose: 0 : 33027, 1, 2024/04/25, 18:42:13.331, 592577552353666, vstest.console.dll, Version: 17.9.0-release-24072-02 Current process architecture: ARM64
TpTrace Verbose: 0 : 33027, 1, 2024/04/25, 18:42:13.333, 592577554547708, vstest.console.dll, Runtime location: /usr/local/share/dotnet/shared/Microsoft.NETCore.App/8.0.3
TpTrace Information: 0 : 33027, 1, 2024/04/25, 18:42:13.334, 592577555593875, vstest.console.dll, Using .Net Framework version:.NETCoreApp,Version=v8.0
TpTrace Verbose: 0 : 33027, 1, 2024/04/25, 18:42:13.334, 592577555632875, vstest.console.dll, ArtifactProcessingPostProcessModeProcessorExecutor.Initialize: ArtifactProcessingMode.Collect
TpTrace Verbose: 0 : 33027, 1, 2024/04/25, 18:42:13.334, 592577555659833, vstest.console.dll, TestSessionCorrelationIdProcessorModeProcessorExecutor.Initialize: TestSessionCorrelationId '33025_de5d4d0c-c83f-41e8-8ea3-11a809f8dc41'
TpTrace Information: 0 : 33027, 1, 2024/04/25, 18:42:13.335, 592577556789916, vstest.console.dll, FilePatternParser: The given file /Users/marco.mendes/code/exemplos-codigos-para-docs/irrf-regra-testes-unidade/src/bin/Debug/net8.0/irrf-regra-testes-unidade.dll is a full path.
TpTrace Verbose: 0 : 33027, 1, 2024/04/25, 18:42:13.339, 592577560667208, vstest.console.dll, TestPluginCache.DiscoverTestExtensions: finding test extensions in assemblies ends with: RuntimeProvider.dll TPluginInfo: Microsoft.VisualStudio.TestPlatform.Common.ExtensionFramework.Utilities.TestRuntimePluginInformation TExtension: Microsoft.VisualStudio.TestPlatform.ObjectModel.Host.ITestRuntimeProvider
TpTrace Verbose: 0 : 33027, 1, 2024/04/25, 18:42:13.339, 592577561023791, vstest.console.dll, TestPluginCache.GetExtensionPaths: Filtered extension paths: 
TpTrace Verbose: 0 : 33027, 1, 2024/04/25, 18:42:13.339, 592577561052500, vstest.console.dll, TestPluginCache.GetExtensionPaths: Added default extension paths: /usr/local/share/dotnet/sdk/8.0.203/Extensions/Microsoft.VisualStudio.TestPlatform.Extensions.Trx.TestLogger.dll
/usr/local/share/dotnet/sdk/8.0.203/Extensions/Microsoft.Diagnostics.NETCore.Client.dll
/usr/local/share/dotnet/sdk/8.0.203/Extensions/Microsoft.TestPlatform.Extensions.BlameDataCollector.dll
/usr/local/share/dotnet/sdk/8.0.203/Extensions/Microsoft.TestPlatform.TestHostRuntimeProvider.dll
/usr/local/share/dotnet/sdk/8.0.203/Extensions/Microsoft.TestPlatform.Extensions.EventLogCollector.dll
/usr/local/share/dotnet/sdk/8.0.203/Extensions/Microsoft.VisualStudio.TestPlatform.Extensions.Html.TestLogger.dll
TpTrace Verbose: 0 : 33027, 1, 2024/04/25, 18:42:13.339, 592577561064500, vstest.console.dll, TestPluginCache.GetExtensionPaths: Added unfilterableExtensionPaths: 
TpTrace Information: 0 : 33027, 1, 2024/04/25, 18:42:13.340, 592577561265416, vstest.console.dll, AssemblyResolver.ctor: Creating AssemblyResolver with searchDirectories /usr/local/share/dotnet/sdk/8.0.203/Extensions,/usr/local/share/dotnet/sdk/8.0.203
TpTrace Verbose: 0 : 33027, 1, 2024/04/25, 18:42:13.340, 592577561587291, vstest.console.dll, TestPluginCache.DiscoverTestExtensions: Discovering the extensions using extension path.
TpTrace Verbose: 0 : 33027, 1, 2024/04/25, 18:42:13.340, 592577561621208, vstest.console.dll, TestPluginCache.GetExtensionPaths: Filtered extension paths: 
TpTrace Verbose: 0 : 33027, 1, 2024/04/25, 18:42:13.340, 592577561631291, vstest.console.dll, TestPluginCache.GetExtensionPaths: Added default extension paths: /usr/local/share/dotnet/sdk/8.0.203/Extensions/Microsoft.VisualStudio.TestPlatform.Extensions.Trx.TestLogger.dll
/usr/local/share/dotnet/sdk/8.0.203/Extensions/Microsoft.Diagnostics.NETCore.Client.dll
/usr/local/share/dotnet/sdk/8.0.203/Extensions/Microsoft.TestPlatform.Extensions.BlameDataCollector.dll
/usr/local/share/dotnet/sdk/8.0.203/Extensions/Microsoft.TestPlatform.TestHostRuntimeProvider.dll
/usr/local/share/dotnet/sdk/8.0.203/Extensions/Microsoft.TestPlatform.Extensions.EventLogCollector.dll
/usr/local/share/dotnet/sdk/8.0.203/Extensions/Microsoft.VisualStudio.TestPlatform.Extensions.Html.TestLogger.dll
TpTrace Verbose: 0 : 33027, 1, 2024/04/25, 18:42:13.340, 592577561639875, vstest.console.dll, TestPluginCache.GetExtensionPaths: Added unfilterableExtensionPaths: 
TpTrace Verbose: 0 : 33027, 1, 2024/04/25, 18:42:13.340, 592577561672416, vstest.console.dll, TestPluginCache.DiscoverTestExtensions: Discovering the extensions using allExtensionPaths: /usr/local/share/dotnet/sdk/8.0.203/Extensions/Microsoft.VisualStudio.TestPlatform.Extensions.Trx.TestLogger.dll
/usr/local/share/dotnet/sdk/8.0.203/Extensions/Microsoft.Diagnostics.NETCore.Client.dll
/usr/local/share/dotnet/sdk/8.0.203/Extensions/Microsoft.TestPlatform.Extensions.BlameDataCollector.dll
/usr/local/share/dotnet/sdk/8.0.203/Extensions/Microsoft.TestPlatform.TestHostRuntimeProvider.dll
/usr/local/share/dotnet/sdk/8.0.203/Extensions/Microsoft.TestPlatform.Extensions.EventLogCollector.dll
/usr/local/share/dotnet/sdk/8.0.203/Extensions/Microsoft.VisualStudio.TestPlatform.Extensions.Html.TestLogger.dll
TpTrace Information: 0 : 33027, 1, 2024/04/25, 18:42:13.340, 592577561708333, vstest.console.dll, AssemblyResolver.AddSearchDirectories: Adding more searchDirectories /usr/local/share/dotnet/sdk/8.0.203/Extensions,/usr/local/share/dotnet/sdk/8.0.203
TpTrace Information: 0 : 33027, 1, 2024/04/25, 18:42:13.340, 592577561724208, vstest.console.dll, AssemblyResolver.AddSearchDirectories: Adding more searchDirectories /usr/local/share/dotnet/sdk/8.0.203/Extensions,/usr/local/share/dotnet/sdk/8.0.203
TpTrace Information: 0 : 33027, 1, 2024/04/25, 18:42:13.340, 592577561732583, vstest.console.dll, AssemblyResolver.AddSearchDirectories: Adding more searchDirectories /usr/local/share/dotnet/sdk/8.0.203/Extensions,/usr/local/share/dotnet/sdk/8.0.203
TpTrace Information: 0 : 33027, 1, 2024/04/25, 18:42:13.340, 592577561740083, vstest.console.dll, AssemblyResolver.AddSearchDirectories: Adding more searchDirectories /usr/local/share/dotnet/sdk/8.0.203/Extensions,/usr/local/share/dotnet/sdk/8.0.203
TpTrace Information: 0 : 33027, 1, 2024/04/25, 18:42:13.340, 592577561746916, vstest.console.dll, AssemblyResolver.AddSearchDirectories: Adding more searchDirectories /usr/local/share/dotnet/sdk/8.0.203/Extensions,/usr/local/share/dotnet/sdk/8.0.203
TpTrace Information: 0 : 33027, 1, 2024/04/25, 18:42:13.340, 592577561753458, vstest.console.dll, AssemblyResolver.AddSearchDirectories: Adding more searchDirectories /usr/local/share/dotnet/sdk/8.0.203/Extensions,/usr/local/share/dotnet/sdk/8.0.203
TpTrace Information: 0 : 33027, 1, 2024/04/25, 18:42:13.340, 592577561868458, vstest.console.dll, AssemblyResolver.OnResolve: Microsoft.VisualStudio.TestPlatform.Extensions.Trx.TestLogger: Resolving assembly.
TpTrace Information: 0 : 33027, 1, 2024/04/25, 18:42:13.340, 592577561895375, vstest.console.dll, AssemblyResolver.OnResolve: Microsoft.VisualStudio.TestPlatform.Extensions.Trx.TestLogger: Searching in: '/usr/local/share/dotnet/sdk/8.0.203/Extensions'.
TpTrace Information: 0 : 33027, 1, 2024/04/25, 18:42:13.344, 592577565301833, vstest.console.dll, AssemblyResolver.OnResolve: Microsoft.VisualStudio.TestPlatform.Extensions.Trx.TestLogger: Loading assembly '/usr/local/share/dotnet/sdk/8.0.203/Extensions/Microsoft.VisualStudio.TestPlatform.Extensions.Trx.TestLogger.dll'.
TpTrace Information: 0 : 33027, 1, 2024/04/25, 18:42:13.344, 592577565965500, vstest.console.dll, AssemblyResolver.OnResolve: Resolved assembly: Microsoft.VisualStudio.TestPlatform.Extensions.Trx.TestLogger, from path: /usr/local/share/dotnet/sdk/8.0.203/Extensions/Microsoft.VisualStudio.TestPlatform.Extensions.Trx.TestLogger.dll
TpTrace Verbose: 0 : 33027, 1, 2024/04/25, 18:42:13.346, 592577567976625, vstest.console.dll, MetadataReaderExtensionsHelper: Discovering extensions inside assembly 'Microsoft.VisualStudio.TestPlatform.Extensions.Trx.TestLogger, Version=15.0.0.0, Culture=neutral, PublicKeyToken=b03f5f7f11d50a3a' file path '/usr/local/share/dotnet/sdk/8.0.203/Extensions/Microsoft.VisualStudio.TestPlatform.Extensions.Trx.TestLogger.dll'
TpTrace Information: 0 : 33027, 1, 2024/04/25, 18:42:13.347, 592577568676208, vstest.console.dll, AssemblyResolver.OnResolve: Microsoft.Diagnostics.NETCore.Client: Resolving assembly.
TpTrace Information: 0 : 33027, 1, 2024/04/25, 18:42:13.347, 592577568707875, vstest.console.dll, AssemblyResolver.OnResolve: Microsoft.Diagnostics.NETCore.Client: Searching in: '/usr/local/share/dotnet/sdk/8.0.203/Extensions'.
TpTrace Information: 0 : 33027, 1, 2024/04/25, 18:42:13.348, 592577570155125, vstest.console.dll, AssemblyResolver.OnResolve: Microsoft.Diagnostics.NETCore.Client: Loading assembly '/usr/local/share/dotnet/sdk/8.0.203/Extensions/Microsoft.Diagnostics.NETCore.Client.dll'.
TpTrace Information: 0 : 33027, 1, 2024/04/25, 18:42:13.349, 592577570735166, vstest.console.dll, AssemblyResolver.OnResolve: Resolved assembly: Microsoft.Diagnostics.NETCore.Client, from path: /usr/local/share/dotnet/sdk/8.0.203/Extensions/Microsoft.Diagnostics.NETCore.Client.dll
TpTrace Verbose: 0 : 33027, 1, 2024/04/25, 18:42:13.349, 592577570753750, vstest.console.dll, MetadataReaderExtensionsHelper: Discovering extensions inside assembly 'Microsoft.Diagnostics.NETCore.Client, Version=0.2.9.2401, Culture=neutral, PublicKeyToken=31bf3856ad364e35' file path '/usr/local/share/dotnet/sdk/8.0.203/Extensions/Microsoft.Diagnostics.NETCore.Client.dll'
TpTrace Information: 0 : 33027, 1, 2024/04/25, 18:42:13.350, 592577571859041, vstest.console.dll, AssemblyResolver.OnResolve: Microsoft.Bcl.AsyncInterfaces: Resolving assembly.
TpTrace Information: 0 : 33027, 1, 2024/04/25, 18:42:13.350, 592577571877041, vstest.console.dll, AssemblyResolver.OnResolve: Microsoft.Bcl.AsyncInterfaces: Searching in: '/usr/local/share/dotnet/sdk/8.0.203/Extensions'.
TpTrace Information: 0 : 33027, 1, 2024/04/25, 18:42:13.350, 592577571891208, vstest.console.dll, AssemblyResolver.OnResolve: Microsoft.Bcl.AsyncInterfaces: Assembly path does not exist: '/usr/local/share/dotnet/sdk/8.0.203/Extensions/Microsoft.Bcl.AsyncInterfaces.dll', returning.
TpTrace Information: 0 : 33027, 1, 2024/04/25, 18:42:13.350, 592577571900041, vstest.console.dll, AssemblyResolver.OnResolve: Microsoft.Bcl.AsyncInterfaces: Assembly path does not exist: '/usr/local/share/dotnet/sdk/8.0.203/Extensions/Microsoft.Bcl.AsyncInterfaces.exe', returning.
TpTrace Information: 0 : 33027, 1, 2024/04/25, 18:42:13.350, 592577571906375, vstest.console.dll, AssemblyResolver.OnResolve: Microsoft.Bcl.AsyncInterfaces: Searching in: '/usr/local/share/dotnet/sdk/8.0.203'.
TpTrace Information: 0 : 33027, 1, 2024/04/25, 18:42:13.350, 592577571914041, vstest.console.dll, AssemblyResolver.OnResolve: Microsoft.Bcl.AsyncInterfaces: Assembly path does not exist: '/usr/local/share/dotnet/sdk/8.0.203/Microsoft.Bcl.AsyncInterfaces.dll', returning.
TpTrace Information: 0 : 33027, 1, 2024/04/25, 18:42:13.350, 592577571921458, vstest.console.dll, AssemblyResolver.OnResolve: Microsoft.Bcl.AsyncInterfaces: Assembly path does not exist: '/usr/local/share/dotnet/sdk/8.0.203/Microsoft.Bcl.AsyncInterfaces.exe', returning.
TpTrace Information: 0 : 33027, 1, 2024/04/25, 18:42:13.350, 592577571927333, vstest.console.dll, AssemblyResolver.OnResolve: Microsoft.Bcl.AsyncInterfaces: Failed to load assembly.
TpTrace Verbose: 0 : 33027, 1, 2024/04/25, 18:42:13.350, 592577571936500, vstest.console.dll, CurrentDomainAssemblyResolve: Resolving assembly 'Microsoft.Bcl.AsyncInterfaces'.
TpTrace Information: 0 : 33027, 1, 2024/04/25, 18:42:13.350, 592577571949916, vstest.console.dll, AssemblyResolver.OnResolve: Microsoft.Bcl.AsyncInterfaces: Resolving assembly.
TpTrace Information: 0 : 33027, 1, 2024/04/25, 18:42:13.350, 592577571961291, vstest.console.dll, AssemblyResolver.OnResolve: Microsoft.Bcl.AsyncInterfaces: Resolved from cache.
TpTrace Verbose: 0 : 33027, 1, 2024/04/25, 18:42:13.350, 592577571968041, vstest.console.dll, CurrentDomainAssemblyResolve: Resolving assembly 'Microsoft.Bcl.AsyncInterfaces'.
TpTrace Verbose: 0 : 33027, 1, 2024/04/25, 18:42:13.350, 592577571976708, vstest.console.dll, CurrentDomainAssemblyResolve: Failed to resolve assembly 'Microsoft.Bcl.AsyncInterfaces'.
TpTrace Verbose: 0 : 33027, 1, 2024/04/25, 18:42:13.351, 592577572572791, vstest.console.dll, CurrentDomainAssemblyResolve: Failed to resolve assembly 'Microsoft.Bcl.AsyncInterfaces'.
TpTrace Warning: 0 : 33027, 1, 2024/04/25, 18:42:13.355, 592577577139458, vstest.console.dll, TestPluginDiscoverer: Failed to get types from assembly 'Microsoft.Diagnostics.NETCore.Client, Version=0.2.9.2401, Culture=neutral, PublicKeyToken=31bf3856ad364e35'. Error: System.Reflection.ReflectionTypeLoadException: Unable to load one or more of the requested types.
Could not load file or assembly 'Microsoft.Bcl.AsyncInterfaces, Version=6.0.0.0, Culture=neutral, PublicKeyToken=cc7b13ffcd2ddd51'. The system cannot find the file specified.

   at System.Reflection.RuntimeModule.GetTypes(RuntimeModule module)
   at System.Reflection.RuntimeModule.GetTypes()
   at Microsoft.VisualStudio.TestPlatform.Common.ExtensionFramework.TestPluginDiscoverer.GetTestExtensionsFromAssembly[TPluginInfo,TExtension](Assembly assembly, Dictionary`2 pluginInfos, String filePath) in /_/src/Microsoft.TestPlatform.Common/ExtensionFramework/TestPluginDiscoverer.cs:line 158
System.IO.FileNotFoundException: Could not load file or assembly 'Microsoft.Bcl.AsyncInterfaces, Version=6.0.0.0, Culture=neutral, PublicKeyToken=cc7b13ffcd2ddd51'. The system cannot find the file specified.

File name: 'Microsoft.Bcl.AsyncInterfaces, Version=6.0.0.0, Culture=neutral, PublicKeyToken=cc7b13ffcd2ddd51'
 ---> System.IO.FileNotFoundException: Could not load file or assembly 'Microsoft.Bcl.AsyncInterfaces, Culture=neutral, PublicKeyToken=null'. The system cannot find the file specified.

File name: 'Microsoft.Bcl.AsyncInterfaces, Culture=neutral, PublicKeyToken=null'
   at System.Reflection.RuntimeAssembly.InternalLoad(AssemblyName assemblyName, StackCrawlMark& stackMark, AssemblyLoadContext assemblyLoadContext, RuntimeAssembly requestingAssembly, Boolean throwOnFileNotFound)
   at System.Reflection.Assembly.Load(AssemblyName assemblyRef)
   at Microsoft.VisualStudio.TestPlatform.Common.ExtensionFramework.TestPluginCache.CurrentDomainAssemblyResolve(Object sender, AssemblyResolveEventArgs args) in /_/src/Microsoft.TestPlatform.Common/ExtensionFramework/TestPluginCache.cs:line 513
   at System.Runtime.Loader.AssemblyLoadContext.GetFirstResolvedAssemblyFromResolvingEvent(AssemblyName assemblyName)
   at System.Runtime.Loader.AssemblyLoadContext.ResolveUsingEvent(AssemblyName assemblyName)
   at System.Runtime.Loader.AssemblyLoadContext.ResolveUsingResolvingEvent(IntPtr gchManagedAssemblyLoadContext, AssemblyName assemblyName)
TpTrace Warning: 0 : 33027, 1, 2024/04/25, 18:42:13.356, 592577577249291, vstest.console.dll, LoaderExceptions: System.IO.FileNotFoundException: Could not load file or assembly 'Microsoft.Bcl.AsyncInterfaces, Version=6.0.0.0, Culture=neutral, PublicKeyToken=cc7b13ffcd2ddd51'. The system cannot find the file specified.

File name: 'Microsoft.Bcl.AsyncInterfaces, Version=6.0.0.0, Culture=neutral, PublicKeyToken=cc7b13ffcd2ddd51'
 ---> System.IO.FileNotFoundException: Could not load file or assembly 'Microsoft.Bcl.AsyncInterfaces, Culture=neutral, PublicKeyToken=null'. The system cannot find the file specified.

File name: 'Microsoft.Bcl.AsyncInterfaces, Culture=neutral, PublicKeyToken=null'
   at System.Reflection.RuntimeAssembly.InternalLoad(AssemblyName assemblyName, StackCrawlMark& stackMark, AssemblyLoadContext assemblyLoadContext, RuntimeAssembly requestingAssembly, Boolean throwOnFileNotFound)
   at System.Reflection.Assembly.Load(AssemblyName assemblyRef)
   at Microsoft.VisualStudio.TestPlatform.Common.ExtensionFramework.TestPluginCache.CurrentDomainAssemblyResolve(Object sender, AssemblyResolveEventArgs args) in /_/src/Microsoft.TestPlatform.Common/ExtensionFramework/TestPluginCache.cs:line 513
   at System.Runtime.Loader.AssemblyLoadContext.GetFirstResolvedAssemblyFromResolvingEvent(AssemblyName assemblyName)
   at System.Runtime.Loader.AssemblyLoadContext.ResolveUsingEvent(AssemblyName assemblyName)
   at System.Runtime.Loader.AssemblyLoadContext.ResolveUsingResolvingEvent(IntPtr gchManagedAssemblyLoadContext, AssemblyName assemblyName)
TpTrace Information: 0 : 33027, 1, 2024/04/25, 18:42:13.356, 592577577279166, vstest.console.dll, AssemblyResolver.OnResolve: Microsoft.TestPlatform.Extensions.BlameDataCollector: Resolving assembly.
TpTrace Information: 0 : 33027, 1, 2024/04/25, 18:42:13.356, 592577577300541, vstest.console.dll, AssemblyResolver.OnResolve: Microsoft.TestPlatform.Extensions.BlameDataCollector: Searching in: '/usr/local/share/dotnet/sdk/8.0.203/Extensions'.
TpTrace Information: 0 : 33027, 1, 2024/04/25, 18:42:13.356, 592577577702000, vstest.console.dll, AssemblyResolver.OnResolve: Microsoft.TestPlatform.Extensions.BlameDataCollector: Loading assembly '/usr/local/share/dotnet/sdk/8.0.203/Extensions/Microsoft.TestPlatform.Extensions.BlameDataCollector.dll'.
TpTrace Information: 0 : 33027, 1, 2024/04/25, 18:42:13.356, 592577577922625, vstest.console.dll, AssemblyResolver.OnResolve: Resolved assembly: Microsoft.TestPlatform.Extensions.BlameDataCollector, from path: /usr/local/share/dotnet/sdk/8.0.203/Extensions/Microsoft.TestPlatform.Extensions.BlameDataCollector.dll
TpTrace Verbose: 0 : 33027, 1, 2024/04/25, 18:42:13.356, 592577577943125, vstest.console.dll, MetadataReaderExtensionsHelper: Discovering extensions inside assembly 'Microsoft.TestPlatform.Extensions.BlameDataCollector, Version=15.0.0.0, Culture=neutral, PublicKeyToken=b03f5f7f11d50a3a' file path '/usr/local/share/dotnet/sdk/8.0.203/Extensions/Microsoft.TestPlatform.Extensions.BlameDataCollector.dll'
TpTrace Information: 0 : 33027, 1, 2024/04/25, 18:42:13.356, 592577578206833, vstest.console.dll, AssemblyResolver.OnResolve: Microsoft.TestPlatform.TestHostRuntimeProvider: Resolving assembly.
TpTrace Information: 0 : 33027, 1, 2024/04/25, 18:42:13.356, 592577578219583, vstest.console.dll, AssemblyResolver.OnResolve: Microsoft.TestPlatform.TestHostRuntimeProvider: Searching in: '/usr/local/share/dotnet/sdk/8.0.203/Extensions'.
TpTrace Information: 0 : 33027, 1, 2024/04/25, 18:42:13.357, 592577578445750, vstest.console.dll, AssemblyResolver.OnResolve: Microsoft.TestPlatform.TestHostRuntimeProvider: Loading assembly '/usr/local/share/dotnet/sdk/8.0.203/Extensions/Microsoft.TestPlatform.TestHostRuntimeProvider.dll'.
TpTrace Information: 0 : 33027, 1, 2024/04/25, 18:42:13.357, 592577578548250, vstest.console.dll, AssemblyResolver.OnResolve: Resolved assembly: Microsoft.TestPlatform.TestHostRuntimeProvider, from path: /usr/local/share/dotnet/sdk/8.0.203/Extensions/Microsoft.TestPlatform.TestHostRuntimeProvider.dll
TpTrace Verbose: 0 : 33027, 1, 2024/04/25, 18:42:13.357, 592577578562916, vstest.console.dll, MetadataReaderExtensionsHelper: Discovering extensions inside assembly 'Microsoft.TestPlatform.TestHostRuntimeProvider, Version=15.0.0.0, Culture=neutral, PublicKeyToken=b03f5f7f11d50a3a' file path '/usr/local/share/dotnet/sdk/8.0.203/Extensions/Microsoft.TestPlatform.TestHostRuntimeProvider.dll'
TpTrace Information: 0 : 33027, 1, 2024/04/25, 18:42:13.357, 592577579000583, vstest.console.dll, GetTestExtensionFromType: Register extension with identifier data 'HostProvider://DefaultTestHost' and type 'Microsoft.VisualStudio.TestPlatform.CrossPlatEngine.Hosting.DefaultTestHostManager, Microsoft.TestPlatform.TestHostRuntimeProvider, Version=15.0.0.0, Culture=neutral, PublicKeyToken=b03f5f7f11d50a3a' inside file '/usr/local/share/dotnet/sdk/8.0.203/Extensions/Microsoft.TestPlatform.TestHostRuntimeProvider.dll'
TpTrace Information: 0 : 33027, 1, 2024/04/25, 18:42:13.357, 592577579092166, vstest.console.dll, GetTestExtensionFromType: Register extension with identifier data 'HostProvider://DotnetTestHost' and type 'Microsoft.VisualStudio.TestPlatform.CrossPlatEngine.Hosting.DotnetTestHostManager, Microsoft.TestPlatform.TestHostRuntimeProvider, Version=15.0.0.0, Culture=neutral, PublicKeyToken=b03f5f7f11d50a3a' inside file '/usr/local/share/dotnet/sdk/8.0.203/Extensions/Microsoft.TestPlatform.TestHostRuntimeProvider.dll'
TpTrace Information: 0 : 33027, 1, 2024/04/25, 18:42:13.357, 592577579111458, vstest.console.dll, AssemblyResolver.OnResolve: Microsoft.TestPlatform.Extensions.EventLogCollector: Resolving assembly.
TpTrace Information: 0 : 33027, 1, 2024/04/25, 18:42:13.357, 592577579127083, vstest.console.dll, AssemblyResolver.OnResolve: Microsoft.TestPlatform.Extensions.EventLogCollector: Searching in: '/usr/local/share/dotnet/sdk/8.0.203/Extensions'.
TpTrace Information: 0 : 33027, 1, 2024/04/25, 18:42:13.358, 592577579432458, vstest.console.dll, AssemblyResolver.OnResolve: Microsoft.TestPlatform.Extensions.EventLogCollector: Loading assembly '/usr/local/share/dotnet/sdk/8.0.203/Extensions/Microsoft.TestPlatform.Extensions.EventLogCollector.dll'.
TpTrace Information: 0 : 33027, 1, 2024/04/25, 18:42:13.358, 592577580000083, vstest.console.dll, AssemblyResolver.OnResolve: Resolved assembly: Microsoft.TestPlatform.Extensions.EventLogCollector, from path: /usr/local/share/dotnet/sdk/8.0.203/Extensions/Microsoft.TestPlatform.Extensions.EventLogCollector.dll
TpTrace Verbose: 0 : 33027, 1, 2024/04/25, 18:42:13.358, 592577580026333, vstest.console.dll, MetadataReaderExtensionsHelper: Discovering extensions inside assembly 'Microsoft.TestPlatform.Extensions.EventLogCollector, Version=15.0.0.0, Culture=neutral, PublicKeyToken=b03f5f7f11d50a3a' file path '/usr/local/share/dotnet/sdk/8.0.203/Extensions/Microsoft.TestPlatform.Extensions.EventLogCollector.dll'
TpTrace Information: 0 : 33027, 1, 2024/04/25, 18:42:13.359, 592577580862166, vstest.console.dll, AssemblyResolver.OnResolve: Microsoft.VisualStudio.TestPlatform.Extensions.Html.TestLogger: Resolving assembly.
TpTrace Information: 0 : 33027, 1, 2024/04/25, 18:42:13.359, 592577580876583, vstest.console.dll, AssemblyResolver.OnResolve: Microsoft.VisualStudio.TestPlatform.Extensions.Html.TestLogger: Searching in: '/usr/local/share/dotnet/sdk/8.0.203/Extensions'.
TpTrace Information: 0 : 33027, 1, 2024/04/25, 18:42:13.359, 592577581076541, vstest.console.dll, AssemblyResolver.OnResolve: Microsoft.VisualStudio.TestPlatform.Extensions.Html.TestLogger: Loading assembly '/usr/local/share/dotnet/sdk/8.0.203/Extensions/Microsoft.VisualStudio.TestPlatform.Extensions.Html.TestLogger.dll'.
TpTrace Information: 0 : 33027, 1, 2024/04/25, 18:42:13.359, 592577581172041, vstest.console.dll, AssemblyResolver.OnResolve: Resolved assembly: Microsoft.VisualStudio.TestPlatform.Extensions.Html.TestLogger, from path: /usr/local/share/dotnet/sdk/8.0.203/Extensions/Microsoft.VisualStudio.TestPlatform.Extensions.Html.TestLogger.dll
TpTrace Verbose: 0 : 33027, 1, 2024/04/25, 18:42:13.359, 592577581187250, vstest.console.dll, MetadataReaderExtensionsHelper: Discovering extensions inside assembly 'Microsoft.VisualStudio.TestPlatform.Extensions.Html.TestLogger, Version=15.0.0.0, Culture=neutral, PublicKeyToken=b03f5f7f11d50a3a' file path '/usr/local/share/dotnet/sdk/8.0.203/Extensions/Microsoft.VisualStudio.TestPlatform.Extensions.Html.TestLogger.dll'
TpTrace Verbose: 0 : 33027, 1, 2024/04/25, 18:42:13.360, 592577581413541, vstest.console.dll, TestPluginCache: Discovered the extensions using extension path ''.
TpTrace Verbose: 0 : 33027, 1, 2024/04/25, 18:42:13.360, 592577581426541, vstest.console.dll, TestPluginCache: Discoverers are ''.
TpTrace Verbose: 0 : 33027, 1, 2024/04/25, 18:42:13.360, 592577581433500, vstest.console.dll, TestPluginCache: Executors are ''.
TpTrace Verbose: 0 : 33027, 1, 2024/04/25, 18:42:13.360, 592577581441916, vstest.console.dll, TestPluginCache: Executors2 are ''.
TpTrace Verbose: 0 : 33027, 1, 2024/04/25, 18:42:13.360, 592577581447791, vstest.console.dll, TestPluginCache: Setting providers are ''.
TpTrace Verbose: 0 : 33027, 1, 2024/04/25, 18:42:13.360, 592577581453791, vstest.console.dll, TestPluginCache: Loggers are ''.
TpTrace Verbose: 0 : 33027, 1, 2024/04/25, 18:42:13.360, 592577581517958, vstest.console.dll, TestPluginCache: TestHosts are 'HostProvider://DefaultTestHost,HostProvider://DotnetTestHost'.
TpTrace Verbose: 0 : 33027, 1, 2024/04/25, 18:42:13.360, 592577581527791, vstest.console.dll, TestPluginCache: DataCollectors are ''.
TpTrace Information: 0 : 33027, 1, 2024/04/25, 18:42:13.365, 592577586645208, vstest.console.dll, RunTestsArgumentProcessor:Execute: Test run is starting.
TpTrace Verbose: 0 : 33027, 1, 2024/04/25, 18:42:13.365, 592577586672583, vstest.console.dll, RunTestsArgumentProcessor:Execute: Queuing Test run.
TpTrace Information: 0 : 33027, 1, 2024/04/25, 18:42:13.365, 592577586748958, vstest.console.dll, TestRequestManager.RunTests: run tests started.
TpTrace Information: 0 : 33027, 1, 2024/04/25, 18:42:13.366, 592577587416916, vstest.console.dll, AssemblyMetadataProvider.GetFrameworkName: Determined framework:'.NETCoreApp,Version=v8.0' for source: '/Users/marco.mendes/code/exemplos-codigos-para-docs/irrf-regra-testes-unidade/src/bin/Debug/net8.0/irrf-regra-testes-unidade.dll'
TpTrace Information: 0 : 33027, 1, 2024/04/25, 18:42:13.366, 592577587470208, vstest.console.dll, Determined framework for all sources: .NETCoreApp,Version=v8.0
TpTrace Verbose: 0 : 33027, 1, 2024/04/25, 18:42:13.366, 592577587558208, vstest.console.dll, TestRequestManager.UpdateRunSettingsIfRequired: Default architecture: ARM64 IsDefaultTargetArchitecture: True, Current process architecture: ARM64 OperatingSystem: OSX.
TpTrace Information: 0 : 33027, 1, 2024/04/25, 18:42:13.367, 592577588285875, vstest.console.dll, AssemblyMetadataProvider.GetArchitecture: Determined architecture:AnyCPU info for assembly: /Users/marco.mendes/code/exemplos-codigos-para-docs/irrf-regra-testes-unidade/src/bin/Debug/net8.0/irrf-regra-testes-unidade.dll
TpTrace Information: 0 : 33027, 1, 2024/04/25, 18:42:13.367, 592577588299666, vstest.console.dll, Determined platform for source '/Users/marco.mendes/code/exemplos-codigos-para-docs/irrf-regra-testes-unidade/src/bin/Debug/net8.0/irrf-regra-testes-unidade.dll' was AnyCPU and it will use the default plaform ARM64.
TpTrace Information: 0 : 33027, 1, 2024/04/25, 18:42:13.367, 592577588308125, vstest.console.dll, None of the sources provided any runnable platform, using the default platform: ARM64
TpTrace Information: 0 : 33027, 1, 2024/04/25, 18:42:13.367, 592577588360041, vstest.console.dll, Platform was updated to 'ARM64'.
TpTrace Information: 0 : 33027, 1, 2024/04/25, 18:42:13.367, 592577589195791, vstest.console.dll, Compatible sources list: 
TpTrace Information: 0 : 33027, 1, 2024/04/25, 18:42:13.367, 592577589219333, vstest.console.dll, /Users/marco.mendes/code/exemplos-codigos-para-docs/irrf-regra-testes-unidade/src/bin/Debug/net8.0/irrf-regra-testes-unidade.dll
TpTrace Information: 0 : 33027, 1, 2024/04/25, 18:42:13.368, 592577590118250, vstest.console.dll, InferRunSettingsHelper.IsTestSettingsEnabled: Unable to navigate to RunSettings/MSTest. Current node: RunSettings
TpTrace Information: 0 : 33027, 1, 2024/04/25, 18:42:13.369, 592577590323666, vstest.console.dll, AssemblyResolver.OnResolve: Microsoft.VisualStudio.TestPlatform.Fakes: Resolving assembly.
TpTrace Information: 0 : 33027, 1, 2024/04/25, 18:42:13.369, 592577590341500, vstest.console.dll, AssemblyResolver.OnResolve: Microsoft.VisualStudio.TestPlatform.Fakes: Searching in: '/usr/local/share/dotnet/sdk/8.0.203/Extensions'.
TpTrace Information: 0 : 33027, 1, 2024/04/25, 18:42:13.369, 592577590356291, vstest.console.dll, AssemblyResolver.OnResolve: Microsoft.VisualStudio.TestPlatform.Fakes: Assembly path does not exist: '/usr/local/share/dotnet/sdk/8.0.203/Extensions/Microsoft.VisualStudio.TestPlatform.Fakes.dll', returning.
TpTrace Information: 0 : 33027, 1, 2024/04/25, 18:42:13.369, 592577590366458, vstest.console.dll, AssemblyResolver.OnResolve: Microsoft.VisualStudio.TestPlatform.Fakes: Assembly path does not exist: '/usr/local/share/dotnet/sdk/8.0.203/Extensions/Microsoft.VisualStudio.TestPlatform.Fakes.exe', returning.
TpTrace Information: 0 : 33027, 1, 2024/04/25, 18:42:13.369, 592577590373458, vstest.console.dll, AssemblyResolver.OnResolve: Microsoft.VisualStudio.TestPlatform.Fakes: Searching in: '/usr/local/share/dotnet/sdk/8.0.203'.
TpTrace Information: 0 : 33027, 1, 2024/04/25, 18:42:13.369, 592577590381500, vstest.console.dll, AssemblyResolver.OnResolve: Microsoft.VisualStudio.TestPlatform.Fakes: Assembly path does not exist: '/usr/local/share/dotnet/sdk/8.0.203/Microsoft.VisualStudio.TestPlatform.Fakes.dll', returning.
TpTrace Information: 0 : 33027, 1, 2024/04/25, 18:42:13.369, 592577590396166, vstest.console.dll, AssemblyResolver.OnResolve: Microsoft.VisualStudio.TestPlatform.Fakes: Assembly path does not exist: '/usr/local/share/dotnet/sdk/8.0.203/Microsoft.VisualStudio.TestPlatform.Fakes.exe', returning.
TpTrace Information: 0 : 33027, 1, 2024/04/25, 18:42:13.369, 592577590403000, vstest.console.dll, AssemblyResolver.OnResolve: Microsoft.VisualStudio.TestPlatform.Fakes: Failed to load assembly.
TpTrace Information: 0 : 33027, 1, 2024/04/25, 18:42:13.369, 592577590527625, vstest.console.dll, Failed to load assembly Microsoft.VisualStudio.TestPlatform.Fakes, Version=17.0.0.0, Culture=neutral. Reason:System.IO.FileNotFoundException: Could not load file or assembly 'Microsoft.VisualStudio.TestPlatform.Fakes, Version=17.0.0.0, Culture=neutral, PublicKeyToken=null'. The system cannot find the file specified.

File name: 'Microsoft.VisualStudio.TestPlatform.Fakes, Version=17.0.0.0, Culture=neutral, PublicKeyToken=null'
   at System.Reflection.RuntimeAssembly.InternalLoad(AssemblyName assemblyName, StackCrawlMark& stackMark, AssemblyLoadContext assemblyLoadContext, RuntimeAssembly requestingAssembly, Boolean throwOnFileNotFound)
   at System.Reflection.Assembly.Load(AssemblyName assemblyRef)
   at Microsoft.VisualStudio.TestPlatform.Common.Utilities.FakesUtilities.LoadTestPlatformAssembly() in /_/src/Microsoft.TestPlatform.Common/Utilities/FakesUtilities.cs:line 272
TpTrace Verbose: 0 : 33027, 1, 2024/04/25, 18:42:13.374, 592577595695833, vstest.console.dll, TestEngine: Initializing Parallel Execution as MaxCpuCount is set to: 1
TpTrace Information: 0 : 33027, 1, 2024/04/25, 18:42:13.375, 592577596357041, vstest.console.dll, TestPluginManager.CreateTestExtension: Attempting to load test extension: Microsoft.VisualStudio.TestPlatform.CrossPlatEngine.Hosting.DefaultTestHostManager
TpTrace Information: 0 : 33027, 1, 2024/04/25, 18:42:13.375, 592577596496125, vstest.console.dll, TestPluginManager.CreateTestExtension: Attempting to load test extension: Microsoft.VisualStudio.TestPlatform.CrossPlatEngine.Hosting.DotnetTestHostManager
TpTrace Information: 0 : 33027, 1, 2024/04/25, 18:42:13.375, 592577596729208, vstest.console.dll, InferRunSettingsHelper.IsTestSettingsEnabled: Unable to navigate to RunSettings/MSTest. Current node: RunSettings
TpTrace Verbose: 0 : 33027, 1, 2024/04/25, 18:42:13.375, 592577596937125, vstest.console.dll, ParallelOperationManager.ClearSlots: Clearing all slots. Slots should accept more work: True
TpTrace Verbose: 0 : 33027, 1, 2024/04/25, 18:42:13.375, 592577597210291, vstest.console.dll, ParallelOperationManager.SetOccupiedSlotCount: Setting slot counts AvailableSlotCount = 1, OccupiedSlotCount = 0.
TpTrace Verbose: 0 : 33027, 1, 2024/04/25, 18:42:13.376, 592577597343541, vstest.console.dll, Occupied slots:

TpTrace Verbose: 0 : 33027, 1, 2024/04/25, 18:42:13.377, 592577598953083, vstest.console.dll, TestEngine.GetExecutionManager: Chosen execution manager 'Microsoft.VisualStudio.TestPlatform.CrossPlatEngine.Client.Parallel.ParallelProxyExecutionManager, Microsoft.TestPlatform.CrossPlatEngine, Version=15.0.0.0, Culture=neutral, PublicKeyToken=b03f5f7f11d50a3a' ParallelLevel '1'.
TpTrace Verbose: 0 : 33027, 1, 2024/04/25, 18:42:13.377, 592577598996666, vstest.console.dll, TestRunRequest.ExecuteAsync: Creating test run request.
TpTrace Verbose: 0 : 33027, 1, 2024/04/25, 18:42:13.377, 592577599216833, vstest.console.dll, TestRunRequest.ExecuteAsync: Starting.
TpTrace Information: 0 : 33027, 1, 2024/04/25, 18:42:13.378, 592577599567708, vstest.console.dll, TestRunRequest.ExecuteAsync: Starting run with settings:TestRunCriteria:
   KeepAlive=False,FrequencyOfRunStatsChangeEvent=10,RunStatsChangeEventTimeout=00:00:01.5000000,TestCaseFilter=,TestExecutorLauncher=
   Settingsxml=<RunSettings>
  <RunConfiguration>
    <ResultsDirectory>/Users/marco.mendes/code/exemplos-codigos-para-docs/irrf-regra-testes-unidade/src/TestResults</ResultsDirectory>
    <TargetPlatform>ARM64</TargetPlatform>
    <TargetFrameworkVersion>.NETCoreApp,Version=v8.0</TargetFrameworkVersion>
    <DesignMode>False</DesignMode>
    <CollectSourceInformation>False</CollectSourceInformation>
  </RunConfiguration>
  <LoggerRunSettings>
    <Loggers>
      <Logger friendlyName="Console" assemblyQualifiedName="Microsoft.VisualStudio.TestPlatform.CommandLine.Internal.ConsoleLogger, vstest.console, Version=15.0.0.0, Culture=neutral, PublicKeyToken=b03f5f7f11d50a3a" codeBase="/usr/local/share/dotnet/sdk/8.0.203/vstest.console.dll" enabled="True">
        <Configuration>
          <Verbosity>minimal</Verbosity>
        </Configuration>
      </Logger>
    </Loggers>
  </LoggerRunSettings>
</RunSettings>

TpTrace Verbose: 0 : 33027, 1, 2024/04/25, 18:42:13.378, 592577599598125, vstest.console.dll, TestRunRequest.ExecuteAsync: Wait for the first run request is over.
TpTrace Verbose: 0 : 33027, 1, 2024/04/25, 18:42:13.378, 592577599708416, vstest.console.dll, MulticastDelegateUtilities.SafeInvoke: TestRun.TestRunStart: Invoking callbacks was skipped because there are no subscribers.
TpTrace Verbose: 0 : 33027, 4, 2024/04/25, 18:42:13.378, 592577599813083, vstest.console.dll, MulticastDelegateUtilities.SafeInvoke: InternalTestLoggerEvents.SendTestRunStart: Invoking callback 1/1 for Microsoft.VisualStudio.TestPlatform.CommandLine.Internal.ConsoleLogger., took 0 ms.
TpTrace Verbose: 0 : 33027, 1, 2024/04/25, 18:42:13.378, 592577600157666, vstest.console.dll, ParallelProxyExecutionManager: Start execution. Total sources: 1
TpTrace Verbose: 0 : 33027, 1, 2024/04/25, 18:42:13.379, 592577600299041, vstest.console.dll, ParallelOperationManager.StartWork: Starting adding 1 workloads.
TpTrace Verbose: 0 : 33027, 1, 2024/04/25, 18:42:13.379, 592577600318541, vstest.console.dll, ParallelOperationManager.ClearSlots: Clearing all slots. Slots should accept more work: True
TpTrace Verbose: 0 : 33027, 1, 2024/04/25, 18:42:13.379, 592577600342916, vstest.console.dll, ParallelOperationManager.SetOccupiedSlotCount: Setting slot counts AvailableSlotCount = 1, OccupiedSlotCount = 0.
TpTrace Verbose: 0 : 33027, 1, 2024/04/25, 18:42:13.379, 592577600354208, vstest.console.dll, Occupied slots:

TpTrace Verbose: 0 : 33027, 1, 2024/04/25, 18:42:13.379, 592577600864333, vstest.console.dll, TestRequestSender is acting as server.
TpTrace Verbose: 0 : 33027, 1, 2024/04/25, 18:42:13.379, 592577600949875, vstest.console.dll, ParallelOperationManager.RunWorkInParallel: Adding 1 workload to slot, remaining workloads 0.
TpTrace Verbose: 0 : 33027, 1, 2024/04/25, 18:42:13.379, 592577600961333, vstest.console.dll, ParallelOperationManager.SetOccupiedSlotCount: Setting slot counts AvailableSlotCount = 0, OccupiedSlotCount = 1.
TpTrace Verbose: 0 : 33027, 1, 2024/04/25, 18:42:13.379, 592577600995750, vstest.console.dll, Occupied slots:
0: /Users/marco.mendes/code/exemplos-codigos-para-docs/irrf-regra-testes-unidade/src/bin/Debug/net8.0/irrf-regra-testes-unidade.dll
TpTrace Verbose: 0 : 33027, 1, 2024/04/25, 18:42:13.380, 592577601426708, vstest.console.dll, ParallelOperationManager.RunWorkInParallel: Started host in slot number 0 for work (source): /Users/marco.mendes/code/exemplos-codigos-para-docs/irrf-regra-testes-unidade/src/bin/Debug/net8.0/irrf-regra-testes-unidade.dll.
TpTrace Verbose: 0 : 33027, 1, 2024/04/25, 18:42:13.380, 592577601741708, vstest.console.dll, ParallelOperationManager.RunWorkInParallel: We started 1 work items, which is the max parallel level. Won't start more work.
TpTrace Verbose: 0 : 33027, 1, 2024/04/25, 18:42:13.380, 592577601754083, vstest.console.dll, ParallelOperationManager.RunWorkInParallel: We started 1 work items in here, returning True.
TpTrace Information: 0 : 33027, 1, 2024/04/25, 18:42:13.380, 592577601765458, vstest.console.dll, TestRunRequest.ExecuteAsync: Started.
TpTrace Verbose: 0 : 33027, 5, 2024/04/25, 18:42:13.380, 592577601874541, vstest.console.dll, ParallelProxyExecutionManager.StartTestRunOnConcurrentManager: Initializing uninitialized client. Started clients: 0
TpTrace Verbose: 0 : 33027, 5, 2024/04/25, 18:42:13.380, 592577601892500, vstest.console.dll, ParallelProxyExecutionManager.StartTestRunOnConcurrentManager: Initializing test run. Started clients: 0
TpTrace Verbose: 0 : 33027, 5, 2024/04/25, 18:42:13.380, 592577601938458, vstest.console.dll, ProxyExecutionManager: Test host is always Lazy initialize.
TpTrace Verbose: 0 : 33027, 5, 2024/04/25, 18:42:13.380, 592577602054333, vstest.console.dll, TestRequestSender.InitializeCommunication: initialize communication. 
TpTrace Verbose: 0 : 33027, 1, 2024/04/25, 18:42:13.380, 592577602082500, vstest.console.dll, TestRunRequest.WaitForCompletion: Waiting with timeout -1.
TpTrace Information: 0 : 33027, 5, 2024/04/25, 18:42:13.383, 592577605113333, vstest.console.dll, SocketServer.Start: Listening on endpoint : 127.0.0.1:57200
TpTrace Verbose: 0 : 33027, 5, 2024/04/25, 18:42:13.385, 592577606882750, vstest.console.dll, DotnetTestHostmanager.GetTestHostProcessStartInfo: Platform environment 'ARM64' target architecture 'ARM64' framework '.NETCoreApp,Version=v8.0' OS 'OSX'
TpTrace Verbose: 0 : 33027, 5, 2024/04/25, 18:42:13.385, 592577606957833, vstest.console.dll, DotnetTestHostmanager: Adding  --runtimeconfig "/Users/marco.mendes/code/exemplos-codigos-para-docs/irrf-regra-testes-unidade/src/bin/Debug/net8.0/irrf-regra-testes-unidade.runtimeconfig.json" in args
TpTrace Verbose: 0 : 33027, 5, 2024/04/25, 18:42:13.385, 592577606973625, vstest.console.dll, DotnetTestHostmanager: Adding  --depsfile "/Users/marco.mendes/code/exemplos-codigos-para-docs/irrf-regra-testes-unidade/src/bin/Debug/net8.0/irrf-regra-testes-unidade.deps.json" in args
TpTrace Information: 0 : 33027, 5, 2024/04/25, 18:42:13.385, 592577607005250, vstest.console.dll, AssemblyResolver.OnResolve: Microsoft.Extensions.DependencyModel: Resolving assembly.
TpTrace Information: 0 : 33027, 5, 2024/04/25, 18:42:13.385, 592577607028416, vstest.console.dll, AssemblyResolver.OnResolve: Microsoft.Extensions.DependencyModel: Searching in: '/usr/local/share/dotnet/sdk/8.0.203/Extensions'.
TpTrace Information: 0 : 33027, 5, 2024/04/25, 18:42:13.385, 592577607041416, vstest.console.dll, AssemblyResolver.OnResolve: Microsoft.Extensions.DependencyModel: Assembly path does not exist: '/usr/local/share/dotnet/sdk/8.0.203/Extensions/Microsoft.Extensions.DependencyModel.dll', returning.
TpTrace Information: 0 : 33027, 5, 2024/04/25, 18:42:13.385, 592577607050625, vstest.console.dll, AssemblyResolver.OnResolve: Microsoft.Extensions.DependencyModel: Assembly path does not exist: '/usr/local/share/dotnet/sdk/8.0.203/Extensions/Microsoft.Extensions.DependencyModel.exe', returning.
TpTrace Information: 0 : 33027, 5, 2024/04/25, 18:42:13.385, 592577607057000, vstest.console.dll, AssemblyResolver.OnResolve: Microsoft.Extensions.DependencyModel: Searching in: '/usr/local/share/dotnet/sdk/8.0.203'.
TpTrace Information: 0 : 33027, 5, 2024/04/25, 18:42:13.386, 592577607718125, vstest.console.dll, AssemblyResolver.OnResolve: Microsoft.Extensions.DependencyModel: Loading assembly '/usr/local/share/dotnet/sdk/8.0.203/Microsoft.Extensions.DependencyModel.dll'.
TpTrace Information: 0 : 33027, 5, 2024/04/25, 18:42:13.386, 592577607911416, vstest.console.dll, AssemblyResolver.OnResolve: Resolved assembly: Microsoft.Extensions.DependencyModel, from path: /usr/local/share/dotnet/sdk/8.0.203/Microsoft.Extensions.DependencyModel.dll
TpTrace Verbose: 0 : 33027, 5, 2024/04/25, 18:42:13.386, 592577608116958, vstest.console.dll, DotnetTestHostmanager: Runtimeconfig.dev.json /Users/marco.mendes/code/exemplos-codigos-para-docs/irrf-regra-testes-unidade/src/bin/Debug/net8.0/irrf-regra-testes-unidade.runtimeconfig.dev.json does not exist.
TpTrace Verbose: 0 : 33027, 5, 2024/04/25, 18:42:13.386, 592577608130875, vstest.console.dll, DotnetTestHostManager: Found testhost.dll in source directory: /Users/marco.mendes/code/exemplos-codigos-para-docs/irrf-regra-testes-unidade/src/bin/Debug/net8.0/testhost.dll.
TpTrace Verbose: 0 : 33027, 5, 2024/04/25, 18:42:13.386, 592577608158625, vstest.console.dll, DotnetTestHostmanager: Current process architetcure 'ARM64'
TpTrace Verbose: 0 : 33027, 5, 2024/04/25, 18:42:13.386, 592577608186416, vstest.console.dll, DotnetTestHostmanager.LaunchTestHostAsync: Compatible muxer architecture of running process 'ARM64' and target architecture 'ARM64'
TpTrace Verbose: 0 : 33027, 5, 2024/04/25, 18:42:13.386, 592577608209458, vstest.console.dll, DotnetTestHostmanager: Full path of testhost.dll is /Users/marco.mendes/code/exemplos-codigos-para-docs/irrf-regra-testes-unidade/src/bin/Debug/net8.0/testhost.dll
TpTrace Verbose: 0 : 33027, 5, 2024/04/25, 18:42:13.386, 592577608220291, vstest.console.dll, DotnetTestHostmanager: Full path of host exe is /usr/local/share/dotnet/dotnet
TpTrace Verbose: 0 : 33027, 5, 2024/04/25, 18:42:13.387, 592577608309291, vstest.console.dll, DotnetTestHostManager: Starting process '/usr/local/share/dotnet/dotnet' with command line 'exec --runtimeconfig "/Users/marco.mendes/code/exemplos-codigos-para-docs/irrf-regra-testes-unidade/src/bin/Debug/net8.0/irrf-regra-testes-unidade.runtimeconfig.json" --depsfile "/Users/marco.mendes/code/exemplos-codigos-para-docs/irrf-regra-testes-unidade/src/bin/Debug/net8.0/irrf-regra-testes-unidade.deps.json" "/Users/marco.mendes/code/exemplos-codigos-para-docs/irrf-regra-testes-unidade/src/bin/Debug/net8.0/testhost.dll" --port 57200 --endpoint 127.0.0.1:057200 --role client --parentprocessid 33027 --diag "/Users/marco.mendes/code/exemplos-codigos-para-docs/irrf-regra-testes-unidade/log.host.24-04-25_18-42-13_38547_5.txt" --tracelevel 4 --telemetryoptedin false'
TpTrace Verbose: 0 : 33027, 5, 2024/04/25, 18:42:13.404, 592577625809958, vstest.console.dll, Test Runtime launched
TpTrace Verbose: 0 : 33027, 5, 2024/04/25, 18:42:13.404, 592577625958958, vstest.console.dll, MulticastDelegateUtilities.SafeInvoke: HostProviderEvents.OnHostLaunched: Invoking callback 1/1 for Microsoft.VisualStudio.TestPlatform.CrossPlatEngine.Client.ProxyOperationManager., took 0 ms.
TpTrace Verbose: 0 : 33027, 5, 2024/04/25, 18:42:13.404, 592577626127000, vstest.console.dll, TestRequestSender.WaitForRequestHandlerConnection: waiting for connection with timeout: 90000.
TpTrace Verbose: 0 : 33027, 5, 2024/04/25, 18:42:13.486, 592577708152250, vstest.console.dll, TestRequestSender.WaitForRequestHandlerConnection: waiting took 82 ms, with timeout 90000 ms, and result 0, which is success.
TpTrace Verbose: 0 : 33027, 11, 2024/04/25, 18:42:13.486, 592577708152291, vstest.console.dll, MulticastDelegateUtilities.SafeInvoke: SocketServer: ClientConnected: Invoking callback 1/1 for Microsoft.VisualStudio.TestPlatform.CommunicationUtilities.TestRequestSender., took 0 ms.
TpTrace Verbose: 0 : 33027, 11, 2024/04/25, 18:42:13.487, 592577708231791, vstest.console.dll, SocketServer.OnClientConnected: Client connected for endPoint: 127.0.0.1:57200, starting MessageLoopAsync:
TpTrace Verbose: 0 : 33027, 7, 2024/04/25, 18:42:13.487, 592577708494750, vstest.console.dll, TcpClientExtensions.MessageLoopAsync: Polling on remoteEndPoint: 127.0.0.1:57201 localEndPoint: 127.0.0.1:57200 after 0 ms
TpTrace Verbose: 0 : 33027, 5, 2024/04/25, 18:42:13.526, 592577748007833, vstest.console.dll, TestRequestSender.CheckVersionWithTestHost: Sending check version message: {"MessageType":"ProtocolVersion","Payload":7}
TpTrace Verbose: 0 : 33027, 7, 2024/04/25, 18:42:13.534, 592577755308625, vstest.console.dll, TcpClientExtensions.MessageLoopAsync: NotifyDataAvailable remoteEndPoint: 127.0.0.1:57201 localEndPoint: 127.0.0.1:57200
TpTrace Verbose: 0 : 33027, 7, 2024/04/25, 18:42:13.534, 592577755462333, vstest.console.dll, TestRequestSender.CheckVersionWithTestHost: onMessageReceived received message: (TestSession.Message) -> {"MessageType":"TestSession.Message","Payload":{"MessageLevel":0,"Message":"Logging TestHost Diagnostics in file: /Users/marco.mendes/code/exemplos-codigos-para-docs/irrf-regra-testes-unidade/log.host.24-04-25_18-42-13_38547_5.txt"}}
TpTrace Verbose: 0 : 33027, 7, 2024/04/25, 18:42:13.534, 592577755490541, vstest.console.dll, MulticastDelegateUtilities.SafeInvoke: LengthPrefixCommunicationChannel: MessageReceived: Invoking callback 1/1 for Microsoft.VisualStudio.TestPlatform.CommunicationUtilities.TestRequestSender+<>c__DisplayClass29_0., took 0 ms.
TpTrace Verbose: 0 : 33027, 7, 2024/04/25, 18:42:13.534, 592577755514833, vstest.console.dll, TcpClientExtensions.MessageLoopAsync: Polling on remoteEndPoint: 127.0.0.1:57201 localEndPoint: 127.0.0.1:57200 after 46 ms
TpTrace Verbose: 0 : 33027, 5, 2024/04/25, 18:42:13.534, 592577755550583, vstest.console.dll, TestPluginCache.GetExtensionPaths: Filtered extension paths: 
TpTrace Verbose: 0 : 33027, 5, 2024/04/25, 18:42:13.534, 592577755578916, vstest.console.dll, TestPluginCache.GetExtensionPaths: Added default extension paths: /usr/local/share/dotnet/sdk/8.0.203/Extensions/Microsoft.VisualStudio.TestPlatform.Extensions.Trx.TestLogger.dll
/usr/local/share/dotnet/sdk/8.0.203/Extensions/Microsoft.Diagnostics.NETCore.Client.dll
/usr/local/share/dotnet/sdk/8.0.203/Extensions/Microsoft.TestPlatform.Extensions.BlameDataCollector.dll
/usr/local/share/dotnet/sdk/8.0.203/Extensions/Microsoft.TestPlatform.TestHostRuntimeProvider.dll
/usr/local/share/dotnet/sdk/8.0.203/Extensions/Microsoft.TestPlatform.Extensions.EventLogCollector.dll
/usr/local/share/dotnet/sdk/8.0.203/Extensions/Microsoft.VisualStudio.TestPlatform.Extensions.Html.TestLogger.dll
TpTrace Verbose: 0 : 33027, 5, 2024/04/25, 18:42:13.534, 592577755590333, vstest.console.dll, TestPluginCache.GetExtensionPaths: Added unfilterableExtensionPaths: 
TpTrace Verbose: 0 : 33027, 5, 2024/04/25, 18:42:13.536, 592577757237750, vstest.console.dll, TestRequestSender.InitializeExecution: Sending initialize execution with message: {"MessageType":"TestExecution.Initialize","Payload":["/Users/marco.mendes/code/exemplos-codigos-para-docs/irrf-regra-testes-unidade/src/bin/Debug/net8.0/xunit.runner.visualstudio.dotnetcore.testadapter.dll"]}
TpTrace Verbose: 0 : 33027, 5, 2024/04/25, 18:42:13.536, 592577757284125, vstest.console.dll, ParallelProxyExecutionManager.StartTestRunOnConcurrentManager: Execution starting. Started clients: 1
TpTrace Warning: 0 : 33027, 5, 2024/04/25, 18:42:13.536, 592577757500583, vstest.console.dll, InferRunSettingsHelper.MakeRunsettingsCompatible: Removing the following settings: TargetPlatform from RunSettings file. To use those settings please move to latest version of Microsoft.NET.Test.Sdk
TpTrace Verbose: 0 : 33027, 5, 2024/04/25, 18:42:13.539, 592577761104916, vstest.console.dll, TestRequestSender.StartTestRun: Sending test run with message: {"MessageType":"TestExecution.StartWithSources","Payload":{"AdapterSourceMap":{"_none_":["/Users/marco.mendes/code/exemplos-codigos-para-docs/irrf-regra-testes-unidade/src/bin/Debug/net8.0/irrf-regra-testes-unidade.dll"]},"RunSettings":"<RunSettings>\n  <RunConfiguration>\n    <ResultsDirectory>/Users/marco.mendes/code/exemplos-codigos-para-docs/irrf-regra-testes-unidade/src/TestResults</ResultsDirectory>\n    <TargetFrameworkVersion>.NETCoreApp,Version=v8.0</TargetFrameworkVersion>\n    <DesignMode>False</DesignMode>\n    <CollectSourceInformation>False</CollectSourceInformation>\n  </RunConfiguration>\n  <LoggerRunSettings>\n    <Loggers>\n      <Logger friendlyName=\"Console\" assemblyQualifiedName=\"Microsoft.VisualStudio.TestPlatform.CommandLine.Internal.ConsoleLogger, vstest.console, Version=15.0.0.0, Culture=neutral, PublicKeyToken=b03f5f7f11d50a3a\" codeBase=\"/usr/local/share/dotnet/sdk/8.0.203/vstest.console.dll\" enabled=\"True\">\n        <Configuration>\n          <Verbosity>minimal</Verbosity>\n        </Configuration>\n      </Logger>\n    </Loggers>\n  </LoggerRunSettings>\n</RunSettings>","TestExecutionContext":{"FrequencyOfRunStatsChangeEvent":10,"RunStatsChangeEventTimeout":"00:00:01.5000000","InIsolation":false,"KeepAlive":false,"AreTestCaseLevelEventsRequired":false,"IsDebug":false,"TestCaseFilter":null,"FilterOptions":null},"Package":null}}
TpTrace Verbose: 0 : 33027, 5, 2024/04/25, 18:42:13.539, 592577761155416, vstest.console.dll, ParallelProxyExecutionManager.StartTestRunOnConcurrentManager: Execution started. Started clients: 1
TpTrace Verbose: 0 : 33027, 7, 2024/04/25, 18:42:13.577, 592577798719750, vstest.console.dll, TcpClientExtensions.MessageLoopAsync: NotifyDataAvailable remoteEndPoint: 127.0.0.1:57201 localEndPoint: 127.0.0.1:57200
TpTrace Verbose: 0 : 33027, 7, 2024/04/25, 18:42:13.577, 592577798955625, vstest.console.dll, TestRequestSender.OnExecutionMessageReceived: Received message: {"MessageType":"TestSession.Message","Payload":{"MessageLevel":0,"Message":"[xUnit.net 00:00:00.00] xUnit.net VSTest Adapter v2.4.1 (64-bit .NET 8.0.3)"}}
TpTrace Verbose: 0 : 33027, 7, 2024/04/25, 18:42:13.580, 592577801269541, vstest.console.dll, TestRunRequest:SendTestRunMessage: Starting.
TpTrace Verbose: 0 : 33027, 7, 2024/04/25, 18:42:13.580, 592577801383708, vstest.console.dll, MulticastDelegateUtilities.SafeInvoke: TestRun.LogMessages: Invoking callback 1/1 for Microsoft.VisualStudio.TestPlatform.CommandLine.TestRunResultAggregator., took 0 ms.
TpTrace Information: 0 : 33027, 7, 2024/04/25, 18:42:13.580, 592577801397375, vstest.console.dll, TestRunRequest:SendTestRunMessage: Completed.
TpTrace Verbose: 0 : 33027, 7, 2024/04/25, 18:42:13.580, 592577801408333, vstest.console.dll, MulticastDelegateUtilities.SafeInvoke: LengthPrefixCommunicationChannel: MessageReceived: Invoking callback 1/1 for Microsoft.VisualStudio.TestPlatform.CommunicationUtilities.TestRequestSender+<>c__DisplayClass34_0., took 2 ms.
TpTrace Verbose: 0 : 33027, 7, 2024/04/25, 18:42:13.580, 592577801419333, vstest.console.dll, TcpClientExtensions.MessageLoopAsync: Polling on remoteEndPoint: 127.0.0.1:57201 localEndPoint: 127.0.0.1:57200 after 45 ms
TpTrace Verbose: 0 : 33027, 4, 2024/04/25, 18:42:13.580, 592577801484416, vstest.console.dll, MulticastDelegateUtilities.SafeInvoke: InternalTestLoggerEvents.SendTestRunMessage: Invoking callback 1/1 for Microsoft.VisualStudio.TestPlatform.CommandLine.Internal.ConsoleLogger., took 0 ms.
TpTrace Verbose: 0 : 33027, 7, 2024/04/25, 18:42:13.803, 592578024677708, vstest.console.dll, TcpClientExtensions.MessageLoopAsync: NotifyDataAvailable remoteEndPoint: 127.0.0.1:57201 localEndPoint: 127.0.0.1:57200
TpTrace Verbose: 0 : 33027, 7, 2024/04/25, 18:42:13.803, 592578024894833, vstest.console.dll, TestRequestSender.OnExecutionMessageReceived: Received message: {"MessageType":"TestSession.Message","Payload":{"MessageLevel":0,"Message":"[xUnit.net 00:00:00.22]   Discovering: irrf-regra-testes-unidade"}}
TpTrace Verbose: 0 : 33027, 7, 2024/04/25, 18:42:13.803, 592578025189000, vstest.console.dll, TestRunRequest:SendTestRunMessage: Starting.
TpTrace Verbose: 0 : 33027, 7, 2024/04/25, 18:42:13.804, 592578025262083, vstest.console.dll, MulticastDelegateUtilities.SafeInvoke: TestRun.LogMessages: Invoking callback 1/1 for Microsoft.VisualStudio.TestPlatform.CommandLine.TestRunResultAggregator., took 0 ms.
TpTrace Information: 0 : 33027, 7, 2024/04/25, 18:42:13.804, 592578025278250, vstest.console.dll, TestRunRequest:SendTestRunMessage: Completed.
TpTrace Verbose: 0 : 33027, 4, 2024/04/25, 18:42:13.804, 592578025289208, vstest.console.dll, MulticastDelegateUtilities.SafeInvoke: InternalTestLoggerEvents.SendTestRunMessage: Invoking callback 1/1 for Microsoft.VisualStudio.TestPlatform.CommandLine.Internal.ConsoleLogger., took 0 ms.
TpTrace Verbose: 0 : 33027, 7, 2024/04/25, 18:42:13.804, 592578025293750, vstest.console.dll, MulticastDelegateUtilities.SafeInvoke: LengthPrefixCommunicationChannel: MessageReceived: Invoking callback 1/1 for Microsoft.VisualStudio.TestPlatform.CommunicationUtilities.TestRequestSender+<>c__DisplayClass34_0., took 0 ms.
TpTrace Verbose: 0 : 33027, 7, 2024/04/25, 18:42:13.804, 592578025360708, vstest.console.dll, TcpClientExtensions.MessageLoopAsync: Polling on remoteEndPoint: 127.0.0.1:57201 localEndPoint: 127.0.0.1:57200 after 223 ms
TpTrace Verbose: 0 : 33027, 7, 2024/04/25, 18:42:13.808, 592578029869916, vstest.console.dll, TcpClientExtensions.MessageLoopAsync: NotifyDataAvailable remoteEndPoint: 127.0.0.1:57201 localEndPoint: 127.0.0.1:57200
TpTrace Verbose: 0 : 33027, 7, 2024/04/25, 18:42:13.808, 592578029958083, vstest.console.dll, TestRequestSender.OnExecutionMessageReceived: Received message: {"MessageType":"TestSession.Message","Payload":{"MessageLevel":0,"Message":"[xUnit.net 00:00:00.23]   Discovered:  irrf-regra-testes-unidade"}}
TpTrace Verbose: 0 : 33027, 7, 2024/04/25, 18:42:13.808, 592578030096583, vstest.console.dll, TestRunRequest:SendTestRunMessage: Starting.
TpTrace Verbose: 0 : 33027, 7, 2024/04/25, 18:42:13.808, 592578030133666, vstest.console.dll, MulticastDelegateUtilities.SafeInvoke: TestRun.LogMessages: Invoking callback 1/1 for Microsoft.VisualStudio.TestPlatform.CommandLine.TestRunResultAggregator., took 0 ms.
TpTrace Information: 0 : 33027, 7, 2024/04/25, 18:42:13.808, 592578030146791, vstest.console.dll, TestRunRequest:SendTestRunMessage: Completed.
TpTrace Verbose: 0 : 33027, 7, 2024/04/25, 18:42:13.808, 592578030210375, vstest.console.dll, MulticastDelegateUtilities.SafeInvoke: LengthPrefixCommunicationChannel: MessageReceived: Invoking callback 1/1 for Microsoft.VisualStudio.TestPlatform.CommunicationUtilities.TestRequestSender+<>c__DisplayClass34_0., took 0 ms.
TpTrace Verbose: 0 : 33027, 4, 2024/04/25, 18:42:13.808, 592578030152708, vstest.console.dll, MulticastDelegateUtilities.SafeInvoke: InternalTestLoggerEvents.SendTestRunMessage: Invoking callback 1/1 for Microsoft.VisualStudio.TestPlatform.CommandLine.Internal.ConsoleLogger., took 0 ms.
TpTrace Verbose: 0 : 33027, 7, 2024/04/25, 18:42:13.809, 592578030225833, vstest.console.dll, TcpClientExtensions.MessageLoopAsync: Polling on remoteEndPoint: 127.0.0.1:57201 localEndPoint: 127.0.0.1:57200 after 4 ms
TpTrace Verbose: 0 : 33027, 7, 2024/04/25, 18:42:13.810, 592578031729750, vstest.console.dll, TcpClientExtensions.MessageLoopAsync: NotifyDataAvailable remoteEndPoint: 127.0.0.1:57201 localEndPoint: 127.0.0.1:57200
TpTrace Verbose: 0 : 33027, 7, 2024/04/25, 18:42:13.810, 592578031798166, vstest.console.dll, TestRequestSender.OnExecutionMessageReceived: Received message: {"MessageType":"TestSession.Message","Payload":{"MessageLevel":1,"Message":"No h nenhum teste disponvel em /Users/marco.mendes/code/exemplos-codigos-para-docs/irrf-regra-testes-unidade/src/bin/Debug/net8.0/irrf-regra-testes-unidade.dll. Verifique se as configuraes de verso dos discoverers, dos executores, da plataforma e da estrutura esto corretas e tente novamente."}}
TpTrace Verbose: 0 : 33027, 7, 2024/04/25, 18:42:13.810, 592578031942791, vstest.console.dll, TestRunRequest:SendTestRunMessage: Starting.
TpTrace Verbose: 0 : 33027, 7, 2024/04/25, 18:42:13.810, 592578031995583, vstest.console.dll, MulticastDelegateUtilities.SafeInvoke: TestRun.LogMessages: Invoking callback 1/1 for Microsoft.VisualStudio.TestPlatform.CommandLine.TestRunResultAggregator., took 0 ms.
TpTrace Information: 0 : 33027, 7, 2024/04/25, 18:42:13.810, 592578032023333, vstest.console.dll, TestRunRequest:SendTestRunMessage: Completed.
TpTrace Verbose: 0 : 33027, 7, 2024/04/25, 18:42:13.810, 592578032054125, vstest.console.dll, MulticastDelegateUtilities.SafeInvoke: LengthPrefixCommunicationChannel: MessageReceived: Invoking callback 1/1 for Microsoft.VisualStudio.TestPlatform.CommunicationUtilities.TestRequestSender+<>c__DisplayClass34_0., took 0 ms.
TpTrace Verbose: 0 : 33027, 7, 2024/04/25, 18:42:13.810, 592578032096666, vstest.console.dll, TcpClientExtensions.MessageLoopAsync: Polling on remoteEndPoint: 127.0.0.1:57201 localEndPoint: 127.0.0.1:57200 after 1 ms
TpTrace Verbose: 0 : 33027, 4, 2024/04/25, 18:42:13.811, 592578032923250, vstest.console.dll, MulticastDelegateUtilities.SafeInvoke: InternalTestLoggerEvents.SendTestRunMessage: Invoking callback 1/1 for Microsoft.VisualStudio.TestPlatform.CommandLine.Internal.ConsoleLogger., took 0 ms.
TpTrace Verbose: 0 : 33027, 7, 2024/04/25, 18:42:13.822, 592578043704958, vstest.console.dll, TcpClientExtensions.MessageLoopAsync: NotifyDataAvailable remoteEndPoint: 127.0.0.1:57201 localEndPoint: 127.0.0.1:57200
TpTrace Verbose: 0 : 33027, 7, 2024/04/25, 18:42:13.822, 592578043861250, vstest.console.dll, TestRequestSender.OnExecutionMessageReceived: Received message: {"MessageType":"TestExecution.Completed","Payload":{"TestRunCompleteArgs":{"TestRunStatistics":{"ExecutedTests":0,"Stats":{}},"IsCanceled":false,"IsAborted":false,"Error":null,"AttachmentSets":[],"ElapsedTimeInRunningTests":"00:00:00.2344362"},"LastRunTests":{"NewTestResults":[],"TestRunStatistics":{"ExecutedTests":0,"Stats":{}},"ActiveTests":[]},"RunAttachments":[],"ExecutorUris":[]}}
TpTrace Verbose: 0 : 33027, 7, 2024/04/25, 18:42:13.822, 592578043917541, vstest.console.dll, TestRequestSender.EndSession: Sending end session.
TpTrace Verbose: 0 : 33027, 7, 2024/04/25, 18:42:13.822, 592578044011458, vstest.console.dll, ProxyOperationManager.Close: waiting for test host to exit for 100 ms
TpTrace Verbose: 0 : 33027, 5, 2024/04/25, 18:42:13.831, 592578052386541, vstest.console.dll, TestHostManagerCallbacks.ctor: Experimental forwarding output is disabled.
TpTrace Warning: 0 : 33027, 5, 2024/04/25, 18:42:13.831, 592578052453000, vstest.console.dll, TestHostManagerCallbacks.ErrorReceivedCallback Test host standard error line: 
TpTrace Verbose: 0 : 33027, 5, 2024/04/25, 18:42:13.831, 592578053111000, vstest.console.dll, TestHostProvider.ExitCallBack: Host exited starting callback.
TpTrace Information: 0 : 33027, 5, 2024/04/25, 18:42:13.831, 592578053160125, vstest.console.dll, TestHostManagerCallbacks.ExitCallBack: Testhost processId: 33030 exited with exitcode: 0 error: ''
TpTrace Verbose: 0 : 33027, 5, 2024/04/25, 18:42:13.831, 592578053177083, vstest.console.dll, DotnetTestHostManager.OnHostExited: invoking OnHostExited callback
TpTrace Verbose: 0 : 33027, 5, 2024/04/25, 18:42:13.832, 592578053301875, vstest.console.dll, CrossPlatEngine.TestHostManagerHostExited: calling on client process exit callback.
TpTrace Information: 0 : 33027, 5, 2024/04/25, 18:42:13.832, 592578053328708, vstest.console.dll, TestRequestSender.OnClientProcessExit: Test host process exited. Standard error: 
TpTrace Information: 0 : 33027, 5, 2024/04/25, 18:42:13.832, 592578053348375, vstest.console.dll, SocketServer.Stop: Stop server endPoint: 127.0.0.1:57200
TpTrace Information: 0 : 33027, 5, 2024/04/25, 18:42:13.832, 592578053357583, vstest.console.dll, SocketServer.Stop: Cancellation requested. Stopping message loop.
TpTrace Information: 0 : 33027, 7, 2024/04/25, 18:42:13.832, 592578053360541, vstest.console.dll, SocketServer.Stop: Stop server endPoint: 127.0.0.1:57200
TpTrace Information: 0 : 33027, 7, 2024/04/25, 18:42:13.832, 592578053386708, vstest.console.dll, SocketServer.Stop: Cancellation requested. Stopping message loop.
TpTrace Verbose: 0 : 33027, 5, 2024/04/25, 18:42:13.832, 592578053393791, vstest.console.dll, MulticastDelegateUtilities.SafeInvoke: HostProviderEvents.OnHostExited: Invoking callback 1/1 for Microsoft.VisualStudio.TestPlatform.CrossPlatEngine.Client.ProxyOperationManager., took 0 ms.
TpTrace Information: 0 : 33027, 7, 2024/04/25, 18:42:13.832, 592578053404458, vstest.console.dll, Closing the connection
TpTrace Verbose: 0 : 33027, 7, 2024/04/25, 18:42:13.840, 592578061737416, vstest.console.dll, ParallelRunEventsHandler.HandleTestRunComplete: Handling a run completion, this can be either one part of parallel run completing, or the whole parallel run completing.
TpTrace Verbose: 0 : 33027, 7, 2024/04/25, 18:42:13.843, 592578064950708, vstest.console.dll, TestRunRequest:SendTestRunStatsChange: Starting.
TpTrace Verbose: 0 : 33027, 7, 2024/04/25, 18:42:13.843, 592578065053041, vstest.console.dll, MulticastDelegateUtilities.SafeInvoke: TestRun.RunStatsChanged: Invoking callbacks was skipped because there are no subscribers.
TpTrace Information: 0 : 33027, 7, 2024/04/25, 18:42:13.843, 592578065066416, vstest.console.dll, TestRunRequest:SendTestRunStatsChange: Completed.
TpTrace Verbose: 0 : 33027, 7, 2024/04/25, 18:42:13.843, 592578065210333, vstest.console.dll, ParallelProxyExecutionManager: HandlePartialRunComplete: Total workloads = 1, Total started clients = 1 Total completed clients = 1, Run complete = True, Run canceled: False.
TpTrace Verbose: 0 : 33027, 7, 2024/04/25, 18:42:13.843, 592578065221500, vstest.console.dll, ParallelProxyExecutionManager: HandlePartialRunComplete: All runs completed stopping all managers.
TpTrace Verbose: 0 : 33027, 7, 2024/04/25, 18:42:13.844, 592578065251708, vstest.console.dll, ParallelOperationManager.StopAllManagers: Stopping all managers.
TpTrace Verbose: 0 : 33027, 7, 2024/04/25, 18:42:13.844, 592578065263750, vstest.console.dll, ParallelOperationManager.ClearSlots: Clearing all slots. Slots should accept more work: False
TpTrace Verbose: 0 : 33027, 7, 2024/04/25, 18:42:13.844, 592578065296708, vstest.console.dll, ParallelOperationManager.SetOccupiedSlotCount: Setting slot counts AvailableSlotCount = 1, OccupiedSlotCount = 0.
TpTrace Verbose: 0 : 33027, 7, 2024/04/25, 18:42:13.844, 592578065308958, vstest.console.dll, Occupied slots:

TpTrace Verbose: 0 : 33027, 7, 2024/04/25, 18:42:13.844, 592578065316458, vstest.console.dll, ParallelRunEventsHandler.HandleTestRunComplete: Whole parallel run completed.
TpTrace Verbose: 0 : 33027, 4, 2024/04/25, 18:42:13.851, 592578072413000, vstest.console.dll, MulticastDelegateUtilities.SafeInvoke: InternalTestLoggerEvents.SendTestRunComplete: Invoking callback 1/1 for Microsoft.VisualStudio.TestPlatform.CommandLine.Internal.ConsoleLogger., took 1 ms.
TpTrace Verbose: 0 : 33027, 7, 2024/04/25, 18:42:13.851, 592578072555916, vstest.console.dll, TestRunRequest:TestRunComplete: Starting. IsAborted:False IsCanceled:False.
TpTrace Verbose: 0 : 33027, 7, 2024/04/25, 18:42:13.851, 592578072614208, vstest.console.dll, ParallelOperationManager.DoActionOnAllManagers: Calling an action on all managers.
TpTrace Verbose: 0 : 33027, 7, 2024/04/25, 18:42:13.851, 592578072977000, vstest.console.dll, TestLoggerManager.HandleTestRunComplete: Ignoring as the object is disposed.
TpTrace Verbose: 0 : 33027, 7, 2024/04/25, 18:42:13.852, 592578073273916, vstest.console.dll, MulticastDelegateUtilities.SafeInvoke: TestRun.TestRunComplete: Invoking callback 1/2 for Microsoft.VisualStudio.TestPlatform.CommandLine.TestRunResultAggregator., took 0 ms.
TpTrace Verbose: 0 : 33027, 7, 2024/04/25, 18:42:13.852, 592578073411750, vstest.console.dll, MulticastDelegateUtilities.SafeInvoke: TestRun.TestRunComplete: Invoking callback 2/2 for Microsoft.VisualStudio.TestPlatform.CommandLine.Processors.RunTestsArgumentExecutor+TestRunRequestEventsRegistrar., took 0 ms.
TpTrace Information: 0 : 33027, 7, 2024/04/25, 18:42:13.852, 592578073453791, vstest.console.dll, TestRunRequest:TestRunComplete: Completed.
TpTrace Verbose: 0 : 33027, 7, 2024/04/25, 18:42:13.852, 592578073471000, vstest.console.dll, TestRequestSender.SetOperationComplete: Setting operation complete.
TpTrace Verbose: 0 : 33027, 1, 2024/04/25, 18:42:13.852, 592578073473750, vstest.console.dll, TestRunRequest.Dispose: Starting.
TpTrace Information: 0 : 33027, 7, 2024/04/25, 18:42:13.852, 592578073480875, vstest.console.dll, SocketServer.Stop: Stop server endPoint: 127.0.0.1:57200
TpTrace Information: 0 : 33027, 1, 2024/04/25, 18:42:13.852, 592578073500541, vstest.console.dll, TestRunRequest.Dispose: Completed.
TpTrace Information: 0 : 33027, 7, 2024/04/25, 18:42:13.852, 592578073517375, vstest.console.dll, SocketServer.Stop: Cancellation requested. Stopping message loop.
TpTrace Information: 0 : 33027, 1, 2024/04/25, 18:42:13.852, 592578073523041, vstest.console.dll, TestRequestManager.RunTests: run tests completed.
TpTrace Verbose: 0 : 33027, 7, 2024/04/25, 18:42:13.852, 592578073535333, vstest.console.dll, MulticastDelegateUtilities.SafeInvoke: LengthPrefixCommunicationChannel: MessageReceived: Invoking callback 1/1 for Microsoft.VisualStudio.TestPlatform.CommunicationUtilities.TestRequestSender+<>c__DisplayClass34_0., took 29 ms.
TpTrace Information: 0 : 33027, 7, 2024/04/25, 18:42:13.852, 592578073554125, vstest.console.dll, SocketServer.PrivateStop: Stopping server endPoint: 127.0.0.1:57200 error: 
TpTrace Information: 0 : 33027, 1, 2024/04/25, 18:42:13.852, 592578073566416, vstest.console.dll, RunTestsArgumentProcessor:Execute: Test run is completed.
TpTrace Verbose: 0 : 33027, 7, 2024/04/25, 18:42:13.852, 592578073675416, vstest.console.dll, LengthPrefixCommunicationChannel.Dispose: Dispose reader and writer.
TpTrace Information: 0 : 33027, 7, 2024/04/25, 18:42:13.852, 592578073700666, vstest.console.dll, SocketServer.Stop: Raise disconnected event endPoint: 127.0.0.1:57200 error: 
TpTrace Verbose: 0 : 33027, 1, 2024/04/25, 18:42:13.852, 592578073727208, vstest.console.dll, Executor.Execute: Exiting with exit code of 0
TpTrace Verbose: 0 : 33027, 7, 2024/04/25, 18:42:13.852, 592578073748208, vstest.console.dll, TestRequestSender: OnTestRunAbort: Operation is already complete. Skip error message.
TpTrace Verbose: 0 : 33027, 7, 2024/04/25, 18:42:13.852, 592578073760125, vstest.console.dll, MulticastDelegateUtilities.SafeInvoke: SocketServer: ClientDisconnected: Invoking callback 1/1 for Microsoft.VisualStudio.TestPlatform.CommunicationUtilities.TestRequestSender., took 0 ms.
TpTrace Verbose: 0 : 33027, 7, 2024/04/25, 18:42:13.852, 592578073768833, vstest.console.dll, TcpClientExtensions.MessageLoopAsync: exiting MessageLoopAsync remoteEndPoint: 127.0.0.1:57201 localEndPoint: 127.0.0.1:57200
TpTrace Verbose: 0 : 33031, 1, 2024/04/25, 18:42:14.133, 592578354444375, vstest.console.dll, Version: 17.9.0-release-24072-02 Current process architecture: ARM64
TpTrace Verbose: 0 : 33031, 1, 2024/04/25, 18:42:14.135, 592578356780291, vstest.console.dll, Runtime location: /usr/local/share/dotnet/shared/Microsoft.NETCore.App/8.0.3
TpTrace Information: 0 : 33031, 1, 2024/04/25, 18:42:14.136, 592578357872250, vstest.console.dll, Using .Net Framework version:.NETCoreApp,Version=v8.0
TpTrace Verbose: 0 : 33031, 1, 2024/04/25, 18:42:14.136, 592578357908500, vstest.console.dll, ArtifactProcessingPostProcessModeProcessorExecutor.Initialize: ArtifactProcessingMode.Collect
TpTrace Verbose: 0 : 33031, 1, 2024/04/25, 18:42:14.136, 592578357939208, vstest.console.dll, TestSessionCorrelationIdProcessorModeProcessorExecutor.Initialize: TestSessionCorrelationId '33025_de5d4d0c-c83f-41e8-8ea3-11a809f8dc41'
TpTrace Information: 0 : 33031, 1, 2024/04/25, 18:42:14.137, 592578359044666, vstest.console.dll, FilePatternParser: The given file /Users/marco.mendes/code/exemplos-codigos-para-docs/irrf-regra-testes-unidade/test/bin/Debug/net8.0/irrf-regra-projeto-testes.dll is a full path.
TpTrace Verbose: 0 : 33031, 1, 2024/04/25, 18:42:14.139, 592578360694916, vstest.console.dll, TestPluginCache.DiscoverTestExtensions: finding test extensions in assemblies ends with: RuntimeProvider.dll TPluginInfo: Microsoft.VisualStudio.TestPlatform.Common.ExtensionFramework.Utilities.TestRuntimePluginInformation TExtension: Microsoft.VisualStudio.TestPlatform.ObjectModel.Host.ITestRuntimeProvider
TpTrace Verbose: 0 : 33031, 1, 2024/04/25, 18:42:14.139, 592578360891541, vstest.console.dll, TestPluginCache.GetExtensionPaths: Filtered extension paths: 
TpTrace Verbose: 0 : 33031, 1, 2024/04/25, 18:42:14.139, 592578360919333, vstest.console.dll, TestPluginCache.GetExtensionPaths: Added default extension paths: /usr/local/share/dotnet/sdk/8.0.203/Extensions/Microsoft.VisualStudio.TestPlatform.Extensions.Trx.TestLogger.dll
/usr/local/share/dotnet/sdk/8.0.203/Extensions/Microsoft.Diagnostics.NETCore.Client.dll
/usr/local/share/dotnet/sdk/8.0.203/Extensions/Microsoft.TestPlatform.Extensions.BlameDataCollector.dll
/usr/local/share/dotnet/sdk/8.0.203/Extensions/Microsoft.TestPlatform.TestHostRuntimeProvider.dll
/usr/local/share/dotnet/sdk/8.0.203/Extensions/Microsoft.TestPlatform.Extensions.EventLogCollector.dll
/usr/local/share/dotnet/sdk/8.0.203/Extensions/Microsoft.VisualStudio.TestPlatform.Extensions.Html.TestLogger.dll
TpTrace Verbose: 0 : 33031, 1, 2024/04/25, 18:42:14.139, 592578360930541, vstest.console.dll, TestPluginCache.GetExtensionPaths: Added unfilterableExtensionPaths: 
TpTrace Information: 0 : 33031, 1, 2024/04/25, 18:42:14.139, 592578361131708, vstest.console.dll, AssemblyResolver.ctor: Creating AssemblyResolver with searchDirectories /usr/local/share/dotnet/sdk/8.0.203/Extensions,/usr/local/share/dotnet/sdk/8.0.203
TpTrace Verbose: 0 : 33031, 1, 2024/04/25, 18:42:14.140, 592578361464416, vstest.console.dll, TestPluginCache.DiscoverTestExtensions: Discovering the extensions using extension path.
TpTrace Verbose: 0 : 33031, 1, 2024/04/25, 18:42:14.140, 592578361505791, vstest.console.dll, TestPluginCache.GetExtensionPaths: Filtered extension paths: 
TpTrace Verbose: 0 : 33031, 1, 2024/04/25, 18:42:14.140, 592578361515458, vstest.console.dll, TestPluginCache.GetExtensionPaths: Added default extension paths: /usr/local/share/dotnet/sdk/8.0.203/Extensions/Microsoft.VisualStudio.TestPlatform.Extensions.Trx.TestLogger.dll
/usr/local/share/dotnet/sdk/8.0.203/Extensions/Microsoft.Diagnostics.NETCore.Client.dll
/usr/local/share/dotnet/sdk/8.0.203/Extensions/Microsoft.TestPlatform.Extensions.BlameDataCollector.dll
/usr/local/share/dotnet/sdk/8.0.203/Extensions/Microsoft.TestPlatform.TestHostRuntimeProvider.dll
/usr/local/share/dotnet/sdk/8.0.203/Extensions/Microsoft.TestPlatform.Extensions.EventLogCollector.dll
/usr/local/share/dotnet/sdk/8.0.203/Extensions/Microsoft.VisualStudio.TestPlatform.Extensions.Html.TestLogger.dll
TpTrace Verbose: 0 : 33031, 1, 2024/04/25, 18:42:14.140, 592578361523208, vstest.console.dll, TestPluginCache.GetExtensionPaths: Added unfilterableExtensionPaths: 
TpTrace Verbose: 0 : 33031, 1, 2024/04/25, 18:42:14.140, 592578361542458, vstest.console.dll, TestPluginCache.DiscoverTestExtensions: Discovering the extensions using allExtensionPaths: /usr/local/share/dotnet/sdk/8.0.203/Extensions/Microsoft.VisualStudio.TestPlatform.Extensions.Trx.TestLogger.dll
/usr/local/share/dotnet/sdk/8.0.203/Extensions/Microsoft.Diagnostics.NETCore.Client.dll
/usr/local/share/dotnet/sdk/8.0.203/Extensions/Microsoft.TestPlatform.Extensions.BlameDataCollector.dll
/usr/local/share/dotnet/sdk/8.0.203/Extensions/Microsoft.TestPlatform.TestHostRuntimeProvider.dll
/usr/local/share/dotnet/sdk/8.0.203/Extensions/Microsoft.TestPlatform.Extensions.EventLogCollector.dll
/usr/local/share/dotnet/sdk/8.0.203/Extensions/Microsoft.VisualStudio.TestPlatform.Extensions.Html.TestLogger.dll
TpTrace Information: 0 : 33031, 1, 2024/04/25, 18:42:14.140, 592578361574625, vstest.console.dll, AssemblyResolver.AddSearchDirectories: Adding more searchDirectories /usr/local/share/dotnet/sdk/8.0.203/Extensions,/usr/local/share/dotnet/sdk/8.0.203
TpTrace Information: 0 : 33031, 1, 2024/04/25, 18:42:14.140, 592578361590125, vstest.console.dll, AssemblyResolver.AddSearchDirectories: Adding more searchDirectories /usr/local/share/dotnet/sdk/8.0.203/Extensions,/usr/local/share/dotnet/sdk/8.0.203
TpTrace Information: 0 : 33031, 1, 2024/04/25, 18:42:14.140, 592578361598583, vstest.console.dll, AssemblyResolver.AddSearchDirectories: Adding more searchDirectories /usr/local/share/dotnet/sdk/8.0.203/Extensions,/usr/local/share/dotnet/sdk/8.0.203
TpTrace Information: 0 : 33031, 1, 2024/04/25, 18:42:14.140, 592578361606333, vstest.console.dll, AssemblyResolver.AddSearchDirectories: Adding more searchDirectories /usr/local/share/dotnet/sdk/8.0.203/Extensions,/usr/local/share/dotnet/sdk/8.0.203
TpTrace Information: 0 : 33031, 1, 2024/04/25, 18:42:14.140, 592578361613375, vstest.console.dll, AssemblyResolver.AddSearchDirectories: Adding more searchDirectories /usr/local/share/dotnet/sdk/8.0.203/Extensions,/usr/local/share/dotnet/sdk/8.0.203
TpTrace Information: 0 : 33031, 1, 2024/04/25, 18:42:14.140, 592578361620125, vstest.console.dll, AssemblyResolver.AddSearchDirectories: Adding more searchDirectories /usr/local/share/dotnet/sdk/8.0.203/Extensions,/usr/local/share/dotnet/sdk/8.0.203
TpTrace Information: 0 : 33031, 1, 2024/04/25, 18:42:14.140, 592578361733541, vstest.console.dll, AssemblyResolver.OnResolve: Microsoft.VisualStudio.TestPlatform.Extensions.Trx.TestLogger: Resolving assembly.
TpTrace Information: 0 : 33031, 1, 2024/04/25, 18:42:14.140, 592578361760416, vstest.console.dll, AssemblyResolver.OnResolve: Microsoft.VisualStudio.TestPlatform.Extensions.Trx.TestLogger: Searching in: '/usr/local/share/dotnet/sdk/8.0.203/Extensions'.
TpTrace Information: 0 : 33031, 1, 2024/04/25, 18:42:14.143, 592578364381291, vstest.console.dll, AssemblyResolver.OnResolve: Microsoft.VisualStudio.TestPlatform.Extensions.Trx.TestLogger: Loading assembly '/usr/local/share/dotnet/sdk/8.0.203/Extensions/Microsoft.VisualStudio.TestPlatform.Extensions.Trx.TestLogger.dll'.
TpTrace Information: 0 : 33031, 1, 2024/04/25, 18:42:14.143, 592578364558583, vstest.console.dll, AssemblyResolver.OnResolve: Resolved assembly: Microsoft.VisualStudio.TestPlatform.Extensions.Trx.TestLogger, from path: /usr/local/share/dotnet/sdk/8.0.203/Extensions/Microsoft.VisualStudio.TestPlatform.Extensions.Trx.TestLogger.dll
TpTrace Verbose: 0 : 33031, 1, 2024/04/25, 18:42:14.145, 592578366524125, vstest.console.dll, MetadataReaderExtensionsHelper: Discovering extensions inside assembly 'Microsoft.VisualStudio.TestPlatform.Extensions.Trx.TestLogger, Version=15.0.0.0, Culture=neutral, PublicKeyToken=b03f5f7f11d50a3a' file path '/usr/local/share/dotnet/sdk/8.0.203/Extensions/Microsoft.VisualStudio.TestPlatform.Extensions.Trx.TestLogger.dll'
TpTrace Information: 0 : 33031, 1, 2024/04/25, 18:42:14.145, 592578367174750, vstest.console.dll, AssemblyResolver.OnResolve: Microsoft.Diagnostics.NETCore.Client: Resolving assembly.
TpTrace Information: 0 : 33031, 1, 2024/04/25, 18:42:14.145, 592578367193583, vstest.console.dll, AssemblyResolver.OnResolve: Microsoft.Diagnostics.NETCore.Client: Searching in: '/usr/local/share/dotnet/sdk/8.0.203/Extensions'.
TpTrace Information: 0 : 33031, 1, 2024/04/25, 18:42:14.146, 592578367263500, vstest.console.dll, AssemblyResolver.OnResolve: Microsoft.Diagnostics.NETCore.Client: Loading assembly '/usr/local/share/dotnet/sdk/8.0.203/Extensions/Microsoft.Diagnostics.NETCore.Client.dll'.
TpTrace Information: 0 : 33031, 1, 2024/04/25, 18:42:14.146, 592578367445625, vstest.console.dll, AssemblyResolver.OnResolve: Resolved assembly: Microsoft.Diagnostics.NETCore.Client, from path: /usr/local/share/dotnet/sdk/8.0.203/Extensions/Microsoft.Diagnostics.NETCore.Client.dll
TpTrace Verbose: 0 : 33031, 1, 2024/04/25, 18:42:14.146, 592578367463000, vstest.console.dll, MetadataReaderExtensionsHelper: Discovering extensions inside assembly 'Microsoft.Diagnostics.NETCore.Client, Version=0.2.9.2401, Culture=neutral, PublicKeyToken=31bf3856ad364e35' file path '/usr/local/share/dotnet/sdk/8.0.203/Extensions/Microsoft.Diagnostics.NETCore.Client.dll'
TpTrace Information: 0 : 33031, 1, 2024/04/25, 18:42:14.147, 592578368509000, vstest.console.dll, AssemblyResolver.OnResolve: Microsoft.Bcl.AsyncInterfaces: Resolving assembly.
TpTrace Information: 0 : 33031, 1, 2024/04/25, 18:42:14.147, 592578368523416, vstest.console.dll, AssemblyResolver.OnResolve: Microsoft.Bcl.AsyncInterfaces: Searching in: '/usr/local/share/dotnet/sdk/8.0.203/Extensions'.
TpTrace Information: 0 : 33031, 1, 2024/04/25, 18:42:14.147, 592578368533625, vstest.console.dll, AssemblyResolver.OnResolve: Microsoft.Bcl.AsyncInterfaces: Assembly path does not exist: '/usr/local/share/dotnet/sdk/8.0.203/Extensions/Microsoft.Bcl.AsyncInterfaces.dll', returning.
TpTrace Information: 0 : 33031, 1, 2024/04/25, 18:42:14.147, 592578368543041, vstest.console.dll, AssemblyResolver.OnResolve: Microsoft.Bcl.AsyncInterfaces: Assembly path does not exist: '/usr/local/share/dotnet/sdk/8.0.203/Extensions/Microsoft.Bcl.AsyncInterfaces.exe', returning.
TpTrace Information: 0 : 33031, 1, 2024/04/25, 18:42:14.147, 592578368549375, vstest.console.dll, AssemblyResolver.OnResolve: Microsoft.Bcl.AsyncInterfaces: Searching in: '/usr/local/share/dotnet/sdk/8.0.203'.
TpTrace Information: 0 : 33031, 1, 2024/04/25, 18:42:14.147, 592578368558791, vstest.console.dll, AssemblyResolver.OnResolve: Microsoft.Bcl.AsyncInterfaces: Assembly path does not exist: '/usr/local/share/dotnet/sdk/8.0.203/Microsoft.Bcl.AsyncInterfaces.dll', returning.
TpTrace Information: 0 : 33031, 1, 2024/04/25, 18:42:14.147, 592578368566833, vstest.console.dll, AssemblyResolver.OnResolve: Microsoft.Bcl.AsyncInterfaces: Assembly path does not exist: '/usr/local/share/dotnet/sdk/8.0.203/Microsoft.Bcl.AsyncInterfaces.exe', returning.
TpTrace Information: 0 : 33031, 1, 2024/04/25, 18:42:14.147, 592578368572750, vstest.console.dll, AssemblyResolver.OnResolve: Microsoft.Bcl.AsyncInterfaces: Failed to load assembly.
TpTrace Verbose: 0 : 33031, 1, 2024/04/25, 18:42:14.147, 592578368589208, vstest.console.dll, CurrentDomainAssemblyResolve: Resolving assembly 'Microsoft.Bcl.AsyncInterfaces'.
TpTrace Information: 0 : 33031, 1, 2024/04/25, 18:42:14.147, 592578368615750, vstest.console.dll, AssemblyResolver.OnResolve: Microsoft.Bcl.AsyncInterfaces: Resolving assembly.
TpTrace Information: 0 : 33031, 1, 2024/04/25, 18:42:14.147, 592578368628166, vstest.console.dll, AssemblyResolver.OnResolve: Microsoft.Bcl.AsyncInterfaces: Resolved from cache.
TpTrace Verbose: 0 : 33031, 1, 2024/04/25, 18:42:14.147, 592578368636708, vstest.console.dll, CurrentDomainAssemblyResolve: Resolving assembly 'Microsoft.Bcl.AsyncInterfaces'.
TpTrace Verbose: 0 : 33031, 1, 2024/04/25, 18:42:14.147, 592578368645791, vstest.console.dll, CurrentDomainAssemblyResolve: Failed to resolve assembly 'Microsoft.Bcl.AsyncInterfaces'.
TpTrace Verbose: 0 : 33031, 1, 2024/04/25, 18:42:14.147, 592578368745833, vstest.console.dll, CurrentDomainAssemblyResolve: Failed to resolve assembly 'Microsoft.Bcl.AsyncInterfaces'.
TpTrace Warning: 0 : 33031, 1, 2024/04/25, 18:42:14.151, 592578372771416, vstest.console.dll, TestPluginDiscoverer: Failed to get types from assembly 'Microsoft.Diagnostics.NETCore.Client, Version=0.2.9.2401, Culture=neutral, PublicKeyToken=31bf3856ad364e35'. Error: System.Reflection.ReflectionTypeLoadException: Unable to load one or more of the requested types.
Could not load file or assembly 'Microsoft.Bcl.AsyncInterfaces, Version=6.0.0.0, Culture=neutral, PublicKeyToken=cc7b13ffcd2ddd51'. The system cannot find the file specified.

   at System.Reflection.RuntimeModule.GetTypes(RuntimeModule module)
   at System.Reflection.RuntimeModule.GetTypes()
   at Microsoft.VisualStudio.TestPlatform.Common.ExtensionFramework.TestPluginDiscoverer.GetTestExtensionsFromAssembly[TPluginInfo,TExtension](Assembly assembly, Dictionary`2 pluginInfos, String filePath) in /_/src/Microsoft.TestPlatform.Common/ExtensionFramework/TestPluginDiscoverer.cs:line 158
System.IO.FileNotFoundException: Could not load file or assembly 'Microsoft.Bcl.AsyncInterfaces, Version=6.0.0.0, Culture=neutral, PublicKeyToken=cc7b13ffcd2ddd51'. The system cannot find the file specified.

File name: 'Microsoft.Bcl.AsyncInterfaces, Version=6.0.0.0, Culture=neutral, PublicKeyToken=cc7b13ffcd2ddd51'
 ---> System.IO.FileNotFoundException: Could not load file or assembly 'Microsoft.Bcl.AsyncInterfaces, Culture=neutral, PublicKeyToken=null'. The system cannot find the file specified.

File name: 'Microsoft.Bcl.AsyncInterfaces, Culture=neutral, PublicKeyToken=null'
   at System.Reflection.RuntimeAssembly.InternalLoad(AssemblyName assemblyName, StackCrawlMark& stackMark, AssemblyLoadContext assemblyLoadContext, RuntimeAssembly requestingAssembly, Boolean throwOnFileNotFound)
   at System.Reflection.Assembly.Load(AssemblyName assemblyRef)
   at Microsoft.VisualStudio.TestPlatform.Common.ExtensionFramework.TestPluginCache.CurrentDomainAssemblyResolve(Object sender, AssemblyResolveEventArgs args) in /_/src/Microsoft.TestPlatform.Common/ExtensionFramework/TestPluginCache.cs:line 513
   at System.Runtime.Loader.AssemblyLoadContext.GetFirstResolvedAssemblyFromResolvingEvent(AssemblyName assemblyName)
   at System.Runtime.Loader.AssemblyLoadContext.ResolveUsingEvent(AssemblyName assemblyName)
   at System.Runtime.Loader.AssemblyLoadContext.ResolveUsingResolvingEvent(IntPtr gchManagedAssemblyLoadContext, AssemblyName assemblyName)
TpTrace Warning: 0 : 33031, 1, 2024/04/25, 18:42:14.151, 592578372893916, vstest.console.dll, LoaderExceptions: System.IO.FileNotFoundException: Could not load file or assembly 'Microsoft.Bcl.AsyncInterfaces, Version=6.0.0.0, Culture=neutral, PublicKeyToken=cc7b13ffcd2ddd51'. The system cannot find the file specified.

File name: 'Microsoft.Bcl.AsyncInterfaces, Version=6.0.0.0, Culture=neutral, PublicKeyToken=cc7b13ffcd2ddd51'
 ---> System.IO.FileNotFoundException: Could not load file or assembly 'Microsoft.Bcl.AsyncInterfaces, Culture=neutral, PublicKeyToken=null'. The system cannot find the file specified.

File name: 'Microsoft.Bcl.AsyncInterfaces, Culture=neutral, PublicKeyToken=null'
   at System.Reflection.RuntimeAssembly.InternalLoad(AssemblyName assemblyName, StackCrawlMark& stackMark, AssemblyLoadContext assemblyLoadContext, RuntimeAssembly requestingAssembly, Boolean throwOnFileNotFound)
   at System.Reflection.Assembly.Load(AssemblyName assemblyRef)
   at Microsoft.VisualStudio.TestPlatform.Common.ExtensionFramework.TestPluginCache.CurrentDomainAssemblyResolve(Object sender, AssemblyResolveEventArgs args) in /_/src/Microsoft.TestPlatform.Common/ExtensionFramework/TestPluginCache.cs:line 513
   at System.Runtime.Loader.AssemblyLoadContext.GetFirstResolvedAssemblyFromResolvingEvent(AssemblyName assemblyName)
   at System.Runtime.Loader.AssemblyLoadContext.ResolveUsingEvent(AssemblyName assemblyName)
   at System.Runtime.Loader.AssemblyLoadContext.ResolveUsingResolvingEvent(IntPtr gchManagedAssemblyLoadContext, AssemblyName assemblyName)
TpTrace Information: 0 : 33031, 1, 2024/04/25, 18:42:14.151, 592578372937625, vstest.console.dll, AssemblyResolver.OnResolve: Microsoft.TestPlatform.Extensions.BlameDataCollector: Resolving assembly.
TpTrace Information: 0 : 33031, 1, 2024/04/25, 18:42:14.151, 592578372952291, vstest.console.dll, AssemblyResolver.OnResolve: Microsoft.TestPlatform.Extensions.BlameDataCollector: Searching in: '/usr/local/share/dotnet/sdk/8.0.203/Extensions'.
TpTrace Information: 0 : 33031, 1, 2024/04/25, 18:42:14.151, 592578373017833, vstest.console.dll, AssemblyResolver.OnResolve: Microsoft.TestPlatform.Extensions.BlameDataCollector: Loading assembly '/usr/local/share/dotnet/sdk/8.0.203/Extensions/Microsoft.TestPlatform.Extensions.BlameDataCollector.dll'.
TpTrace Information: 0 : 33031, 1, 2024/04/25, 18:42:14.151, 592578373159416, vstest.console.dll, AssemblyResolver.OnResolve: Resolved assembly: Microsoft.TestPlatform.Extensions.BlameDataCollector, from path: /usr/local/share/dotnet/sdk/8.0.203/Extensions/Microsoft.TestPlatform.Extensions.BlameDataCollector.dll
TpTrace Verbose: 0 : 33031, 1, 2024/04/25, 18:42:14.151, 592578373176500, vstest.console.dll, MetadataReaderExtensionsHelper: Discovering extensions inside assembly 'Microsoft.TestPlatform.Extensions.BlameDataCollector, Version=15.0.0.0, Culture=neutral, PublicKeyToken=b03f5f7f11d50a3a' file path '/usr/local/share/dotnet/sdk/8.0.203/Extensions/Microsoft.TestPlatform.Extensions.BlameDataCollector.dll'
TpTrace Information: 0 : 33031, 1, 2024/04/25, 18:42:14.152, 592578373438458, vstest.console.dll, AssemblyResolver.OnResolve: Microsoft.TestPlatform.TestHostRuntimeProvider: Resolving assembly.
TpTrace Information: 0 : 33031, 1, 2024/04/25, 18:42:14.152, 592578373453208, vstest.console.dll, AssemblyResolver.OnResolve: Microsoft.TestPlatform.TestHostRuntimeProvider: Searching in: '/usr/local/share/dotnet/sdk/8.0.203/Extensions'.
TpTrace Information: 0 : 33031, 1, 2024/04/25, 18:42:14.152, 592578373503291, vstest.console.dll, AssemblyResolver.OnResolve: Microsoft.TestPlatform.TestHostRuntimeProvider: Loading assembly '/usr/local/share/dotnet/sdk/8.0.203/Extensions/Microsoft.TestPlatform.TestHostRuntimeProvider.dll'.
TpTrace Information: 0 : 33031, 1, 2024/04/25, 18:42:14.152, 592578373605583, vstest.console.dll, AssemblyResolver.OnResolve: Resolved assembly: Microsoft.TestPlatform.TestHostRuntimeProvider, from path: /usr/local/share/dotnet/sdk/8.0.203/Extensions/Microsoft.TestPlatform.TestHostRuntimeProvider.dll
TpTrace Verbose: 0 : 33031, 1, 2024/04/25, 18:42:14.152, 592578373622916, vstest.console.dll, MetadataReaderExtensionsHelper: Discovering extensions inside assembly 'Microsoft.TestPlatform.TestHostRuntimeProvider, Version=15.0.0.0, Culture=neutral, PublicKeyToken=b03f5f7f11d50a3a' file path '/usr/local/share/dotnet/sdk/8.0.203/Extensions/Microsoft.TestPlatform.TestHostRuntimeProvider.dll'
TpTrace Information: 0 : 33031, 1, 2024/04/25, 18:42:14.152, 592578374070500, vstest.console.dll, GetTestExtensionFromType: Register extension with identifier data 'HostProvider://DefaultTestHost' and type 'Microsoft.VisualStudio.TestPlatform.CrossPlatEngine.Hosting.DefaultTestHostManager, Microsoft.TestPlatform.TestHostRuntimeProvider, Version=15.0.0.0, Culture=neutral, PublicKeyToken=b03f5f7f11d50a3a' inside file '/usr/local/share/dotnet/sdk/8.0.203/Extensions/Microsoft.TestPlatform.TestHostRuntimeProvider.dll'
TpTrace Information: 0 : 33031, 1, 2024/04/25, 18:42:14.152, 592578374164625, vstest.console.dll, GetTestExtensionFromType: Register extension with identifier data 'HostProvider://DotnetTestHost' and type 'Microsoft.VisualStudio.TestPlatform.CrossPlatEngine.Hosting.DotnetTestHostManager, Microsoft.TestPlatform.TestHostRuntimeProvider, Version=15.0.0.0, Culture=neutral, PublicKeyToken=b03f5f7f11d50a3a' inside file '/usr/local/share/dotnet/sdk/8.0.203/Extensions/Microsoft.TestPlatform.TestHostRuntimeProvider.dll'
TpTrace Information: 0 : 33031, 1, 2024/04/25, 18:42:14.152, 592578374183541, vstest.console.dll, AssemblyResolver.OnResolve: Microsoft.TestPlatform.Extensions.EventLogCollector: Resolving assembly.
TpTrace Information: 0 : 33031, 1, 2024/04/25, 18:42:14.152, 592578374193791, vstest.console.dll, AssemblyResolver.OnResolve: Microsoft.TestPlatform.Extensions.EventLogCollector: Searching in: '/usr/local/share/dotnet/sdk/8.0.203/Extensions'.
TpTrace Information: 0 : 33031, 1, 2024/04/25, 18:42:14.153, 592578374247958, vstest.console.dll, AssemblyResolver.OnResolve: Microsoft.TestPlatform.Extensions.EventLogCollector: Loading assembly '/usr/local/share/dotnet/sdk/8.0.203/Extensions/Microsoft.TestPlatform.Extensions.EventLogCollector.dll'.
TpTrace Information: 0 : 33031, 1, 2024/04/25, 18:42:14.153, 592578374315541, vstest.console.dll, AssemblyResolver.OnResolve: Resolved assembly: Microsoft.TestPlatform.Extensions.EventLogCollector, from path: /usr/local/share/dotnet/sdk/8.0.203/Extensions/Microsoft.TestPlatform.Extensions.EventLogCollector.dll
TpTrace Verbose: 0 : 33031, 1, 2024/04/25, 18:42:14.153, 592578374329666, vstest.console.dll, MetadataReaderExtensionsHelper: Discovering extensions inside assembly 'Microsoft.TestPlatform.Extensions.EventLogCollector, Version=15.0.0.0, Culture=neutral, PublicKeyToken=b03f5f7f11d50a3a' file path '/usr/local/share/dotnet/sdk/8.0.203/Extensions/Microsoft.TestPlatform.Extensions.EventLogCollector.dll'
TpTrace Information: 0 : 33031, 1, 2024/04/25, 18:42:14.153, 592578374809291, vstest.console.dll, AssemblyResolver.OnResolve: Microsoft.VisualStudio.TestPlatform.Extensions.Html.TestLogger: Resolving assembly.
TpTrace Information: 0 : 33031, 1, 2024/04/25, 18:42:14.153, 592578374820500, vstest.console.dll, AssemblyResolver.OnResolve: Microsoft.VisualStudio.TestPlatform.Extensions.Html.TestLogger: Searching in: '/usr/local/share/dotnet/sdk/8.0.203/Extensions'.
TpTrace Information: 0 : 33031, 1, 2024/04/25, 18:42:14.153, 592578374864541, vstest.console.dll, AssemblyResolver.OnResolve: Microsoft.VisualStudio.TestPlatform.Extensions.Html.TestLogger: Loading assembly '/usr/local/share/dotnet/sdk/8.0.203/Extensions/Microsoft.VisualStudio.TestPlatform.Extensions.Html.TestLogger.dll'.
TpTrace Information: 0 : 33031, 1, 2024/04/25, 18:42:14.153, 592578374951916, vstest.console.dll, AssemblyResolver.OnResolve: Resolved assembly: Microsoft.VisualStudio.TestPlatform.Extensions.Html.TestLogger, from path: /usr/local/share/dotnet/sdk/8.0.203/Extensions/Microsoft.VisualStudio.TestPlatform.Extensions.Html.TestLogger.dll
TpTrace Verbose: 0 : 33031, 1, 2024/04/25, 18:42:14.153, 592578374965750, vstest.console.dll, MetadataReaderExtensionsHelper: Discovering extensions inside assembly 'Microsoft.VisualStudio.TestPlatform.Extensions.Html.TestLogger, Version=15.0.0.0, Culture=neutral, PublicKeyToken=b03f5f7f11d50a3a' file path '/usr/local/share/dotnet/sdk/8.0.203/Extensions/Microsoft.VisualStudio.TestPlatform.Extensions.Html.TestLogger.dll'
TpTrace Verbose: 0 : 33031, 1, 2024/04/25, 18:42:14.153, 592578375175500, vstest.console.dll, TestPluginCache: Discovered the extensions using extension path ''.
TpTrace Verbose: 0 : 33031, 1, 2024/04/25, 18:42:14.153, 592578375188875, vstest.console.dll, TestPluginCache: Discoverers are ''.
TpTrace Verbose: 0 : 33031, 1, 2024/04/25, 18:42:14.153, 592578375195666, vstest.console.dll, TestPluginCache: Executors are ''.
TpTrace Verbose: 0 : 33031, 1, 2024/04/25, 18:42:14.153, 592578375206291, vstest.console.dll, TestPluginCache: Executors2 are ''.
TpTrace Verbose: 0 : 33031, 1, 2024/04/25, 18:42:14.153, 592578375212208, vstest.console.dll, TestPluginCache: Setting providers are ''.
TpTrace Verbose: 0 : 33031, 1, 2024/04/25, 18:42:14.153, 592578375217916, vstest.console.dll, TestPluginCache: Loggers are ''.
TpTrace Verbose: 0 : 33031, 1, 2024/04/25, 18:42:14.154, 592578375288333, vstest.console.dll, TestPluginCache: TestHosts are 'HostProvider://DefaultTestHost,HostProvider://DotnetTestHost'.
TpTrace Verbose: 0 : 33031, 1, 2024/04/25, 18:42:14.154, 592578375297583, vstest.console.dll, TestPluginCache: DataCollectors are ''.
TpTrace Information: 0 : 33031, 1, 2024/04/25, 18:42:14.157, 592578379202666, vstest.console.dll, RunTestsArgumentProcessor:Execute: Test run is starting.
TpTrace Verbose: 0 : 33031, 1, 2024/04/25, 18:42:14.158, 592578379234083, vstest.console.dll, RunTestsArgumentProcessor:Execute: Queuing Test run.
TpTrace Information: 0 : 33031, 1, 2024/04/25, 18:42:14.158, 592578379316625, vstest.console.dll, TestRequestManager.RunTests: run tests started.
TpTrace Information: 0 : 33031, 1, 2024/04/25, 18:42:14.158, 592578380100041, vstest.console.dll, AssemblyMetadataProvider.GetFrameworkName: Determined framework:'.NETCoreApp,Version=v8.0' for source: '/Users/marco.mendes/code/exemplos-codigos-para-docs/irrf-regra-testes-unidade/test/bin/Debug/net8.0/irrf-regra-projeto-testes.dll'
TpTrace Information: 0 : 33031, 1, 2024/04/25, 18:42:14.158, 592578380159583, vstest.console.dll, Determined framework for all sources: .NETCoreApp,Version=v8.0
TpTrace Verbose: 0 : 33031, 1, 2024/04/25, 18:42:14.159, 592578380252125, vstest.console.dll, TestRequestManager.UpdateRunSettingsIfRequired: Default architecture: ARM64 IsDefaultTargetArchitecture: True, Current process architecture: ARM64 OperatingSystem: OSX.
TpTrace Information: 0 : 33031, 1, 2024/04/25, 18:42:14.159, 592578381098000, vstest.console.dll, AssemblyMetadataProvider.GetArchitecture: Determined architecture:AnyCPU info for assembly: /Users/marco.mendes/code/exemplos-codigos-para-docs/irrf-regra-testes-unidade/test/bin/Debug/net8.0/irrf-regra-projeto-testes.dll
TpTrace Information: 0 : 33031, 1, 2024/04/25, 18:42:14.159, 592578381121291, vstest.console.dll, Determined platform for source '/Users/marco.mendes/code/exemplos-codigos-para-docs/irrf-regra-testes-unidade/test/bin/Debug/net8.0/irrf-regra-projeto-testes.dll' was AnyCPU and it will use the default plaform ARM64.
TpTrace Information: 0 : 33031, 1, 2024/04/25, 18:42:14.159, 592578381137708, vstest.console.dll, None of the sources provided any runnable platform, using the default platform: ARM64
TpTrace Information: 0 : 33031, 1, 2024/04/25, 18:42:14.159, 592578381195541, vstest.console.dll, Platform was updated to 'ARM64'.
TpTrace Information: 0 : 33031, 1, 2024/04/25, 18:42:14.160, 592578382027125, vstest.console.dll, Compatible sources list: 
TpTrace Information: 0 : 33031, 1, 2024/04/25, 18:42:14.160, 592578382043875, vstest.console.dll, /Users/marco.mendes/code/exemplos-codigos-para-docs/irrf-regra-testes-unidade/test/bin/Debug/net8.0/irrf-regra-projeto-testes.dll
TpTrace Information: 0 : 33031, 1, 2024/04/25, 18:42:14.161, 592578382955666, vstest.console.dll, InferRunSettingsHelper.IsTestSettingsEnabled: Unable to navigate to RunSettings/MSTest. Current node: RunSettings
TpTrace Information: 0 : 33031, 1, 2024/04/25, 18:42:14.161, 592578383174583, vstest.console.dll, AssemblyResolver.OnResolve: Microsoft.VisualStudio.TestPlatform.Fakes: Resolving assembly.
TpTrace Information: 0 : 33031, 1, 2024/04/25, 18:42:14.161, 592578383197541, vstest.console.dll, AssemblyResolver.OnResolve: Microsoft.VisualStudio.TestPlatform.Fakes: Searching in: '/usr/local/share/dotnet/sdk/8.0.203/Extensions'.
TpTrace Information: 0 : 33031, 1, 2024/04/25, 18:42:14.161, 592578383215500, vstest.console.dll, AssemblyResolver.OnResolve: Microsoft.VisualStudio.TestPlatform.Fakes: Assembly path does not exist: '/usr/local/share/dotnet/sdk/8.0.203/Extensions/Microsoft.VisualStudio.TestPlatform.Fakes.dll', returning.
TpTrace Information: 0 : 33031, 1, 2024/04/25, 18:42:14.162, 592578383235250, vstest.console.dll, AssemblyResolver.OnResolve: Microsoft.VisualStudio.TestPlatform.Fakes: Assembly path does not exist: '/usr/local/share/dotnet/sdk/8.0.203/Extensions/Microsoft.VisualStudio.TestPlatform.Fakes.exe', returning.
TpTrace Information: 0 : 33031, 1, 2024/04/25, 18:42:14.162, 592578383242750, vstest.console.dll, AssemblyResolver.OnResolve: Microsoft.VisualStudio.TestPlatform.Fakes: Searching in: '/usr/local/share/dotnet/sdk/8.0.203'.
TpTrace Information: 0 : 33031, 1, 2024/04/25, 18:42:14.162, 592578383251541, vstest.console.dll, AssemblyResolver.OnResolve: Microsoft.VisualStudio.TestPlatform.Fakes: Assembly path does not exist: '/usr/local/share/dotnet/sdk/8.0.203/Microsoft.VisualStudio.TestPlatform.Fakes.dll', returning.
TpTrace Information: 0 : 33031, 1, 2024/04/25, 18:42:14.162, 592578383260541, vstest.console.dll, AssemblyResolver.OnResolve: Microsoft.VisualStudio.TestPlatform.Fakes: Assembly path does not exist: '/usr/local/share/dotnet/sdk/8.0.203/Microsoft.VisualStudio.TestPlatform.Fakes.exe', returning.
TpTrace Information: 0 : 33031, 1, 2024/04/25, 18:42:14.162, 592578383268125, vstest.console.dll, AssemblyResolver.OnResolve: Microsoft.VisualStudio.TestPlatform.Fakes: Failed to load assembly.
TpTrace Information: 0 : 33031, 1, 2024/04/25, 18:42:14.162, 592578383413125, vstest.console.dll, Failed to load assembly Microsoft.VisualStudio.TestPlatform.Fakes, Version=17.0.0.0, Culture=neutral. Reason:System.IO.FileNotFoundException: Could not load file or assembly 'Microsoft.VisualStudio.TestPlatform.Fakes, Version=17.0.0.0, Culture=neutral, PublicKeyToken=null'. The system cannot find the file specified.

File name: 'Microsoft.VisualStudio.TestPlatform.Fakes, Version=17.0.0.0, Culture=neutral, PublicKeyToken=null'
   at System.Reflection.RuntimeAssembly.InternalLoad(AssemblyName assemblyName, StackCrawlMark& stackMark, AssemblyLoadContext assemblyLoadContext, RuntimeAssembly requestingAssembly, Boolean throwOnFileNotFound)
   at System.Reflection.Assembly.Load(AssemblyName assemblyRef)
   at Microsoft.VisualStudio.TestPlatform.Common.Utilities.FakesUtilities.LoadTestPlatformAssembly() in /_/src/Microsoft.TestPlatform.Common/Utilities/FakesUtilities.cs:line 272
TpTrace Verbose: 0 : 33031, 1, 2024/04/25, 18:42:14.163, 592578384432500, vstest.console.dll, TestPluginCache: Update extensions started. Skip filter = False
TpTrace Verbose: 0 : 33031, 1, 2024/04/25, 18:42:14.163, 592578384598041, vstest.console.dll, TestPluginCache: Using directories for assembly resolution '/Users/marco.mendes/.nuget/packages/coverlet.collector/6.0.0/build/netstandard1.0'.
TpTrace Verbose: 0 : 33031, 1, 2024/04/25, 18:42:14.163, 592578384616750, vstest.console.dll, TestPluginCache: Updated the available extensions to '/Users/marco.mendes/.nuget/packages/coverlet.collector/6.0.0/build/netstandard1.0/coverlet.collector.dll'.
TpTrace Verbose: 0 : 33031, 1, 2024/04/25, 18:42:14.168, 592578389317916, vstest.console.dll, TestEngine: Initializing Parallel Execution as MaxCpuCount is set to: 1
TpTrace Information: 0 : 33031, 1, 2024/04/25, 18:42:14.168, 592578389877458, vstest.console.dll, TestPluginManager.CreateTestExtension: Attempting to load test extension: Microsoft.VisualStudio.TestPlatform.CrossPlatEngine.Hosting.DefaultTestHostManager
TpTrace Information: 0 : 33031, 1, 2024/04/25, 18:42:14.168, 592578390013375, vstest.console.dll, TestPluginManager.CreateTestExtension: Attempting to load test extension: Microsoft.VisualStudio.TestPlatform.CrossPlatEngine.Hosting.DotnetTestHostManager
TpTrace Information: 0 : 33031, 1, 2024/04/25, 18:42:14.168, 592578390217041, vstest.console.dll, InferRunSettingsHelper.IsTestSettingsEnabled: Unable to navigate to RunSettings/MSTest. Current node: RunSettings
TpTrace Verbose: 0 : 33031, 1, 2024/04/25, 18:42:14.169, 592578390394250, vstest.console.dll, ParallelOperationManager.ClearSlots: Clearing all slots. Slots should accept more work: True
TpTrace Verbose: 0 : 33031, 1, 2024/04/25, 18:42:14.169, 592578390677458, vstest.console.dll, ParallelOperationManager.SetOccupiedSlotCount: Setting slot counts AvailableSlotCount = 1, OccupiedSlotCount = 0.
TpTrace Verbose: 0 : 33031, 1, 2024/04/25, 18:42:14.169, 592578390809750, vstest.console.dll, Occupied slots:

TpTrace Verbose: 0 : 33031, 1, 2024/04/25, 18:42:14.171, 592578392404583, vstest.console.dll, TestEngine.GetExecutionManager: Chosen execution manager 'Microsoft.VisualStudio.TestPlatform.CrossPlatEngine.Client.Parallel.ParallelProxyExecutionManager, Microsoft.TestPlatform.CrossPlatEngine, Version=15.0.0.0, Culture=neutral, PublicKeyToken=b03f5f7f11d50a3a' ParallelLevel '1'.
TpTrace Verbose: 0 : 33031, 1, 2024/04/25, 18:42:14.171, 592578392462291, vstest.console.dll, TestRunRequest.ExecuteAsync: Creating test run request.
TpTrace Verbose: 0 : 33031, 1, 2024/04/25, 18:42:14.171, 592578392694500, vstest.console.dll, TestRunRequest.ExecuteAsync: Starting.
TpTrace Information: 0 : 33031, 1, 2024/04/25, 18:42:14.171, 592578393043833, vstest.console.dll, TestRunRequest.ExecuteAsync: Starting run with settings:TestRunCriteria:
   KeepAlive=False,FrequencyOfRunStatsChangeEvent=10,RunStatsChangeEventTimeout=00:00:01.5000000,TestCaseFilter=,TestExecutorLauncher=
   Settingsxml=<RunSettings>
  <RunConfiguration>
    <ResultsDirectory>/Users/marco.mendes/code/exemplos-codigos-para-docs/irrf-regra-testes-unidade/test/TestResults</ResultsDirectory>
    <TargetPlatform>ARM64</TargetPlatform>
    <TargetFrameworkVersion>.NETCoreApp,Version=v8.0</TargetFrameworkVersion>
    <TestAdaptersPaths>/Users/marco.mendes/.nuget/packages/coverlet.collector/6.0.0/build/netstandard1.0/</TestAdaptersPaths>
    <DesignMode>False</DesignMode>
    <CollectSourceInformation>False</CollectSourceInformation>
  </RunConfiguration>
  <LoggerRunSettings>
    <Loggers>
      <Logger friendlyName="Console" assemblyQualifiedName="Microsoft.VisualStudio.TestPlatform.CommandLine.Internal.ConsoleLogger, vstest.console, Version=15.0.0.0, Culture=neutral, PublicKeyToken=b03f5f7f11d50a3a" codeBase="/usr/local/share/dotnet/sdk/8.0.203/vstest.console.dll" enabled="True">
        <Configuration>
          <Verbosity>minimal</Verbosity>
        </Configuration>
      </Logger>
    </Loggers>
  </LoggerRunSettings>
</RunSettings>

TpTrace Verbose: 0 : 33031, 1, 2024/04/25, 18:42:14.171, 592578393056333, vstest.console.dll, TestRunRequest.ExecuteAsync: Wait for the first run request is over.
TpTrace Verbose: 0 : 33031, 1, 2024/04/25, 18:42:14.171, 592578393173791, vstest.console.dll, MulticastDelegateUtilities.SafeInvoke: TestRun.TestRunStart: Invoking callbacks was skipped because there are no subscribers.
TpTrace Verbose: 0 : 33031, 4, 2024/04/25, 18:42:14.172, 592578393275791, vstest.console.dll, MulticastDelegateUtilities.SafeInvoke: InternalTestLoggerEvents.SendTestRunStart: Invoking callback 1/1 for Microsoft.VisualStudio.TestPlatform.CommandLine.Internal.ConsoleLogger., took 0 ms.
TpTrace Verbose: 0 : 33031, 1, 2024/04/25, 18:42:14.172, 592578393619833, vstest.console.dll, ParallelProxyExecutionManager: Start execution. Total sources: 1
TpTrace Verbose: 0 : 33031, 1, 2024/04/25, 18:42:14.172, 592578393762250, vstest.console.dll, ParallelOperationManager.StartWork: Starting adding 1 workloads.
TpTrace Verbose: 0 : 33031, 1, 2024/04/25, 18:42:14.172, 592578393787458, vstest.console.dll, ParallelOperationManager.ClearSlots: Clearing all slots. Slots should accept more work: True
TpTrace Verbose: 0 : 33031, 1, 2024/04/25, 18:42:14.172, 592578393812250, vstest.console.dll, ParallelOperationManager.SetOccupiedSlotCount: Setting slot counts AvailableSlotCount = 1, OccupiedSlotCount = 0.
TpTrace Verbose: 0 : 33031, 1, 2024/04/25, 18:42:14.172, 592578393823875, vstest.console.dll, Occupied slots:

TpTrace Verbose: 0 : 33031, 1, 2024/04/25, 18:42:14.173, 592578394375083, vstest.console.dll, TestRequestSender is acting as server.
TpTrace Verbose: 0 : 33031, 1, 2024/04/25, 18:42:14.173, 592578394467333, vstest.console.dll, ParallelOperationManager.RunWorkInParallel: Adding 1 workload to slot, remaining workloads 0.
TpTrace Verbose: 0 : 33031, 1, 2024/04/25, 18:42:14.173, 592578394489500, vstest.console.dll, ParallelOperationManager.SetOccupiedSlotCount: Setting slot counts AvailableSlotCount = 0, OccupiedSlotCount = 1.
TpTrace Verbose: 0 : 33031, 1, 2024/04/25, 18:42:14.173, 592578394533541, vstest.console.dll, Occupied slots:
0: /Users/marco.mendes/code/exemplos-codigos-para-docs/irrf-regra-testes-unidade/test/bin/Debug/net8.0/irrf-regra-projeto-testes.dll
TpTrace Verbose: 0 : 33031, 1, 2024/04/25, 18:42:14.173, 592578395020500, vstest.console.dll, ParallelOperationManager.RunWorkInParallel: Started host in slot number 0 for work (source): /Users/marco.mendes/code/exemplos-codigos-para-docs/irrf-regra-testes-unidade/test/bin/Debug/net8.0/irrf-regra-projeto-testes.dll.
TpTrace Verbose: 0 : 33031, 1, 2024/04/25, 18:42:14.174, 592578395666916, vstest.console.dll, ParallelOperationManager.RunWorkInParallel: We started 1 work items, which is the max parallel level. Won't start more work.
TpTrace Verbose: 0 : 33031, 1, 2024/04/25, 18:42:14.174, 592578395692166, vstest.console.dll, ParallelOperationManager.RunWorkInParallel: We started 1 work items in here, returning True.
TpTrace Information: 0 : 33031, 1, 2024/04/25, 18:42:14.174, 592578395704208, vstest.console.dll, TestRunRequest.ExecuteAsync: Started.
TpTrace Verbose: 0 : 33031, 1, 2024/04/25, 18:42:14.174, 592578396171583, vstest.console.dll, TestRunRequest.WaitForCompletion: Waiting with timeout -1.
TpTrace Verbose: 0 : 33031, 5, 2024/04/25, 18:42:14.175, 592578396239125, vstest.console.dll, ParallelProxyExecutionManager.StartTestRunOnConcurrentManager: Initializing uninitialized client. Started clients: 0
TpTrace Verbose: 0 : 33031, 5, 2024/04/25, 18:42:14.175, 592578396257541, vstest.console.dll, ParallelProxyExecutionManager.StartTestRunOnConcurrentManager: Initializing test run. Started clients: 0
TpTrace Verbose: 0 : 33031, 5, 2024/04/25, 18:42:14.175, 592578396293708, vstest.console.dll, ProxyExecutionManager: Test host is always Lazy initialize.
TpTrace Verbose: 0 : 33031, 5, 2024/04/25, 18:42:14.175, 592578396412500, vstest.console.dll, TestRequestSender.InitializeCommunication: initialize communication. 
TpTrace Information: 0 : 33031, 5, 2024/04/25, 18:42:14.178, 592578399925250, vstest.console.dll, SocketServer.Start: Listening on endpoint : 127.0.0.1:57202
TpTrace Verbose: 0 : 33031, 5, 2024/04/25, 18:42:14.180, 592578402000958, vstest.console.dll, DotnetTestHostmanager.GetTestHostProcessStartInfo: Platform environment 'ARM64' target architecture 'ARM64' framework '.NETCoreApp,Version=v8.0' OS 'OSX'
TpTrace Verbose: 0 : 33031, 5, 2024/04/25, 18:42:14.180, 592578402098083, vstest.console.dll, DotnetTestHostmanager: Adding  --runtimeconfig "/Users/marco.mendes/code/exemplos-codigos-para-docs/irrf-regra-testes-unidade/test/bin/Debug/net8.0/irrf-regra-projeto-testes.runtimeconfig.json" in args
TpTrace Verbose: 0 : 33031, 5, 2024/04/25, 18:42:14.180, 592578402120125, vstest.console.dll, DotnetTestHostmanager: Adding  --depsfile "/Users/marco.mendes/code/exemplos-codigos-para-docs/irrf-regra-testes-unidade/test/bin/Debug/net8.0/irrf-regra-projeto-testes.deps.json" in args
TpTrace Information: 0 : 33031, 5, 2024/04/25, 18:42:14.180, 592578402161250, vstest.console.dll, AssemblyResolver.OnResolve: Microsoft.Extensions.DependencyModel: Resolving assembly.
TpTrace Information: 0 : 33031, 5, 2024/04/25, 18:42:14.180, 592578402183708, vstest.console.dll, AssemblyResolver.OnResolve: Microsoft.Extensions.DependencyModel: Searching in: '/usr/local/share/dotnet/sdk/8.0.203/Extensions'.
TpTrace Information: 0 : 33031, 5, 2024/04/25, 18:42:14.180, 592578402198083, vstest.console.dll, AssemblyResolver.OnResolve: Microsoft.Extensions.DependencyModel: Assembly path does not exist: '/usr/local/share/dotnet/sdk/8.0.203/Extensions/Microsoft.Extensions.DependencyModel.dll', returning.
TpTrace Information: 0 : 33031, 5, 2024/04/25, 18:42:14.180, 592578402208333, vstest.console.dll, AssemblyResolver.OnResolve: Microsoft.Extensions.DependencyModel: Assembly path does not exist: '/usr/local/share/dotnet/sdk/8.0.203/Extensions/Microsoft.Extensions.DependencyModel.exe', returning.
TpTrace Information: 0 : 33031, 5, 2024/04/25, 18:42:14.181, 592578402226500, vstest.console.dll, AssemblyResolver.OnResolve: Microsoft.Extensions.DependencyModel: Searching in: '/usr/local/share/dotnet/sdk/8.0.203'.
TpTrace Information: 0 : 33031, 5, 2024/04/25, 18:42:14.181, 592578402368083, vstest.console.dll, AssemblyResolver.OnResolve: Microsoft.Extensions.DependencyModel: Loading assembly '/usr/local/share/dotnet/sdk/8.0.203/Microsoft.Extensions.DependencyModel.dll'.
TpTrace Information: 0 : 33031, 5, 2024/04/25, 18:42:14.181, 592578402553458, vstest.console.dll, AssemblyResolver.OnResolve: Resolved assembly: Microsoft.Extensions.DependencyModel, from path: /usr/local/share/dotnet/sdk/8.0.203/Microsoft.Extensions.DependencyModel.dll
TpTrace Verbose: 0 : 33031, 5, 2024/04/25, 18:42:14.181, 592578402762916, vstest.console.dll, DotnetTestHostmanager: Runtimeconfig.dev.json /Users/marco.mendes/code/exemplos-codigos-para-docs/irrf-regra-testes-unidade/test/bin/Debug/net8.0/irrf-regra-projeto-testes.runtimeconfig.dev.json does not exist.
TpTrace Verbose: 0 : 33031, 5, 2024/04/25, 18:42:14.181, 592578402775708, vstest.console.dll, DotnetTestHostManager: Found testhost.dll in source directory: /Users/marco.mendes/code/exemplos-codigos-para-docs/irrf-regra-testes-unidade/test/bin/Debug/net8.0/testhost.dll.
TpTrace Verbose: 0 : 33031, 5, 2024/04/25, 18:42:14.181, 592578402801208, vstest.console.dll, DotnetTestHostmanager: Current process architetcure 'ARM64'
TpTrace Verbose: 0 : 33031, 5, 2024/04/25, 18:42:14.181, 592578402828583, vstest.console.dll, DotnetTestHostmanager.LaunchTestHostAsync: Compatible muxer architecture of running process 'ARM64' and target architecture 'ARM64'
TpTrace Verbose: 0 : 33031, 5, 2024/04/25, 18:42:14.181, 592578402838250, vstest.console.dll, DotnetTestHostmanager: Full path of testhost.dll is /Users/marco.mendes/code/exemplos-codigos-para-docs/irrf-regra-testes-unidade/test/bin/Debug/net8.0/testhost.dll
TpTrace Verbose: 0 : 33031, 5, 2024/04/25, 18:42:14.181, 592578402848458, vstest.console.dll, DotnetTestHostmanager: Full path of host exe is /usr/local/share/dotnet/dotnet
TpTrace Verbose: 0 : 33031, 5, 2024/04/25, 18:42:14.181, 592578402934583, vstest.console.dll, DotnetTestHostManager: Starting process '/usr/local/share/dotnet/dotnet' with command line 'exec --runtimeconfig "/Users/marco.mendes/code/exemplos-codigos-para-docs/irrf-regra-testes-unidade/test/bin/Debug/net8.0/irrf-regra-projeto-testes.runtimeconfig.json" --depsfile "/Users/marco.mendes/code/exemplos-codigos-para-docs/irrf-regra-testes-unidade/test/bin/Debug/net8.0/irrf-regra-projeto-testes.deps.json" "/Users/marco.mendes/code/exemplos-codigos-para-docs/irrf-regra-testes-unidade/test/bin/Debug/net8.0/testhost.dll" --port 57202 --endpoint 127.0.0.1:057202 --role client --parentprocessid 33031 --diag "/Users/marco.mendes/code/exemplos-codigos-para-docs/irrf-regra-testes-unidade/log.host.24-04-25_18-42-14_18056_5.txt" --tracelevel 4 --telemetryoptedin false'
TpTrace Verbose: 0 : 33031, 5, 2024/04/25, 18:42:14.200, 592578421613708, vstest.console.dll, Test Runtime launched
TpTrace Verbose: 0 : 33031, 5, 2024/04/25, 18:42:14.200, 592578421786791, vstest.console.dll, MulticastDelegateUtilities.SafeInvoke: HostProviderEvents.OnHostLaunched: Invoking callback 1/1 for Microsoft.VisualStudio.TestPlatform.CrossPlatEngine.Client.ProxyOperationManager., took 0 ms.
TpTrace Verbose: 0 : 33031, 5, 2024/04/25, 18:42:14.200, 592578422192791, vstest.console.dll, TestRequestSender.WaitForRequestHandlerConnection: waiting for connection with timeout: 90000.
TpTrace Verbose: 0 : 33031, 5, 2024/04/25, 18:42:14.306, 592578528199291, vstest.console.dll, TestRequestSender.WaitForRequestHandlerConnection: waiting took 106 ms, with timeout 90000 ms, and result 0, which is success.
TpTrace Verbose: 0 : 33031, 11, 2024/04/25, 18:42:14.306, 592578528199833, vstest.console.dll, MulticastDelegateUtilities.SafeInvoke: SocketServer: ClientConnected: Invoking callback 1/1 for Microsoft.VisualStudio.TestPlatform.CommunicationUtilities.TestRequestSender., took 0 ms.
TpTrace Verbose: 0 : 33031, 11, 2024/04/25, 18:42:14.307, 592578528343583, vstest.console.dll, SocketServer.OnClientConnected: Client connected for endPoint: 127.0.0.1:57202, starting MessageLoopAsync:
TpTrace Verbose: 0 : 33031, 11, 2024/04/25, 18:42:14.307, 592578528772500, vstest.console.dll, TcpClientExtensions.MessageLoopAsync: Polling on remoteEndPoint: 127.0.0.1:57203 localEndPoint: 127.0.0.1:57202 after 0 ms
TpTrace Verbose: 0 : 33031, 5, 2024/04/25, 18:42:14.325, 592578546696166, vstest.console.dll, TestRequestSender.CheckVersionWithTestHost: Sending check version message: {"MessageType":"ProtocolVersion","Payload":7}
TpTrace Verbose: 0 : 33031, 11, 2024/04/25, 18:42:14.376, 592578597504208, vstest.console.dll, TcpClientExtensions.MessageLoopAsync: NotifyDataAvailable remoteEndPoint: 127.0.0.1:57203 localEndPoint: 127.0.0.1:57202
TpTrace Verbose: 0 : 33031, 11, 2024/04/25, 18:42:14.376, 592578597717916, vstest.console.dll, TestRequestSender.CheckVersionWithTestHost: onMessageReceived received message: (ProtocolVersion) -> {"MessageType":"ProtocolVersion","Payload":7}
TpTrace Verbose: 0 : 33031, 11, 2024/04/25, 18:42:14.378, 592578599506166, vstest.console.dll, MulticastDelegateUtilities.SafeInvoke: LengthPrefixCommunicationChannel: MessageReceived: Invoking callback 1/1 for Microsoft.VisualStudio.TestPlatform.CommunicationUtilities.TestRequestSender+<>c__DisplayClass29_0., took 1 ms.
TpTrace Verbose: 0 : 33031, 11, 2024/04/25, 18:42:14.378, 592578599552208, vstest.console.dll, TcpClientExtensions.MessageLoopAsync: Polling on remoteEndPoint: 127.0.0.1:57203 localEndPoint: 127.0.0.1:57202 after 70 ms
TpTrace Verbose: 0 : 33031, 5, 2024/04/25, 18:42:14.378, 592578599584000, vstest.console.dll, TestPluginCache.GetExtensionPaths: Filtered extension paths: 
TpTrace Verbose: 0 : 33031, 5, 2024/04/25, 18:42:14.378, 592578599613291, vstest.console.dll, TestPluginCache.GetExtensionPaths: Added default extension paths: /usr/local/share/dotnet/sdk/8.0.203/Extensions/Microsoft.VisualStudio.TestPlatform.Extensions.Trx.TestLogger.dll
/usr/local/share/dotnet/sdk/8.0.203/Extensions/Microsoft.Diagnostics.NETCore.Client.dll
/usr/local/share/dotnet/sdk/8.0.203/Extensions/Microsoft.TestPlatform.Extensions.BlameDataCollector.dll
/usr/local/share/dotnet/sdk/8.0.203/Extensions/Microsoft.TestPlatform.TestHostRuntimeProvider.dll
/usr/local/share/dotnet/sdk/8.0.203/Extensions/Microsoft.TestPlatform.Extensions.EventLogCollector.dll
/usr/local/share/dotnet/sdk/8.0.203/Extensions/Microsoft.VisualStudio.TestPlatform.Extensions.Html.TestLogger.dll
TpTrace Verbose: 0 : 33031, 5, 2024/04/25, 18:42:14.378, 592578599624166, vstest.console.dll, TestPluginCache.GetExtensionPaths: Added unfilterableExtensionPaths: 
TpTrace Verbose: 0 : 33031, 11, 2024/04/25, 18:42:14.379, 592578600414333, vstest.console.dll, TcpClientExtensions.MessageLoopAsync: NotifyDataAvailable remoteEndPoint: 127.0.0.1:57203 localEndPoint: 127.0.0.1:57202
TpTrace Verbose: 0 : 33031, 5, 2024/04/25, 18:42:14.380, 592578601345000, vstest.console.dll, TestRequestSender.InitializeExecution: Sending initialize execution with message: {"Version":7,"MessageType":"TestExecution.Initialize","Payload":["/Users/marco.mendes/code/exemplos-codigos-para-docs/irrf-regra-testes-unidade/test/bin/Debug/net8.0/xunit.runner.visualstudio.dotnetcore.testadapter.dll"]}
TpTrace Verbose: 0 : 33031, 5, 2024/04/25, 18:42:14.380, 592578601403375, vstest.console.dll, ParallelProxyExecutionManager.StartTestRunOnConcurrentManager: Execution starting. Started clients: 1
TpTrace Warning: 0 : 33031, 5, 2024/04/25, 18:42:14.380, 592578601599083, vstest.console.dll, InferRunSettingsHelper.MakeRunsettingsCompatible: Removing the following settings: TargetPlatform from RunSettings file. To use those settings please move to latest version of Microsoft.NET.Test.Sdk
TpTrace Verbose: 0 : 33031, 11, 2024/04/25, 18:42:14.380, 592578601884291, vstest.console.dll, TestRequestSender.OnExecutionMessageReceived: Received message: {"Version":7,"MessageType":"TestSession.Message","Payload":{"MessageLevel":0,"Message":"Registro em log do diagnstico TestHost no arquivo: /Users/marco.mendes/code/exemplos-codigos-para-docs/irrf-regra-testes-unidade/log.host.24-04-25_18-42-14_18056_5.txt"}}
TpTrace Verbose: 0 : 33031, 11, 2024/04/25, 18:42:14.382, 592578603318666, vstest.console.dll, TestRunRequest:SendTestRunMessage: Starting.
TpTrace Verbose: 0 : 33031, 11, 2024/04/25, 18:42:14.382, 592578603472833, vstest.console.dll, MulticastDelegateUtilities.SafeInvoke: TestRun.LogMessages: Invoking callback 1/1 for Microsoft.VisualStudio.TestPlatform.CommandLine.TestRunResultAggregator., took 0 ms.
TpTrace Information: 0 : 33031, 11, 2024/04/25, 18:42:14.382, 592578603487458, vstest.console.dll, TestRunRequest:SendTestRunMessage: Completed.
TpTrace Verbose: 0 : 33031, 11, 2024/04/25, 18:42:14.382, 592578603498041, vstest.console.dll, MulticastDelegateUtilities.SafeInvoke: LengthPrefixCommunicationChannel: MessageReceived: Invoking callback 1/1 for Microsoft.VisualStudio.TestPlatform.CommunicationUtilities.TestRequestSender+<>c__DisplayClass34_0., took 1 ms.
TpTrace Verbose: 0 : 33031, 11, 2024/04/25, 18:42:14.382, 592578603513875, vstest.console.dll, TcpClientExtensions.MessageLoopAsync: Polling on remoteEndPoint: 127.0.0.1:57203 localEndPoint: 127.0.0.1:57202 after 3 ms
TpTrace Verbose: 0 : 33031, 4, 2024/04/25, 18:42:14.382, 592578603608750, vstest.console.dll, MulticastDelegateUtilities.SafeInvoke: InternalTestLoggerEvents.SendTestRunMessage: Invoking callback 1/1 for Microsoft.VisualStudio.TestPlatform.CommandLine.Internal.ConsoleLogger., took 0 ms.
TpTrace Verbose: 0 : 33031, 5, 2024/04/25, 18:42:14.383, 592578604656000, vstest.console.dll, TestRequestSender.StartTestRun: Sending test run with message: {"Version":7,"MessageType":"TestExecution.StartWithSources","Payload":{"AdapterSourceMap":{"_none_":["/Users/marco.mendes/code/exemplos-codigos-para-docs/irrf-regra-testes-unidade/test/bin/Debug/net8.0/irrf-regra-projeto-testes.dll"]},"RunSettings":"<RunSettings>\n  <RunConfiguration>\n    <ResultsDirectory>/Users/marco.mendes/code/exemplos-codigos-para-docs/irrf-regra-testes-unidade/test/TestResults</ResultsDirectory>\n    <TargetFrameworkVersion>.NETCoreApp,Version=v8.0</TargetFrameworkVersion>\n    <TestAdaptersPaths>/Users/marco.mendes/.nuget/packages/coverlet.collector/6.0.0/build/netstandard1.0/</TestAdaptersPaths>\n    <DesignMode>False</DesignMode>\n    <CollectSourceInformation>False</CollectSourceInformation>\n  </RunConfiguration>\n  <LoggerRunSettings>\n    <Loggers>\n      <Logger friendlyName=\"Console\" assemblyQualifiedName=\"Microsoft.VisualStudio.TestPlatform.CommandLine.Internal.ConsoleLogger, vstest.console, Version=15.0.0.0, Culture=neutral, PublicKeyToken=b03f5f7f11d50a3a\" codeBase=\"/usr/local/share/dotnet/sdk/8.0.203/vstest.console.dll\" enabled=\"True\">\n        <Configuration>\n          <Verbosity>minimal</Verbosity>\n        </Configuration>\n      </Logger>\n    </Loggers>\n  </LoggerRunSettings>\n</RunSettings>","TestExecutionContext":{"FrequencyOfRunStatsChangeEvent":10,"RunStatsChangeEventTimeout":"00:00:01.5000000","InIsolation":false,"KeepAlive":false,"AreTestCaseLevelEventsRequired":false,"IsDebug":false,"TestCaseFilter":null,"FilterOptions":null},"Package":null}}
TpTrace Verbose: 0 : 33031, 5, 2024/04/25, 18:42:14.383, 592578604708458, vstest.console.dll, ParallelProxyExecutionManager.StartTestRunOnConcurrentManager: Execution started. Started clients: 1
TpTrace Verbose: 0 : 33031, 11, 2024/04/25, 18:42:14.439, 592578660911875, vstest.console.dll, TcpClientExtensions.MessageLoopAsync: NotifyDataAvailable remoteEndPoint: 127.0.0.1:57203 localEndPoint: 127.0.0.1:57202
TpTrace Verbose: 0 : 33031, 11, 2024/04/25, 18:42:14.439, 592578661011666, vstest.console.dll, TestRequestSender.OnExecutionMessageReceived: Received message: {"Version":7,"MessageType":"TestSession.Message","Payload":{"MessageLevel":0,"Message":"[xUnit.net 00:00:00.00] xUnit.net VSTest Adapter v2.5.3.1+6b60a9e56a (64-bit .NET 8.0.3)"}}
TpTrace Verbose: 0 : 33031, 11, 2024/04/25, 18:42:14.439, 592578661132041, vstest.console.dll, TestRunRequest:SendTestRunMessage: Starting.
TpTrace Verbose: 0 : 33031, 11, 2024/04/25, 18:42:14.439, 592578661160875, vstest.console.dll, MulticastDelegateUtilities.SafeInvoke: TestRun.LogMessages: Invoking callback 1/1 for Microsoft.VisualStudio.TestPlatform.CommandLine.TestRunResultAggregator., took 0 ms.
TpTrace Information: 0 : 33031, 11, 2024/04/25, 18:42:14.439, 592578661169583, vstest.console.dll, TestRunRequest:SendTestRunMessage: Completed.
TpTrace Verbose: 0 : 33031, 11, 2024/04/25, 18:42:14.439, 592578661176916, vstest.console.dll, MulticastDelegateUtilities.SafeInvoke: LengthPrefixCommunicationChannel: MessageReceived: Invoking callback 1/1 for Microsoft.VisualStudio.TestPlatform.CommunicationUtilities.TestRequestSender+<>c__DisplayClass34_0., took 0 ms.
TpTrace Verbose: 0 : 33031, 4, 2024/04/25, 18:42:14.439, 592578661177875, vstest.console.dll, MulticastDelegateUtilities.SafeInvoke: InternalTestLoggerEvents.SendTestRunMessage: Invoking callback 1/1 for Microsoft.VisualStudio.TestPlatform.CommandLine.Internal.ConsoleLogger., took 0 ms.
TpTrace Verbose: 0 : 33031, 11, 2024/04/25, 18:42:14.439, 592578661186750, vstest.console.dll, TcpClientExtensions.MessageLoopAsync: Polling on remoteEndPoint: 127.0.0.1:57203 localEndPoint: 127.0.0.1:57202 after 57 ms
TpTrace Verbose: 0 : 33031, 11, 2024/04/25, 18:42:14.477, 592578698789208, vstest.console.dll, TcpClientExtensions.MessageLoopAsync: NotifyDataAvailable remoteEndPoint: 127.0.0.1:57203 localEndPoint: 127.0.0.1:57202
TpTrace Verbose: 0 : 33031, 11, 2024/04/25, 18:42:14.477, 592578698877750, vstest.console.dll, TestRequestSender.OnExecutionMessageReceived: Received message: {"Version":7,"MessageType":"TestSession.Message","Payload":{"MessageLevel":0,"Message":"[xUnit.net 00:00:00.03]   Discovering: irrf-regra-projeto-testes"}}
TpTrace Verbose: 0 : 33031, 11, 2024/04/25, 18:42:14.477, 592578698966791, vstest.console.dll, TestRunRequest:SendTestRunMessage: Starting.
TpTrace Verbose: 0 : 33031, 11, 2024/04/25, 18:42:14.477, 592578698991833, vstest.console.dll, MulticastDelegateUtilities.SafeInvoke: TestRun.LogMessages: Invoking callback 1/1 for Microsoft.VisualStudio.TestPlatform.CommandLine.TestRunResultAggregator., took 0 ms.
TpTrace Information: 0 : 33031, 11, 2024/04/25, 18:42:14.477, 592578698999625, vstest.console.dll, TestRunRequest:SendTestRunMessage: Completed.
TpTrace Verbose: 0 : 33031, 11, 2024/04/25, 18:42:14.477, 592578699006791, vstest.console.dll, MulticastDelegateUtilities.SafeInvoke: LengthPrefixCommunicationChannel: MessageReceived: Invoking callback 1/1 for Microsoft.VisualStudio.TestPlatform.CommunicationUtilities.TestRequestSender+<>c__DisplayClass34_0., took 0 ms.
TpTrace Verbose: 0 : 33031, 4, 2024/04/25, 18:42:14.477, 592578699009000, vstest.console.dll, MulticastDelegateUtilities.SafeInvoke: InternalTestLoggerEvents.SendTestRunMessage: Invoking callback 1/1 for Microsoft.VisualStudio.TestPlatform.CommandLine.Internal.ConsoleLogger., took 0 ms.
TpTrace Verbose: 0 : 33031, 11, 2024/04/25, 18:42:14.477, 592578699015416, vstest.console.dll, TcpClientExtensions.MessageLoopAsync: Polling on remoteEndPoint: 127.0.0.1:57203 localEndPoint: 127.0.0.1:57202 after 37 ms
TpTrace Verbose: 0 : 33031, 11, 2024/04/25, 18:42:14.500, 592578721480125, vstest.console.dll, TcpClientExtensions.MessageLoopAsync: NotifyDataAvailable remoteEndPoint: 127.0.0.1:57203 localEndPoint: 127.0.0.1:57202
TpTrace Verbose: 0 : 33031, 11, 2024/04/25, 18:42:14.500, 592578721558083, vstest.console.dll, TestRequestSender.OnExecutionMessageReceived: Received message: {"Version":7,"MessageType":"TestSession.Message","Payload":{"MessageLevel":0,"Message":"[xUnit.net 00:00:00.06]   Discovered:  irrf-regra-projeto-testes"}}
TpTrace Verbose: 0 : 33031, 11, 2024/04/25, 18:42:14.500, 592578721615666, vstest.console.dll, TestRunRequest:SendTestRunMessage: Starting.
TpTrace Verbose: 0 : 33031, 11, 2024/04/25, 18:42:14.500, 592578721638666, vstest.console.dll, MulticastDelegateUtilities.SafeInvoke: TestRun.LogMessages: Invoking callback 1/1 for Microsoft.VisualStudio.TestPlatform.CommandLine.TestRunResultAggregator., took 0 ms.
TpTrace Information: 0 : 33031, 11, 2024/04/25, 18:42:14.500, 592578721646375, vstest.console.dll, TestRunRequest:SendTestRunMessage: Completed.
TpTrace Verbose: 0 : 33031, 4, 2024/04/25, 18:42:14.500, 592578721657083, vstest.console.dll, MulticastDelegateUtilities.SafeInvoke: InternalTestLoggerEvents.SendTestRunMessage: Invoking callback 1/1 for Microsoft.VisualStudio.TestPlatform.CommandLine.Internal.ConsoleLogger., took 0 ms.
TpTrace Verbose: 0 : 33031, 11, 2024/04/25, 18:42:14.500, 592578721661500, vstest.console.dll, MulticastDelegateUtilities.SafeInvoke: LengthPrefixCommunicationChannel: MessageReceived: Invoking callback 1/1 for Microsoft.VisualStudio.TestPlatform.CommunicationUtilities.TestRequestSender+<>c__DisplayClass34_0., took 0 ms.
TpTrace Verbose: 0 : 33031, 11, 2024/04/25, 18:42:14.500, 592578721706083, vstest.console.dll, TcpClientExtensions.MessageLoopAsync: Polling on remoteEndPoint: 127.0.0.1:57203 localEndPoint: 127.0.0.1:57202 after 22 ms
TpTrace Verbose: 0 : 33031, 11, 2024/04/25, 18:42:14.501, 592578722691583, vstest.console.dll, TcpClientExtensions.MessageLoopAsync: NotifyDataAvailable remoteEndPoint: 127.0.0.1:57203 localEndPoint: 127.0.0.1:57202
TpTrace Verbose: 0 : 33031, 11, 2024/04/25, 18:42:14.501, 592578722714666, vstest.console.dll, TestRequestSender.OnExecutionMessageReceived: Received message: {"Version":7,"MessageType":"TestSession.Message","Payload":{"MessageLevel":0,"Message":"[xUnit.net 00:00:00.06]   Starting:    irrf-regra-projeto-testes"}}
TpTrace Verbose: 0 : 33031, 11, 2024/04/25, 18:42:14.501, 592578722736375, vstest.console.dll, TestRunRequest:SendTestRunMessage: Starting.
TpTrace Verbose: 0 : 33031, 11, 2024/04/25, 18:42:14.501, 592578722748875, vstest.console.dll, MulticastDelegateUtilities.SafeInvoke: TestRun.LogMessages: Invoking callback 1/1 for Microsoft.VisualStudio.TestPlatform.CommandLine.TestRunResultAggregator., took 0 ms.
TpTrace Information: 0 : 33031, 11, 2024/04/25, 18:42:14.501, 592578722755958, vstest.console.dll, TestRunRequest:SendTestRunMessage: Completed.
TpTrace Verbose: 0 : 33031, 4, 2024/04/25, 18:42:14.501, 592578722757416, vstest.console.dll, MulticastDelegateUtilities.SafeInvoke: InternalTestLoggerEvents.SendTestRunMessage: Invoking callback 1/1 for Microsoft.VisualStudio.TestPlatform.CommandLine.Internal.ConsoleLogger., took 0 ms.
TpTrace Verbose: 0 : 33031, 11, 2024/04/25, 18:42:14.501, 592578722767208, vstest.console.dll, MulticastDelegateUtilities.SafeInvoke: LengthPrefixCommunicationChannel: MessageReceived: Invoking callback 1/1 for Microsoft.VisualStudio.TestPlatform.CommunicationUtilities.TestRequestSender+<>c__DisplayClass34_0., took 0 ms.
TpTrace Verbose: 0 : 33031, 11, 2024/04/25, 18:42:14.501, 592578722778541, vstest.console.dll, TcpClientExtensions.MessageLoopAsync: Polling on remoteEndPoint: 127.0.0.1:57203 localEndPoint: 127.0.0.1:57202 after 1 ms
TpTrace Verbose: 0 : 33031, 11, 2024/04/25, 18:42:14.534, 592578755519041, vstest.console.dll, TcpClientExtensions.MessageLoopAsync: NotifyDataAvailable remoteEndPoint: 127.0.0.1:57203 localEndPoint: 127.0.0.1:57202
TpTrace Verbose: 0 : 33031, 11, 2024/04/25, 18:42:14.534, 592578755608250, vstest.console.dll, TestRequestSender.OnExecutionMessageReceived: Received message: {"Version":7,"MessageType":"TestSession.Message","Payload":{"MessageLevel":2,"Message":"[xUnit.net 00:00:00.09]     EmpregadoTests.TestarDeducaoDespesasEducacao_RN002_ValorInvalido [FAIL]"}}
TpTrace Verbose: 0 : 33031, 11, 2024/04/25, 18:42:14.534, 592578755678625, vstest.console.dll, TestRunRequest:SendTestRunMessage: Starting.
TpTrace Verbose: 0 : 33031, 11, 2024/04/25, 18:42:14.534, 592578755705875, vstest.console.dll, MulticastDelegateUtilities.SafeInvoke: TestRun.LogMessages: Invoking callback 1/1 for Microsoft.VisualStudio.TestPlatform.CommandLine.TestRunResultAggregator., took 0 ms.
TpTrace Information: 0 : 33031, 11, 2024/04/25, 18:42:14.534, 592578755714833, vstest.console.dll, TestRunRequest:SendTestRunMessage: Completed.
TpTrace Verbose: 0 : 33031, 11, 2024/04/25, 18:42:14.534, 592578755727833, vstest.console.dll, MulticastDelegateUtilities.SafeInvoke: LengthPrefixCommunicationChannel: MessageReceived: Invoking callback 1/1 for Microsoft.VisualStudio.TestPlatform.CommunicationUtilities.TestRequestSender+<>c__DisplayClass34_0., took 0 ms.
TpTrace Verbose: 0 : 33031, 11, 2024/04/25, 18:42:14.534, 592578755738000, vstest.console.dll, TcpClientExtensions.MessageLoopAsync: Polling on remoteEndPoint: 127.0.0.1:57203 localEndPoint: 127.0.0.1:57202 after 32 ms
TpTrace Verbose: 0 : 33031, 11, 2024/04/25, 18:42:14.534, 592578755749500, vstest.console.dll, TcpClientExtensions.MessageLoopAsync: NotifyDataAvailable remoteEndPoint: 127.0.0.1:57203 localEndPoint: 127.0.0.1:57202
TpTrace Verbose: 0 : 33031, 11, 2024/04/25, 18:42:14.534, 592578755762375, vstest.console.dll, TestRequestSender.OnExecutionMessageReceived: Received message: {"Version":7,"MessageType":"TestSession.Message","Payload":{"MessageLevel":0,"Message":"[xUnit.net 00:00:00.09]       Assert.Throws() Failure: No exception was thrown"}}
TpTrace Verbose: 0 : 33031, 11, 2024/04/25, 18:42:14.534, 592578755778875, vstest.console.dll, TestRunRequest:SendTestRunMessage: Starting.
TpTrace Verbose: 0 : 33031, 11, 2024/04/25, 18:42:14.534, 592578755789916, vstest.console.dll, MulticastDelegateUtilities.SafeInvoke: TestRun.LogMessages: Invoking callback 1/1 for Microsoft.VisualStudio.TestPlatform.CommandLine.TestRunResultAggregator., took 0 ms.
TpTrace Information: 0 : 33031, 11, 2024/04/25, 18:42:14.534, 592578755796375, vstest.console.dll, TestRunRequest:SendTestRunMessage: Completed.
TpTrace Verbose: 0 : 33031, 11, 2024/04/25, 18:42:14.534, 592578755803000, vstest.console.dll, MulticastDelegateUtilities.SafeInvoke: LengthPrefixCommunicationChannel: MessageReceived: Invoking callback 1/1 for Microsoft.VisualStudio.TestPlatform.CommunicationUtilities.TestRequestSender+<>c__DisplayClass34_0., took 0 ms.
TpTrace Verbose: 0 : 33031, 11, 2024/04/25, 18:42:14.534, 592578755812500, vstest.console.dll, TcpClientExtensions.MessageLoopAsync: Polling on remoteEndPoint: 127.0.0.1:57203 localEndPoint: 127.0.0.1:57202 after 0 ms
TpTrace Verbose: 0 : 33031, 11, 2024/04/25, 18:42:14.534, 592578755820541, vstest.console.dll, TcpClientExtensions.MessageLoopAsync: NotifyDataAvailable remoteEndPoint: 127.0.0.1:57203 localEndPoint: 127.0.0.1:57202
TpTrace Verbose: 0 : 33031, 11, 2024/04/25, 18:42:14.534, 592578755832000, vstest.console.dll, TestRequestSender.OnExecutionMessageReceived: Received message: {"Version":7,"MessageType":"TestSession.Message","Payload":{"MessageLevel":0,"Message":"[xUnit.net 00:00:00.09]       Expected: typeof(System.ArgumentException)"}}
TpTrace Verbose: 0 : 33031, 11, 2024/04/25, 18:42:14.534, 592578755846000, vstest.console.dll, TestRunRequest:SendTestRunMessage: Starting.
TpTrace Verbose: 0 : 33031, 11, 2024/04/25, 18:42:14.534, 592578755855500, vstest.console.dll, MulticastDelegateUtilities.SafeInvoke: TestRun.LogMessages: Invoking callback 1/1 for Microsoft.VisualStudio.TestPlatform.CommandLine.TestRunResultAggregator., took 0 ms.
TpTrace Information: 0 : 33031, 11, 2024/04/25, 18:42:14.534, 592578755861541, vstest.console.dll, TestRunRequest:SendTestRunMessage: Completed.
TpTrace Verbose: 0 : 33031, 11, 2024/04/25, 18:42:14.534, 592578755867708, vstest.console.dll, MulticastDelegateUtilities.SafeInvoke: LengthPrefixCommunicationChannel: MessageReceived: Invoking callback 1/1 for Microsoft.VisualStudio.TestPlatform.CommunicationUtilities.TestRequestSender+<>c__DisplayClass34_0., took 0 ms.
TpTrace Verbose: 0 : 33031, 11, 2024/04/25, 18:42:14.534, 592578755877000, vstest.console.dll, TcpClientExtensions.MessageLoopAsync: Polling on remoteEndPoint: 127.0.0.1:57203 localEndPoint: 127.0.0.1:57202 after 0 ms
TpTrace Verbose: 0 : 33031, 11, 2024/04/25, 18:42:14.534, 592578755942333, vstest.console.dll, TcpClientExtensions.MessageLoopAsync: NotifyDataAvailable remoteEndPoint: 127.0.0.1:57203 localEndPoint: 127.0.0.1:57202
TpTrace Verbose: 0 : 33031, 11, 2024/04/25, 18:42:14.534, 592578756088833, vstest.console.dll, TestRequestSender.OnExecutionMessageReceived: Received message: {"Version":7,"MessageType":"TestSession.Message","Payload":{"MessageLevel":0,"Message":"[xUnit.net 00:00:00.09]       Stack Trace:"}}
TpTrace Verbose: 0 : 33031, 11, 2024/04/25, 18:42:14.535, 592578756260166, vstest.console.dll, TestRunRequest:SendTestRunMessage: Starting.
TpTrace Verbose: 0 : 33031, 11, 2024/04/25, 18:42:14.535, 592578756321125, vstest.console.dll, MulticastDelegateUtilities.SafeInvoke: TestRun.LogMessages: Invoking callback 1/1 for Microsoft.VisualStudio.TestPlatform.CommandLine.TestRunResultAggregator., took 0 ms.
TpTrace Information: 0 : 33031, 11, 2024/04/25, 18:42:14.535, 592578756361833, vstest.console.dll, TestRunRequest:SendTestRunMessage: Completed.
TpTrace Verbose: 0 : 33031, 11, 2024/04/25, 18:42:14.535, 592578756389958, vstest.console.dll, MulticastDelegateUtilities.SafeInvoke: LengthPrefixCommunicationChannel: MessageReceived: Invoking callback 1/1 for Microsoft.VisualStudio.TestPlatform.CommunicationUtilities.TestRequestSender+<>c__DisplayClass34_0., took 0 ms.
TpTrace Verbose: 0 : 33031, 11, 2024/04/25, 18:42:14.535, 592578756416166, vstest.console.dll, TcpClientExtensions.MessageLoopAsync: Polling on remoteEndPoint: 127.0.0.1:57203 localEndPoint: 127.0.0.1:57202 after 0 ms
TpTrace Verbose: 0 : 33031, 11, 2024/04/25, 18:42:14.535, 592578756456666, vstest.console.dll, TcpClientExtensions.MessageLoopAsync: NotifyDataAvailable remoteEndPoint: 127.0.0.1:57203 localEndPoint: 127.0.0.1:57202
TpTrace Verbose: 0 : 33031, 11, 2024/04/25, 18:42:14.535, 592578756507041, vstest.console.dll, TestRequestSender.OnExecutionMessageReceived: Received message: {"Version":7,"MessageType":"TestSession.Message","Payload":{"MessageLevel":0,"Message":"[xUnit.net 00:00:00.09]         /Users/marco.mendes/code/exemplos-codigos-para-docs/irrf-regra-testes-unidade/test/EmpregadoTests.cs(66,0): at EmpregadoTests.TestarDeducaoDespesasEducacao_RN002_ValorInvalido()"}}
TpTrace Verbose: 0 : 33031, 11, 2024/04/25, 18:42:14.535, 592578756566833, vstest.console.dll, TestRunRequest:SendTestRunMessage: Starting.
TpTrace Verbose: 0 : 33031, 11, 2024/04/25, 18:42:14.535, 592578756604708, vstest.console.dll, MulticastDelegateUtilities.SafeInvoke: TestRun.LogMessages: Invoking callback 1/1 for Microsoft.VisualStudio.TestPlatform.CommandLine.TestRunResultAggregator., took 0 ms.
TpTrace Information: 0 : 33031, 11, 2024/04/25, 18:42:14.535, 592578756628916, vstest.console.dll, TestRunRequest:SendTestRunMessage: Completed.
TpTrace Verbose: 0 : 33031, 11, 2024/04/25, 18:42:14.535, 592578756649875, vstest.console.dll, MulticastDelegateUtilities.SafeInvoke: LengthPrefixCommunicationChannel: MessageReceived: Invoking callback 1/1 for Microsoft.VisualStudio.TestPlatform.CommunicationUtilities.TestRequestSender+<>c__DisplayClass34_0., took 0 ms.
TpTrace Verbose: 0 : 33031, 11, 2024/04/25, 18:42:14.535, 592578756709875, vstest.console.dll, TcpClientExtensions.MessageLoopAsync: Polling on remoteEndPoint: 127.0.0.1:57203 localEndPoint: 127.0.0.1:57202 after 0 ms
TpTrace Verbose: 0 : 33031, 11, 2024/04/25, 18:42:14.535, 592578756734708, vstest.console.dll, TcpClientExtensions.MessageLoopAsync: NotifyDataAvailable remoteEndPoint: 127.0.0.1:57203 localEndPoint: 127.0.0.1:57202
TpTrace Verbose: 0 : 33031, 11, 2024/04/25, 18:42:14.535, 592578756756833, vstest.console.dll, TestRequestSender.OnExecutionMessageReceived: Received message: {"Version":7,"MessageType":"TestSession.Message","Payload":{"MessageLevel":0,"Message":"[xUnit.net 00:00:00.09]            at System.RuntimeMethodHandle.InvokeMethod(Object target, Void** arguments, Signature sig, Boolean isConstructor)"}}
TpTrace Verbose: 0 : 33031, 11, 2024/04/25, 18:42:14.535, 592578756778583, vstest.console.dll, TestRunRequest:SendTestRunMessage: Starting.
TpTrace Verbose: 0 : 33031, 11, 2024/04/25, 18:42:14.535, 592578756795416, vstest.console.dll, MulticastDelegateUtilities.SafeInvoke: TestRun.LogMessages: Invoking callback 1/1 for Microsoft.VisualStudio.TestPlatform.CommandLine.TestRunResultAggregator., took 0 ms.
TpTrace Information: 0 : 33031, 11, 2024/04/25, 18:42:14.535, 592578756802708, vstest.console.dll, TestRunRequest:SendTestRunMessage: Completed.
TpTrace Verbose: 0 : 33031, 11, 2024/04/25, 18:42:14.535, 592578756809708, vstest.console.dll, MulticastDelegateUtilities.SafeInvoke: LengthPrefixCommunicationChannel: MessageReceived: Invoking callback 1/1 for Microsoft.VisualStudio.TestPlatform.CommunicationUtilities.TestRequestSender+<>c__DisplayClass34_0., took 0 ms.
TpTrace Verbose: 0 : 33031, 11, 2024/04/25, 18:42:14.535, 592578756818666, vstest.console.dll, TcpClientExtensions.MessageLoopAsync: Polling on remoteEndPoint: 127.0.0.1:57203 localEndPoint: 127.0.0.1:57202 after 0 ms
TpTrace Verbose: 0 : 33031, 11, 2024/04/25, 18:42:14.535, 592578756827000, vstest.console.dll, TcpClientExtensions.MessageLoopAsync: NotifyDataAvailable remoteEndPoint: 127.0.0.1:57203 localEndPoint: 127.0.0.1:57202
TpTrace Verbose: 0 : 33031, 11, 2024/04/25, 18:42:14.535, 592578756839333, vstest.console.dll, TestRequestSender.OnExecutionMessageReceived: Received message: {"Version":7,"MessageType":"TestSession.Message","Payload":{"MessageLevel":0,"Message":"[xUnit.net 00:00:00.09]            at System.Reflection.MethodBaseInvoker.InvokeWithNoArgs(Object obj, BindingFlags invokeAttr)"}}
TpTrace Verbose: 0 : 33031, 11, 2024/04/25, 18:42:14.535, 592578756853416, vstest.console.dll, TestRunRequest:SendTestRunMessage: Starting.
TpTrace Verbose: 0 : 33031, 11, 2024/04/25, 18:42:14.535, 592578756862916, vstest.console.dll, MulticastDelegateUtilities.SafeInvoke: TestRun.LogMessages: Invoking callback 1/1 for Microsoft.VisualStudio.TestPlatform.CommandLine.TestRunResultAggregator., took 0 ms.
TpTrace Information: 0 : 33031, 11, 2024/04/25, 18:42:14.535, 592578756869166, vstest.console.dll, TestRunRequest:SendTestRunMessage: Completed.
TpTrace Verbose: 0 : 33031, 11, 2024/04/25, 18:42:14.535, 592578756875833, vstest.console.dll, MulticastDelegateUtilities.SafeInvoke: LengthPrefixCommunicationChannel: MessageReceived: Invoking callback 1/1 for Microsoft.VisualStudio.TestPlatform.CommunicationUtilities.TestRequestSender+<>c__DisplayClass34_0., took 0 ms.
TpTrace Verbose: 0 : 33031, 11, 2024/04/25, 18:42:14.535, 592578756882041, vstest.console.dll, TcpClientExtensions.MessageLoopAsync: Polling on remoteEndPoint: 127.0.0.1:57203 localEndPoint: 127.0.0.1:57202 after 0 ms
TpTrace Verbose: 0 : 33031, 11, 2024/04/25, 18:42:14.535, 592578756892208, vstest.console.dll, TcpClientExtensions.MessageLoopAsync: NotifyDataAvailable remoteEndPoint: 127.0.0.1:57203 localEndPoint: 127.0.0.1:57202
TpTrace Verbose: 0 : 33031, 11, 2024/04/25, 18:42:14.535, 592578756904041, vstest.console.dll, TestRequestSender.OnExecutionMessageReceived: Received message: {"Version":7,"MessageType":"TestSession.Message","Payload":{"MessageLevel":2,"Message":"[xUnit.net 00:00:00.09]     EmpregadoTests.TestarCalculoIR_RN006(salario: 2826,66, aliquotaEsperada: 7,5) [FAIL]"}}
TpTrace Verbose: 0 : 33031, 11, 2024/04/25, 18:42:14.535, 592578756916708, vstest.console.dll, TestRunRequest:SendTestRunMessage: Starting.
TpTrace Verbose: 0 : 33031, 11, 2024/04/25, 18:42:14.535, 592578756926083, vstest.console.dll, MulticastDelegateUtilities.SafeInvoke: TestRun.LogMessages: Invoking callback 1/1 for Microsoft.VisualStudio.TestPlatform.CommandLine.TestRunResultAggregator., took 0 ms.
TpTrace Information: 0 : 33031, 11, 2024/04/25, 18:42:14.535, 592578756932916, vstest.console.dll, TestRunRequest:SendTestRunMessage: Completed.
TpTrace Verbose: 0 : 33031, 11, 2024/04/25, 18:42:14.535, 592578756939375, vstest.console.dll, MulticastDelegateUtilities.SafeInvoke: LengthPrefixCommunicationChannel: MessageReceived: Invoking callback 1/1 for Microsoft.VisualStudio.TestPlatform.CommunicationUtilities.TestRequestSender+<>c__DisplayClass34_0., took 0 ms.
TpTrace Verbose: 0 : 33031, 11, 2024/04/25, 18:42:14.535, 592578756945541, vstest.console.dll, TcpClientExtensions.MessageLoopAsync: Polling on remoteEndPoint: 127.0.0.1:57203 localEndPoint: 127.0.0.1:57202 after 0 ms
TpTrace Verbose: 0 : 33031, 11, 2024/04/25, 18:42:14.535, 592578756955625, vstest.console.dll, TcpClientExtensions.MessageLoopAsync: NotifyDataAvailable remoteEndPoint: 127.0.0.1:57203 localEndPoint: 127.0.0.1:57202
TpTrace Verbose: 0 : 33031, 11, 2024/04/25, 18:42:14.535, 592578756966875, vstest.console.dll, TestRequestSender.OnExecutionMessageReceived: Received message: {"Version":7,"MessageType":"TestSession.Message","Payload":{"MessageLevel":0,"Message":"[xUnit.net 00:00:00.09]       Assert.Equal() Failure: Values differ"}}
TpTrace Verbose: 0 : 33031, 11, 2024/04/25, 18:42:14.535, 592578756979250, vstest.console.dll, TestRunRequest:SendTestRunMessage: Starting.
TpTrace Verbose: 0 : 33031, 11, 2024/04/25, 18:42:14.535, 592578756989000, vstest.console.dll, MulticastDelegateUtilities.SafeInvoke: TestRun.LogMessages: Invoking callback 1/1 for Microsoft.VisualStudio.TestPlatform.CommandLine.TestRunResultAggregator., took 0 ms.
TpTrace Information: 0 : 33031, 11, 2024/04/25, 18:42:14.535, 592578756994791, vstest.console.dll, TestRunRequest:SendTestRunMessage: Completed.
TpTrace Verbose: 0 : 33031, 11, 2024/04/25, 18:42:14.535, 592578757001791, vstest.console.dll, MulticastDelegateUtilities.SafeInvoke: LengthPrefixCommunicationChannel: MessageReceived: Invoking callback 1/1 for Microsoft.VisualStudio.TestPlatform.CommunicationUtilities.TestRequestSender+<>c__DisplayClass34_0., took 0 ms.
TpTrace Verbose: 0 : 33031, 11, 2024/04/25, 18:42:14.535, 592578757008041, vstest.console.dll, TcpClientExtensions.MessageLoopAsync: Polling on remoteEndPoint: 127.0.0.1:57203 localEndPoint: 127.0.0.1:57202 after 0 ms
TpTrace Verbose: 0 : 33031, 11, 2024/04/25, 18:42:14.535, 592578757015041, vstest.console.dll, TcpClientExtensions.MessageLoopAsync: NotifyDataAvailable remoteEndPoint: 127.0.0.1:57203 localEndPoint: 127.0.0.1:57202
TpTrace Verbose: 0 : 33031, 11, 2024/04/25, 18:42:14.535, 592578757028416, vstest.console.dll, TestRequestSender.OnExecutionMessageReceived: Received message: {"Version":7,"MessageType":"TestSession.Message","Payload":{"MessageLevel":0,"Message":"[xUnit.net 00:00:00.09]       Expected: 211,9995"}}
TpTrace Verbose: 0 : 33031, 11, 2024/04/25, 18:42:14.535, 592578757040291, vstest.console.dll, TestRunRequest:SendTestRunMessage: Starting.
TpTrace Verbose: 0 : 33031, 11, 2024/04/25, 18:42:14.535, 592578757049791, vstest.console.dll, MulticastDelegateUtilities.SafeInvoke: TestRun.LogMessages: Invoking callback 1/1 for Microsoft.VisualStudio.TestPlatform.CommandLine.TestRunResultAggregator., took 0 ms.
TpTrace Information: 0 : 33031, 11, 2024/04/25, 18:42:14.535, 592578757055875, vstest.console.dll, TestRunRequest:SendTestRunMessage: Completed.
TpTrace Verbose: 0 : 33031, 11, 2024/04/25, 18:42:14.535, 592578757061541, vstest.console.dll, MulticastDelegateUtilities.SafeInvoke: LengthPrefixCommunicationChannel: MessageReceived: Invoking callback 1/1 for Microsoft.VisualStudio.TestPlatform.CommunicationUtilities.TestRequestSender+<>c__DisplayClass34_0., took 0 ms.
TpTrace Verbose: 0 : 33031, 11, 2024/04/25, 18:42:14.535, 592578757067500, vstest.console.dll, TcpClientExtensions.MessageLoopAsync: Polling on remoteEndPoint: 127.0.0.1:57203 localEndPoint: 127.0.0.1:57202 after 0 ms
TpTrace Verbose: 0 : 33031, 11, 2024/04/25, 18:42:14.535, 592578757074208, vstest.console.dll, TcpClientExtensions.MessageLoopAsync: NotifyDataAvailable remoteEndPoint: 127.0.0.1:57203 localEndPoint: 127.0.0.1:57202
TpTrace Verbose: 0 : 33031, 11, 2024/04/25, 18:42:14.535, 592578757086791, vstest.console.dll, TestRequestSender.OnExecutionMessageReceived: Received message: {"Version":7,"MessageType":"TestSession.Message","Payload":{"MessageLevel":0,"Message":"[xUnit.net 00:00:00.09]       Actual:   423,9990"}}
TpTrace Verbose: 0 : 33031, 11, 2024/04/25, 18:42:14.535, 592578757099208, vstest.console.dll, TestRunRequest:SendTestRunMessage: Starting.
TpTrace Verbose: 0 : 33031, 11, 2024/04/25, 18:42:14.535, 592578757107958, vstest.console.dll, MulticastDelegateUtilities.SafeInvoke: TestRun.LogMessages: Invoking callback 1/1 for Microsoft.VisualStudio.TestPlatform.CommandLine.TestRunResultAggregator., took 0 ms.
TpTrace Information: 0 : 33031, 11, 2024/04/25, 18:42:14.535, 592578757114333, vstest.console.dll, TestRunRequest:SendTestRunMessage: Completed.
TpTrace Verbose: 0 : 33031, 11, 2024/04/25, 18:42:14.535, 592578757120333, vstest.console.dll, MulticastDelegateUtilities.SafeInvoke: LengthPrefixCommunicationChannel: MessageReceived: Invoking callback 1/1 for Microsoft.VisualStudio.TestPlatform.CommunicationUtilities.TestRequestSender+<>c__DisplayClass34_0., took 0 ms.
TpTrace Verbose: 0 : 33031, 11, 2024/04/25, 18:42:14.535, 592578757126416, vstest.console.dll, TcpClientExtensions.MessageLoopAsync: Polling on remoteEndPoint: 127.0.0.1:57203 localEndPoint: 127.0.0.1:57202 after 0 ms
TpTrace Verbose: 0 : 33031, 11, 2024/04/25, 18:42:14.535, 592578757133291, vstest.console.dll, TcpClientExtensions.MessageLoopAsync: NotifyDataAvailable remoteEndPoint: 127.0.0.1:57203 localEndPoint: 127.0.0.1:57202
TpTrace Verbose: 0 : 33031, 11, 2024/04/25, 18:42:14.535, 592578757144375, vstest.console.dll, TestRequestSender.OnExecutionMessageReceived: Received message: {"Version":7,"MessageType":"TestSession.Message","Payload":{"MessageLevel":0,"Message":"[xUnit.net 00:00:00.09]       Stack Trace:"}}
TpTrace Verbose: 0 : 33031, 11, 2024/04/25, 18:42:14.535, 592578757159166, vstest.console.dll, TestRunRequest:SendTestRunMessage: Starting.
TpTrace Verbose: 0 : 33031, 11, 2024/04/25, 18:42:14.535, 592578757168333, vstest.console.dll, MulticastDelegateUtilities.SafeInvoke: TestRun.LogMessages: Invoking callback 1/1 for Microsoft.VisualStudio.TestPlatform.CommandLine.TestRunResultAggregator., took 0 ms.
TpTrace Information: 0 : 33031, 11, 2024/04/25, 18:42:14.535, 592578757174208, vstest.console.dll, TestRunRequest:SendTestRunMessage: Completed.
TpTrace Verbose: 0 : 33031, 11, 2024/04/25, 18:42:14.535, 592578757180666, vstest.console.dll, MulticastDelegateUtilities.SafeInvoke: LengthPrefixCommunicationChannel: MessageReceived: Invoking callback 1/1 for Microsoft.VisualStudio.TestPlatform.CommunicationUtilities.TestRequestSender+<>c__DisplayClass34_0., took 0 ms.
TpTrace Verbose: 0 : 33031, 11, 2024/04/25, 18:42:14.535, 592578757187541, vstest.console.dll, TcpClientExtensions.MessageLoopAsync: Polling on remoteEndPoint: 127.0.0.1:57203 localEndPoint: 127.0.0.1:57202 after 0 ms
TpTrace Verbose: 0 : 33031, 11, 2024/04/25, 18:42:14.535, 592578757194416, vstest.console.dll, TcpClientExtensions.MessageLoopAsync: NotifyDataAvailable remoteEndPoint: 127.0.0.1:57203 localEndPoint: 127.0.0.1:57202
TpTrace Verbose: 0 : 33031, 11, 2024/04/25, 18:42:14.535, 592578757209083, vstest.console.dll, TestRequestSender.OnExecutionMessageReceived: Received message: {"Version":7,"MessageType":"TestSession.Message","Payload":{"MessageLevel":0,"Message":"[xUnit.net 00:00:00.09]         /Users/marco.mendes/code/exemplos-codigos-para-docs/irrf-regra-testes-unidade/test/EmpregadoTests.cs(169,0): at EmpregadoTests.TestarCalculoIR_RN006(Decimal salario, Decimal aliquotaEsperada)"}}
TpTrace Verbose: 0 : 33031, 11, 2024/04/25, 18:42:14.536, 592578757222000, vstest.console.dll, TestRunRequest:SendTestRunMessage: Starting.
TpTrace Verbose: 0 : 33031, 11, 2024/04/25, 18:42:14.536, 592578757231166, vstest.console.dll, MulticastDelegateUtilities.SafeInvoke: TestRun.LogMessages: Invoking callback 1/1 for Microsoft.VisualStudio.TestPlatform.CommandLine.TestRunResultAggregator., took 0 ms.
TpTrace Information: 0 : 33031, 11, 2024/04/25, 18:42:14.536, 592578757238125, vstest.console.dll, TestRunRequest:SendTestRunMessage: Completed.
TpTrace Verbose: 0 : 33031, 11, 2024/04/25, 18:42:14.536, 592578757244041, vstest.console.dll, MulticastDelegateUtilities.SafeInvoke: LengthPrefixCommunicationChannel: MessageReceived: Invoking callback 1/1 for Microsoft.VisualStudio.TestPlatform.CommunicationUtilities.TestRequestSender+<>c__DisplayClass34_0., took 0 ms.
TpTrace Verbose: 0 : 33031, 11, 2024/04/25, 18:42:14.536, 592578757250916, vstest.console.dll, TcpClientExtensions.MessageLoopAsync: Polling on remoteEndPoint: 127.0.0.1:57203 localEndPoint: 127.0.0.1:57202 after 0 ms
TpTrace Verbose: 0 : 33031, 11, 2024/04/25, 18:42:14.536, 592578757259958, vstest.console.dll, TcpClientExtensions.MessageLoopAsync: NotifyDataAvailable remoteEndPoint: 127.0.0.1:57203 localEndPoint: 127.0.0.1:57202
TpTrace Verbose: 0 : 33031, 11, 2024/04/25, 18:42:14.536, 592578757273333, vstest.console.dll, TestRequestSender.OnExecutionMessageReceived: Received message: {"Version":7,"MessageType":"TestSession.Message","Payload":{"MessageLevel":0,"Message":"[xUnit.net 00:00:00.09]            at System.RuntimeMethodHandle.InvokeMethod(Object target, Void** arguments, Signature sig, Boolean isConstructor)"}}
TpTrace Verbose: 0 : 33031, 11, 2024/04/25, 18:42:14.536, 592578757285625, vstest.console.dll, TestRunRequest:SendTestRunMessage: Starting.
TpTrace Verbose: 0 : 33031, 11, 2024/04/25, 18:42:14.536, 592578757294666, vstest.console.dll, MulticastDelegateUtilities.SafeInvoke: TestRun.LogMessages: Invoking callback 1/1 for Microsoft.VisualStudio.TestPlatform.CommandLine.TestRunResultAggregator., took 0 ms.
TpTrace Information: 0 : 33031, 11, 2024/04/25, 18:42:14.536, 592578757301041, vstest.console.dll, TestRunRequest:SendTestRunMessage: Completed.
TpTrace Verbose: 0 : 33031, 11, 2024/04/25, 18:42:14.536, 592578757307708, vstest.console.dll, MulticastDelegateUtilities.SafeInvoke: LengthPrefixCommunicationChannel: MessageReceived: Invoking callback 1/1 for Microsoft.VisualStudio.TestPlatform.CommunicationUtilities.TestRequestSender+<>c__DisplayClass34_0., took 0 ms.
TpTrace Verbose: 0 : 33031, 11, 2024/04/25, 18:42:14.536, 592578757313875, vstest.console.dll, TcpClientExtensions.MessageLoopAsync: Polling on remoteEndPoint: 127.0.0.1:57203 localEndPoint: 127.0.0.1:57202 after 0 ms
TpTrace Verbose: 0 : 33031, 11, 2024/04/25, 18:42:14.536, 592578757321583, vstest.console.dll, TcpClientExtensions.MessageLoopAsync: NotifyDataAvailable remoteEndPoint: 127.0.0.1:57203 localEndPoint: 127.0.0.1:57202
TpTrace Verbose: 0 : 33031, 11, 2024/04/25, 18:42:14.536, 592578757332625, vstest.console.dll, TestRequestSender.OnExecutionMessageReceived: Received message: {"Version":7,"MessageType":"TestSession.Message","Payload":{"MessageLevel":0,"Message":"[xUnit.net 00:00:00.09]            at System.Reflection.MethodBaseInvoker.InvokeDirectByRefWithFewArgs(Object obj, Span`1 copyOfArgs, BindingFlags invokeAttr)"}}
TpTrace Verbose: 0 : 33031, 11, 2024/04/25, 18:42:14.536, 592578757344625, vstest.console.dll, TestRunRequest:SendTestRunMessage: Starting.
TpTrace Verbose: 0 : 33031, 11, 2024/04/25, 18:42:14.536, 592578757358416, vstest.console.dll, MulticastDelegateUtilities.SafeInvoke: TestRun.LogMessages: Invoking callback 1/1 for Microsoft.VisualStudio.TestPlatform.CommandLine.TestRunResultAggregator., took 0 ms.
TpTrace Information: 0 : 33031, 11, 2024/04/25, 18:42:14.536, 592578757365000, vstest.console.dll, TestRunRequest:SendTestRunMessage: Completed.
TpTrace Verbose: 0 : 33031, 11, 2024/04/25, 18:42:14.536, 592578757371500, vstest.console.dll, MulticastDelegateUtilities.SafeInvoke: LengthPrefixCommunicationChannel: MessageReceived: Invoking callback 1/1 for Microsoft.VisualStudio.TestPlatform.CommunicationUtilities.TestRequestSender+<>c__DisplayClass34_0., took 0 ms.
TpTrace Verbose: 0 : 33031, 11, 2024/04/25, 18:42:14.536, 592578757377541, vstest.console.dll, TcpClientExtensions.MessageLoopAsync: Polling on remoteEndPoint: 127.0.0.1:57203 localEndPoint: 127.0.0.1:57202 after 0 ms
TpTrace Verbose: 0 : 33031, 11, 2024/04/25, 18:42:14.536, 592578757384708, vstest.console.dll, TcpClientExtensions.MessageLoopAsync: NotifyDataAvailable remoteEndPoint: 127.0.0.1:57203 localEndPoint: 127.0.0.1:57202
TpTrace Verbose: 0 : 33031, 11, 2024/04/25, 18:42:14.536, 592578757397916, vstest.console.dll, TestRequestSender.OnExecutionMessageReceived: Received message: {"Version":7,"MessageType":"TestSession.Message","Payload":{"MessageLevel":2,"Message":"[xUnit.net 00:00:00.09]     EmpregadoTests.TestarCalculoIR_RN006(salario: 1903,99, aliquotaEsperada: 0) [FAIL]"}}
TpTrace Verbose: 0 : 33031, 11, 2024/04/25, 18:42:14.536, 592578757410291, vstest.console.dll, TestRunRequest:SendTestRunMessage: Starting.
TpTrace Verbose: 0 : 33031, 11, 2024/04/25, 18:42:14.536, 592578757419250, vstest.console.dll, MulticastDelegateUtilities.SafeInvoke: TestRun.LogMessages: Invoking callback 1/1 for Microsoft.VisualStudio.TestPlatform.CommandLine.TestRunResultAggregator., took 0 ms.
TpTrace Information: 0 : 33031, 11, 2024/04/25, 18:42:14.536, 592578757426041, vstest.console.dll, TestRunRequest:SendTestRunMessage: Completed.
TpTrace Verbose: 0 : 33031, 11, 2024/04/25, 18:42:14.536, 592578757432041, vstest.console.dll, MulticastDelegateUtilities.SafeInvoke: LengthPrefixCommunicationChannel: MessageReceived: Invoking callback 1/1 for Microsoft.VisualStudio.TestPlatform.CommunicationUtilities.TestRequestSender+<>c__DisplayClass34_0., took 0 ms.
TpTrace Verbose: 0 : 33031, 11, 2024/04/25, 18:42:14.536, 592578757438583, vstest.console.dll, TcpClientExtensions.MessageLoopAsync: Polling on remoteEndPoint: 127.0.0.1:57203 localEndPoint: 127.0.0.1:57202 after 0 ms
TpTrace Verbose: 0 : 33031, 11, 2024/04/25, 18:42:14.536, 592578757445333, vstest.console.dll, TcpClientExtensions.MessageLoopAsync: NotifyDataAvailable remoteEndPoint: 127.0.0.1:57203 localEndPoint: 127.0.0.1:57202
TpTrace Verbose: 0 : 33031, 11, 2024/04/25, 18:42:14.536, 592578757457875, vstest.console.dll, TestRequestSender.OnExecutionMessageReceived: Received message: {"Version":7,"MessageType":"TestSession.Message","Payload":{"MessageLevel":0,"Message":"[xUnit.net 00:00:00.09]       Assert.Equal() Failure: Values differ"}}
TpTrace Verbose: 0 : 33031, 11, 2024/04/25, 18:42:14.536, 592578757469958, vstest.console.dll, TestRunRequest:SendTestRunMessage: Starting.
TpTrace Verbose: 0 : 33031, 11, 2024/04/25, 18:42:14.536, 592578757478833, vstest.console.dll, MulticastDelegateUtilities.SafeInvoke: TestRun.LogMessages: Invoking callback 1/1 for Microsoft.VisualStudio.TestPlatform.CommandLine.TestRunResultAggregator., took 0 ms.
TpTrace Information: 0 : 33031, 11, 2024/04/25, 18:42:14.536, 592578757485083, vstest.console.dll, TestRunRequest:SendTestRunMessage: Completed.
TpTrace Verbose: 0 : 33031, 11, 2024/04/25, 18:42:14.536, 592578757490708, vstest.console.dll, MulticastDelegateUtilities.SafeInvoke: LengthPrefixCommunicationChannel: MessageReceived: Invoking callback 1/1 for Microsoft.VisualStudio.TestPlatform.CommunicationUtilities.TestRequestSender+<>c__DisplayClass34_0., took 0 ms.
TpTrace Verbose: 0 : 33031, 11, 2024/04/25, 18:42:14.536, 592578757497333, vstest.console.dll, TcpClientExtensions.MessageLoopAsync: Polling on remoteEndPoint: 127.0.0.1:57203 localEndPoint: 127.0.0.1:57202 after 0 ms
TpTrace Verbose: 0 : 33031, 11, 2024/04/25, 18:42:14.536, 592578757504208, vstest.console.dll, TcpClientExtensions.MessageLoopAsync: NotifyDataAvailable remoteEndPoint: 127.0.0.1:57203 localEndPoint: 127.0.0.1:57202
TpTrace Verbose: 0 : 33031, 11, 2024/04/25, 18:42:14.536, 592578757515791, vstest.console.dll, TestRequestSender.OnExecutionMessageReceived: Received message: {"Version":7,"MessageType":"TestSession.Message","Payload":{"MessageLevel":0,"Message":"[xUnit.net 00:00:00.09]       Expected: 0,00"}}
TpTrace Verbose: 0 : 33031, 11, 2024/04/25, 18:42:14.536, 592578757529666, vstest.console.dll, TestRunRequest:SendTestRunMessage: Starting.
TpTrace Verbose: 0 : 33031, 11, 2024/04/25, 18:42:14.536, 592578757538291, vstest.console.dll, MulticastDelegateUtilities.SafeInvoke: TestRun.LogMessages: Invoking callback 1/1 for Microsoft.VisualStudio.TestPlatform.CommandLine.TestRunResultAggregator., took 0 ms.
TpTrace Information: 0 : 33031, 11, 2024/04/25, 18:42:14.536, 592578757544875, vstest.console.dll, TestRunRequest:SendTestRunMessage: Completed.
TpTrace Verbose: 0 : 33031, 11, 2024/04/25, 18:42:14.536, 592578757551208, vstest.console.dll, MulticastDelegateUtilities.SafeInvoke: LengthPrefixCommunicationChannel: MessageReceived: Invoking callback 1/1 for Microsoft.VisualStudio.TestPlatform.CommunicationUtilities.TestRequestSender+<>c__DisplayClass34_0., took 0 ms.
TpTrace Verbose: 0 : 33031, 11, 2024/04/25, 18:42:14.536, 592578757557791, vstest.console.dll, TcpClientExtensions.MessageLoopAsync: Polling on remoteEndPoint: 127.0.0.1:57203 localEndPoint: 127.0.0.1:57202 after 0 ms
TpTrace Verbose: 0 : 33031, 11, 2024/04/25, 18:42:14.536, 592578757564333, vstest.console.dll, TcpClientExtensions.MessageLoopAsync: NotifyDataAvailable remoteEndPoint: 127.0.0.1:57203 localEndPoint: 127.0.0.1:57202
TpTrace Verbose: 0 : 33031, 11, 2024/04/25, 18:42:14.536, 592578757575208, vstest.console.dll, TestRequestSender.OnExecutionMessageReceived: Received message: {"Version":7,"MessageType":"TestSession.Message","Payload":{"MessageLevel":0,"Message":"[xUnit.net 00:00:00.09]       Actual:   142,79925"}}
TpTrace Verbose: 0 : 33031, 11, 2024/04/25, 18:42:14.536, 592578757588875, vstest.console.dll, TestRunRequest:SendTestRunMessage: Starting.
TpTrace Verbose: 0 : 33031, 11, 2024/04/25, 18:42:14.536, 592578757598125, vstest.console.dll, MulticastDelegateUtilities.SafeInvoke: TestRun.LogMessages: Invoking callback 1/1 for Microsoft.VisualStudio.TestPlatform.CommandLine.TestRunResultAggregator., took 0 ms.
TpTrace Information: 0 : 33031, 11, 2024/04/25, 18:42:14.536, 592578757604125, vstest.console.dll, TestRunRequest:SendTestRunMessage: Completed.
TpTrace Verbose: 0 : 33031, 11, 2024/04/25, 18:42:14.536, 592578757610416, vstest.console.dll, MulticastDelegateUtilities.SafeInvoke: LengthPrefixCommunicationChannel: MessageReceived: Invoking callback 1/1 for Microsoft.VisualStudio.TestPlatform.CommunicationUtilities.TestRequestSender+<>c__DisplayClass34_0., took 0 ms.
TpTrace Verbose: 0 : 33031, 11, 2024/04/25, 18:42:14.536, 592578757617458, vstest.console.dll, TcpClientExtensions.MessageLoopAsync: Polling on remoteEndPoint: 127.0.0.1:57203 localEndPoint: 127.0.0.1:57202 after 0 ms
TpTrace Verbose: 0 : 33031, 11, 2024/04/25, 18:42:14.536, 592578757624166, vstest.console.dll, TcpClientExtensions.MessageLoopAsync: NotifyDataAvailable remoteEndPoint: 127.0.0.1:57203 localEndPoint: 127.0.0.1:57202
TpTrace Verbose: 0 : 33031, 11, 2024/04/25, 18:42:14.536, 592578757634875, vstest.console.dll, TestRequestSender.OnExecutionMessageReceived: Received message: {"Version":7,"MessageType":"TestSession.Message","Payload":{"MessageLevel":0,"Message":"[xUnit.net 00:00:00.09]       Stack Trace:"}}
TpTrace Verbose: 0 : 33031, 11, 2024/04/25, 18:42:14.536, 592578757648916, vstest.console.dll, TestRunRequest:SendTestRunMessage: Starting.
TpTrace Verbose: 0 : 33031, 11, 2024/04/25, 18:42:14.536, 592578757657875, vstest.console.dll, MulticastDelegateUtilities.SafeInvoke: TestRun.LogMessages: Invoking callback 1/1 for Microsoft.VisualStudio.TestPlatform.CommandLine.TestRunResultAggregator., took 0 ms.
TpTrace Information: 0 : 33031, 11, 2024/04/25, 18:42:14.536, 592578757664250, vstest.console.dll, TestRunRequest:SendTestRunMessage: Completed.
TpTrace Verbose: 0 : 33031, 11, 2024/04/25, 18:42:14.536, 592578757670125, vstest.console.dll, MulticastDelegateUtilities.SafeInvoke: LengthPrefixCommunicationChannel: MessageReceived: Invoking callback 1/1 for Microsoft.VisualStudio.TestPlatform.CommunicationUtilities.TestRequestSender+<>c__DisplayClass34_0., took 0 ms.
TpTrace Verbose: 0 : 33031, 11, 2024/04/25, 18:42:14.536, 592578757677125, vstest.console.dll, TcpClientExtensions.MessageLoopAsync: Polling on remoteEndPoint: 127.0.0.1:57203 localEndPoint: 127.0.0.1:57202 after 0 ms
TpTrace Verbose: 0 : 33031, 11, 2024/04/25, 18:42:14.536, 592578757684750, vstest.console.dll, TcpClientExtensions.MessageLoopAsync: NotifyDataAvailable remoteEndPoint: 127.0.0.1:57203 localEndPoint: 127.0.0.1:57202
TpTrace Verbose: 0 : 33031, 11, 2024/04/25, 18:42:14.536, 592578757695791, vstest.console.dll, TestRequestSender.OnExecutionMessageReceived: Received message: {"Version":7,"MessageType":"TestSession.Message","Payload":{"MessageLevel":0,"Message":"[xUnit.net 00:00:00.09]         /Users/marco.mendes/code/exemplos-codigos-para-docs/irrf-regra-testes-unidade/test/EmpregadoTests.cs(169,0): at EmpregadoTests.TestarCalculoIR_RN006(Decimal salario, Decimal aliquotaEsperada)"}}
TpTrace Verbose: 0 : 33031, 11, 2024/04/25, 18:42:14.536, 592578757709750, vstest.console.dll, TestRunRequest:SendTestRunMessage: Starting.
TpTrace Verbose: 0 : 33031, 11, 2024/04/25, 18:42:14.536, 592578757718708, vstest.console.dll, MulticastDelegateUtilities.SafeInvoke: TestRun.LogMessages: Invoking callback 1/1 for Microsoft.VisualStudio.TestPlatform.CommandLine.TestRunResultAggregator., took 0 ms.
TpTrace Information: 0 : 33031, 11, 2024/04/25, 18:42:14.536, 592578757725000, vstest.console.dll, TestRunRequest:SendTestRunMessage: Completed.
TpTrace Verbose: 0 : 33031, 11, 2024/04/25, 18:42:14.536, 592578757730750, vstest.console.dll, MulticastDelegateUtilities.SafeInvoke: LengthPrefixCommunicationChannel: MessageReceived: Invoking callback 1/1 for Microsoft.VisualStudio.TestPlatform.CommunicationUtilities.TestRequestSender+<>c__DisplayClass34_0., took 0 ms.
TpTrace Verbose: 0 : 33031, 11, 2024/04/25, 18:42:14.536, 592578757737833, vstest.console.dll, TcpClientExtensions.MessageLoopAsync: Polling on remoteEndPoint: 127.0.0.1:57203 localEndPoint: 127.0.0.1:57202 after 0 ms
TpTrace Verbose: 0 : 33031, 11, 2024/04/25, 18:42:14.536, 592578757744625, vstest.console.dll, TcpClientExtensions.MessageLoopAsync: NotifyDataAvailable remoteEndPoint: 127.0.0.1:57203 localEndPoint: 127.0.0.1:57202
TpTrace Verbose: 0 : 33031, 11, 2024/04/25, 18:42:14.536, 592578757756916, vstest.console.dll, TestRequestSender.OnExecutionMessageReceived: Received message: {"Version":7,"MessageType":"TestSession.Message","Payload":{"MessageLevel":0,"Message":"[xUnit.net 00:00:00.09]            at InvokeStub_EmpregadoTests.TestarCalculoIR_RN006(Object, Span`1)"}}
TpTrace Verbose: 0 : 33031, 11, 2024/04/25, 18:42:14.536, 592578757770583, vstest.console.dll, TestRunRequest:SendTestRunMessage: Starting.
TpTrace Verbose: 0 : 33031, 11, 2024/04/25, 18:42:14.536, 592578757779583, vstest.console.dll, MulticastDelegateUtilities.SafeInvoke: TestRun.LogMessages: Invoking callback 1/1 for Microsoft.VisualStudio.TestPlatform.CommandLine.TestRunResultAggregator., took 0 ms.
TpTrace Information: 0 : 33031, 11, 2024/04/25, 18:42:14.536, 592578757785333, vstest.console.dll, TestRunRequest:SendTestRunMessage: Completed.
TpTrace Verbose: 0 : 33031, 11, 2024/04/25, 18:42:14.536, 592578757791625, vstest.console.dll, MulticastDelegateUtilities.SafeInvoke: LengthPrefixCommunicationChannel: MessageReceived: Invoking callback 1/1 for Microsoft.VisualStudio.TestPlatform.CommunicationUtilities.TestRequestSender+<>c__DisplayClass34_0., took 0 ms.
TpTrace Verbose: 0 : 33031, 11, 2024/04/25, 18:42:14.536, 592578757798041, vstest.console.dll, TcpClientExtensions.MessageLoopAsync: Polling on remoteEndPoint: 127.0.0.1:57203 localEndPoint: 127.0.0.1:57202 after 0 ms
TpTrace Verbose: 0 : 33031, 11, 2024/04/25, 18:42:14.536, 592578757805250, vstest.console.dll, TcpClientExtensions.MessageLoopAsync: NotifyDataAvailable remoteEndPoint: 127.0.0.1:57203 localEndPoint: 127.0.0.1:57202
TpTrace Verbose: 0 : 33031, 11, 2024/04/25, 18:42:14.536, 592578757816166, vstest.console.dll, TestRequestSender.OnExecutionMessageReceived: Received message: {"Version":7,"MessageType":"TestSession.Message","Payload":{"MessageLevel":0,"Message":"[xUnit.net 00:00:00.09]            at System.Reflection.MethodBaseInvoker.InvokeWithFewArgs(Object obj, BindingFlags invokeAttr, Binder binder, Object[] parameters, CultureInfo culture)"}}
TpTrace Verbose: 0 : 33031, 11, 2024/04/25, 18:42:14.536, 592578757829750, vstest.console.dll, TestRunRequest:SendTestRunMessage: Starting.
TpTrace Verbose: 0 : 33031, 11, 2024/04/25, 18:42:14.536, 592578757838666, vstest.console.dll, MulticastDelegateUtilities.SafeInvoke: TestRun.LogMessages: Invoking callback 1/1 for Microsoft.VisualStudio.TestPlatform.CommandLine.TestRunResultAggregator., took 0 ms.
TpTrace Information: 0 : 33031, 11, 2024/04/25, 18:42:14.536, 592578757845000, vstest.console.dll, TestRunRequest:SendTestRunMessage: Completed.
TpTrace Verbose: 0 : 33031, 11, 2024/04/25, 18:42:14.536, 592578757850583, vstest.console.dll, MulticastDelegateUtilities.SafeInvoke: LengthPrefixCommunicationChannel: MessageReceived: Invoking callback 1/1 for Microsoft.VisualStudio.TestPlatform.CommunicationUtilities.TestRequestSender+<>c__DisplayClass34_0., took 0 ms.
TpTrace Verbose: 0 : 33031, 11, 2024/04/25, 18:42:14.536, 592578757860750, vstest.console.dll, TcpClientExtensions.MessageLoopAsync: Polling on remoteEndPoint: 127.0.0.1:57203 localEndPoint: 127.0.0.1:57202 after 0 ms
TpTrace Verbose: 0 : 33031, 11, 2024/04/25, 18:42:14.536, 592578757868125, vstest.console.dll, TcpClientExtensions.MessageLoopAsync: NotifyDataAvailable remoteEndPoint: 127.0.0.1:57203 localEndPoint: 127.0.0.1:57202
TpTrace Verbose: 0 : 33031, 11, 2024/04/25, 18:42:14.536, 592578757878833, vstest.console.dll, TestRequestSender.OnExecutionMessageReceived: Received message: {"Version":7,"MessageType":"TestSession.Message","Payload":{"MessageLevel":2,"Message":"[xUnit.net 00:00:00.09]     EmpregadoTests.TestarCalculoIR_RN006(salario: 3751,06, aliquotaEsperada: 15) [FAIL]"}}
TpTrace Verbose: 0 : 33031, 11, 2024/04/25, 18:42:14.536, 592578757892333, vstest.console.dll, TestRunRequest:SendTestRunMessage: Starting.
TpTrace Verbose: 0 : 33031, 11, 2024/04/25, 18:42:14.536, 592578757901333, vstest.console.dll, MulticastDelegateUtilities.SafeInvoke: TestRun.LogMessages: Invoking callback 1/1 for Microsoft.VisualStudio.TestPlatform.CommandLine.TestRunResultAggregator., took 0 ms.
TpTrace Information: 0 : 33031, 11, 2024/04/25, 18:42:14.536, 592578757907125, vstest.console.dll, TestRunRequest:SendTestRunMessage: Completed.
TpTrace Verbose: 0 : 33031, 11, 2024/04/25, 18:42:14.536, 592578757914250, vstest.console.dll, MulticastDelegateUtilities.SafeInvoke: LengthPrefixCommunicationChannel: MessageReceived: Invoking callback 1/1 for Microsoft.VisualStudio.TestPlatform.CommunicationUtilities.TestRequestSender+<>c__DisplayClass34_0., took 0 ms.
TpTrace Verbose: 0 : 33031, 11, 2024/04/25, 18:42:14.536, 592578758052166, vstest.console.dll, TcpClientExtensions.MessageLoopAsync: Polling on remoteEndPoint: 127.0.0.1:57203 localEndPoint: 127.0.0.1:57202 after 0 ms
TpTrace Verbose: 0 : 33031, 11, 2024/04/25, 18:42:14.536, 592578758084375, vstest.console.dll, TcpClientExtensions.MessageLoopAsync: NotifyDataAvailable remoteEndPoint: 127.0.0.1:57203 localEndPoint: 127.0.0.1:57202
TpTrace Verbose: 0 : 33031, 11, 2024/04/25, 18:42:14.536, 592578758096041, vstest.console.dll, TestRequestSender.OnExecutionMessageReceived: Received message: {"Version":7,"MessageType":"TestSession.Message","Payload":{"MessageLevel":0,"Message":"[xUnit.net 00:00:00.09]       Assert.Equal() Failure: Values differ"}}
TpTrace Verbose: 0 : 33031, 11, 2024/04/25, 18:42:14.536, 592578758111166, vstest.console.dll, TestRunRequest:SendTestRunMessage: Starting.
TpTrace Verbose: 0 : 33031, 11, 2024/04/25, 18:42:14.536, 592578758119791, vstest.console.dll, MulticastDelegateUtilities.SafeInvoke: TestRun.LogMessages: Invoking callback 1/1 for Microsoft.VisualStudio.TestPlatform.CommandLine.TestRunResultAggregator., took 0 ms.
TpTrace Information: 0 : 33031, 11, 2024/04/25, 18:42:14.536, 592578758125666, vstest.console.dll, TestRunRequest:SendTestRunMessage: Completed.
TpTrace Verbose: 0 : 33031, 11, 2024/04/25, 18:42:14.536, 592578758131375, vstest.console.dll, MulticastDelegateUtilities.SafeInvoke: LengthPrefixCommunicationChannel: MessageReceived: Invoking callback 1/1 for Microsoft.VisualStudio.TestPlatform.CommunicationUtilities.TestRequestSender+<>c__DisplayClass34_0., took 0 ms.
TpTrace Verbose: 0 : 33031, 11, 2024/04/25, 18:42:14.536, 592578758137416, vstest.console.dll, TcpClientExtensions.MessageLoopAsync: Polling on remoteEndPoint: 127.0.0.1:57203 localEndPoint: 127.0.0.1:57202 after 0 ms
TpTrace Verbose: 0 : 33031, 11, 2024/04/25, 18:42:14.536, 592578758144458, vstest.console.dll, TcpClientExtensions.MessageLoopAsync: NotifyDataAvailable remoteEndPoint: 127.0.0.1:57203 localEndPoint: 127.0.0.1:57202
TpTrace Verbose: 0 : 33031, 11, 2024/04/25, 18:42:14.536, 592578758154500, vstest.console.dll, TestRequestSender.OnExecutionMessageReceived: Received message: {"Version":7,"MessageType":"TestSession.Message","Payload":{"MessageLevel":0,"Message":"[xUnit.net 00:00:00.09]       Expected: 562,659"}}
TpTrace Verbose: 0 : 33031, 11, 2024/04/25, 18:42:14.536, 592578758165708, vstest.console.dll, TestRunRequest:SendTestRunMessage: Starting.
TpTrace Verbose: 0 : 33031, 11, 2024/04/25, 18:42:14.536, 592578758176250, vstest.console.dll, MulticastDelegateUtilities.SafeInvoke: TestRun.LogMessages: Invoking callback 1/1 for Microsoft.VisualStudio.TestPlatform.CommandLine.TestRunResultAggregator., took 0 ms.
TpTrace Information: 0 : 33031, 11, 2024/04/25, 18:42:14.536, 592578758181958, vstest.console.dll, TestRunRequest:SendTestRunMessage: Completed.
TpTrace Verbose: 0 : 33031, 11, 2024/04/25, 18:42:14.536, 592578758187541, vstest.console.dll, MulticastDelegateUtilities.SafeInvoke: LengthPrefixCommunicationChannel: MessageReceived: Invoking callback 1/1 for Microsoft.VisualStudio.TestPlatform.CommunicationUtilities.TestRequestSender+<>c__DisplayClass34_0., took 0 ms.
TpTrace Verbose: 0 : 33031, 11, 2024/04/25, 18:42:14.536, 592578758193458, vstest.console.dll, TcpClientExtensions.MessageLoopAsync: Polling on remoteEndPoint: 127.0.0.1:57203 localEndPoint: 127.0.0.1:57202 after 0 ms
TpTrace Verbose: 0 : 33031, 11, 2024/04/25, 18:42:14.536, 592578758199875, vstest.console.dll, TcpClientExtensions.MessageLoopAsync: NotifyDataAvailable remoteEndPoint: 127.0.0.1:57203 localEndPoint: 127.0.0.1:57202
TpTrace Verbose: 0 : 33031, 11, 2024/04/25, 18:42:14.536, 592578758210291, vstest.console.dll, TestRequestSender.OnExecutionMessageReceived: Received message: {"Version":7,"MessageType":"TestSession.Message","Payload":{"MessageLevel":0,"Message":"[xUnit.net 00:00:00.09]       Actual:   843,98850"}}
TpTrace Verbose: 0 : 33031, 11, 2024/04/25, 18:42:14.537, 592578758221333, vstest.console.dll, TestRunRequest:SendTestRunMessage: Starting.
TpTrace Verbose: 0 : 33031, 11, 2024/04/25, 18:42:14.537, 592578758231291, vstest.console.dll, MulticastDelegateUtilities.SafeInvoke: TestRun.LogMessages: Invoking callback 1/1 for Microsoft.VisualStudio.TestPlatform.CommandLine.TestRunResultAggregator., took 0 ms.
TpTrace Information: 0 : 33031, 11, 2024/04/25, 18:42:14.537, 592578758237250, vstest.console.dll, TestRunRequest:SendTestRunMessage: Completed.
TpTrace Verbose: 0 : 33031, 11, 2024/04/25, 18:42:14.537, 592578758242916, vstest.console.dll, MulticastDelegateUtilities.SafeInvoke: LengthPrefixCommunicationChannel: MessageReceived: Invoking callback 1/1 for Microsoft.VisualStudio.TestPlatform.CommunicationUtilities.TestRequestSender+<>c__DisplayClass34_0., took 0 ms.
TpTrace Verbose: 0 : 33031, 11, 2024/04/25, 18:42:14.537, 592578758248833, vstest.console.dll, TcpClientExtensions.MessageLoopAsync: Polling on remoteEndPoint: 127.0.0.1:57203 localEndPoint: 127.0.0.1:57202 after 0 ms
TpTrace Verbose: 0 : 33031, 11, 2024/04/25, 18:42:14.537, 592578758255208, vstest.console.dll, TcpClientExtensions.MessageLoopAsync: NotifyDataAvailable remoteEndPoint: 127.0.0.1:57203 localEndPoint: 127.0.0.1:57202
TpTrace Verbose: 0 : 33031, 11, 2024/04/25, 18:42:14.537, 592578758265583, vstest.console.dll, TestRequestSender.OnExecutionMessageReceived: Received message: {"Version":7,"MessageType":"TestSession.Message","Payload":{"MessageLevel":0,"Message":"[xUnit.net 00:00:00.09]       Stack Trace:"}}
TpTrace Verbose: 0 : 33031, 11, 2024/04/25, 18:42:14.537, 592578758276708, vstest.console.dll, TestRunRequest:SendTestRunMessage: Starting.
TpTrace Verbose: 0 : 33031, 11, 2024/04/25, 18:42:14.537, 592578758284833, vstest.console.dll, MulticastDelegateUtilities.SafeInvoke: TestRun.LogMessages: Invoking callback 1/1 for Microsoft.VisualStudio.TestPlatform.CommandLine.TestRunResultAggregator., took 0 ms.
TpTrace Information: 0 : 33031, 11, 2024/04/25, 18:42:14.537, 592578758292666, vstest.console.dll, TestRunRequest:SendTestRunMessage: Completed.
TpTrace Verbose: 0 : 33031, 11, 2024/04/25, 18:42:14.537, 592578758298375, vstest.console.dll, MulticastDelegateUtilities.SafeInvoke: LengthPrefixCommunicationChannel: MessageReceived: Invoking callback 1/1 for Microsoft.VisualStudio.TestPlatform.CommunicationUtilities.TestRequestSender+<>c__DisplayClass34_0., took 0 ms.
TpTrace Verbose: 0 : 33031, 11, 2024/04/25, 18:42:14.537, 592578758304208, vstest.console.dll, TcpClientExtensions.MessageLoopAsync: Polling on remoteEndPoint: 127.0.0.1:57203 localEndPoint: 127.0.0.1:57202 after 0 ms
TpTrace Verbose: 0 : 33031, 11, 2024/04/25, 18:42:14.537, 592578758310625, vstest.console.dll, TcpClientExtensions.MessageLoopAsync: NotifyDataAvailable remoteEndPoint: 127.0.0.1:57203 localEndPoint: 127.0.0.1:57202
TpTrace Verbose: 0 : 33031, 11, 2024/04/25, 18:42:14.537, 592578758321958, vstest.console.dll, TestRequestSender.OnExecutionMessageReceived: Received message: {"Version":7,"MessageType":"TestSession.Message","Payload":{"MessageLevel":0,"Message":"[xUnit.net 00:00:00.09]         /Users/marco.mendes/code/exemplos-codigos-para-docs/irrf-regra-testes-unidade/test/EmpregadoTests.cs(169,0): at EmpregadoTests.TestarCalculoIR_RN006(Decimal salario, Decimal aliquotaEsperada)"}}
TpTrace Verbose: 0 : 33031, 11, 2024/04/25, 18:42:14.537, 592578758333250, vstest.console.dll, TestRunRequest:SendTestRunMessage: Starting.
TpTrace Verbose: 0 : 33031, 11, 2024/04/25, 18:42:14.537, 592578758341458, vstest.console.dll, MulticastDelegateUtilities.SafeInvoke: TestRun.LogMessages: Invoking callback 1/1 for Microsoft.VisualStudio.TestPlatform.CommandLine.TestRunResultAggregator., took 0 ms.
TpTrace Information: 0 : 33031, 11, 2024/04/25, 18:42:14.537, 592578758349750, vstest.console.dll, TestRunRequest:SendTestRunMessage: Completed.
TpTrace Verbose: 0 : 33031, 11, 2024/04/25, 18:42:14.537, 592578758355958, vstest.console.dll, MulticastDelegateUtilities.SafeInvoke: LengthPrefixCommunicationChannel: MessageReceived: Invoking callback 1/1 for Microsoft.VisualStudio.TestPlatform.CommunicationUtilities.TestRequestSender+<>c__DisplayClass34_0., took 0 ms.
TpTrace Verbose: 0 : 33031, 11, 2024/04/25, 18:42:14.537, 592578758362208, vstest.console.dll, TcpClientExtensions.MessageLoopAsync: Polling on remoteEndPoint: 127.0.0.1:57203 localEndPoint: 127.0.0.1:57202 after 0 ms
TpTrace Verbose: 0 : 33031, 11, 2024/04/25, 18:42:14.537, 592578758368916, vstest.console.dll, TcpClientExtensions.MessageLoopAsync: NotifyDataAvailable remoteEndPoint: 127.0.0.1:57203 localEndPoint: 127.0.0.1:57202
TpTrace Verbose: 0 : 33031, 4, 2024/04/25, 18:42:14.537, 592578758364083, vstest.console.dll, MulticastDelegateUtilities.SafeInvoke: InternalTestLoggerEvents.SendTestRunMessage: Invoking callback 1/1 for Microsoft.VisualStudio.TestPlatform.CommandLine.Internal.ConsoleLogger., took 2 ms.
TpTrace Verbose: 0 : 33031, 11, 2024/04/25, 18:42:14.537, 592578758379708, vstest.console.dll, TestRequestSender.OnExecutionMessageReceived: Received message: {"Version":7,"MessageType":"TestSession.Message","Payload":{"MessageLevel":0,"Message":"[xUnit.net 00:00:00.09]            at InvokeStub_EmpregadoTests.TestarCalculoIR_RN006(Object, Span`1)"}}
TpTrace Verbose: 0 : 33031, 4, 2024/04/25, 18:42:14.537, 592578758488541, vstest.console.dll, MulticastDelegateUtilities.SafeInvoke: InternalTestLoggerEvents.SendTestRunMessage: Invoking callback 1/1 for Microsoft.VisualStudio.TestPlatform.CommandLine.Internal.ConsoleLogger., took 0 ms.
TpTrace Verbose: 0 : 33031, 11, 2024/04/25, 18:42:14.537, 592578758591291, vstest.console.dll, TestRunRequest:SendTestRunMessage: Starting.
TpTrace Verbose: 0 : 33031, 11, 2024/04/25, 18:42:14.537, 592578758619625, vstest.console.dll, MulticastDelegateUtilities.SafeInvoke: TestRun.LogMessages: Invoking callback 1/1 for Microsoft.VisualStudio.TestPlatform.CommandLine.TestRunResultAggregator., took 0 ms.
TpTrace Information: 0 : 33031, 11, 2024/04/25, 18:42:14.537, 592578758633583, vstest.console.dll, TestRunRequest:SendTestRunMessage: Completed.
TpTrace Verbose: 0 : 33031, 4, 2024/04/25, 18:42:14.537, 592578758629583, vstest.console.dll, MulticastDelegateUtilities.SafeInvoke: InternalTestLoggerEvents.SendTestRunMessage: Invoking callback 1/1 for Microsoft.VisualStudio.TestPlatform.CommandLine.Internal.ConsoleLogger., took 0 ms.
TpTrace Verbose: 0 : 33031, 4, 2024/04/25, 18:42:14.537, 592578758671041, vstest.console.dll, MulticastDelegateUtilities.SafeInvoke: InternalTestLoggerEvents.SendTestRunMessage: Invoking callback 1/1 for Microsoft.VisualStudio.TestPlatform.CommandLine.Internal.ConsoleLogger., took 0 ms.
TpTrace Verbose: 0 : 33031, 11, 2024/04/25, 18:42:14.537, 592578758642166, vstest.console.dll, MulticastDelegateUtilities.SafeInvoke: LengthPrefixCommunicationChannel: MessageReceived: Invoking callback 1/1 for Microsoft.VisualStudio.TestPlatform.CommunicationUtilities.TestRequestSender+<>c__DisplayClass34_0., took 0 ms.
TpTrace Verbose: 0 : 33031, 4, 2024/04/25, 18:42:14.537, 592578758682166, vstest.console.dll, MulticastDelegateUtilities.SafeInvoke: InternalTestLoggerEvents.SendTestRunMessage: Invoking callback 1/1 for Microsoft.VisualStudio.TestPlatform.CommandLine.Internal.ConsoleLogger., took 0 ms.
TpTrace Verbose: 0 : 33031, 4, 2024/04/25, 18:42:14.537, 592578758751083, vstest.console.dll, MulticastDelegateUtilities.SafeInvoke: InternalTestLoggerEvents.SendTestRunMessage: Invoking callback 1/1 for Microsoft.VisualStudio.TestPlatform.CommandLine.Internal.ConsoleLogger., took 0 ms.
TpTrace Verbose: 0 : 33031, 4, 2024/04/25, 18:42:14.537, 592578758761291, vstest.console.dll, MulticastDelegateUtilities.SafeInvoke: InternalTestLoggerEvents.SendTestRunMessage: Invoking callback 1/1 for Microsoft.VisualStudio.TestPlatform.CommandLine.Internal.ConsoleLogger., took 0 ms.
TpTrace Verbose: 0 : 33031, 11, 2024/04/25, 18:42:14.537, 592578758736000, vstest.console.dll, TcpClientExtensions.MessageLoopAsync: Polling on remoteEndPoint: 127.0.0.1:57203 localEndPoint: 127.0.0.1:57202 after 0 ms
TpTrace Verbose: 0 : 33031, 4, 2024/04/25, 18:42:14.537, 592578758791125, vstest.console.dll, MulticastDelegateUtilities.SafeInvoke: InternalTestLoggerEvents.SendTestRunMessage: Invoking callback 1/1 for Microsoft.VisualStudio.TestPlatform.CommandLine.Internal.ConsoleLogger., took 0 ms.
TpTrace Verbose: 0 : 33031, 4, 2024/04/25, 18:42:14.537, 592578758805541, vstest.console.dll, MulticastDelegateUtilities.SafeInvoke: InternalTestLoggerEvents.SendTestRunMessage: Invoking callback 1/1 for Microsoft.VisualStudio.TestPlatform.CommandLine.Internal.ConsoleLogger., took 0 ms.
TpTrace Verbose: 0 : 33031, 11, 2024/04/25, 18:42:14.537, 592578758806833, vstest.console.dll, TcpClientExtensions.MessageLoopAsync: NotifyDataAvailable remoteEndPoint: 127.0.0.1:57203 localEndPoint: 127.0.0.1:57202
TpTrace Verbose: 0 : 33031, 4, 2024/04/25, 18:42:14.537, 592578758818375, vstest.console.dll, MulticastDelegateUtilities.SafeInvoke: InternalTestLoggerEvents.SendTestRunMessage: Invoking callback 1/1 for Microsoft.VisualStudio.TestPlatform.CommandLine.Internal.ConsoleLogger., took 0 ms.
TpTrace Verbose: 0 : 33031, 11, 2024/04/25, 18:42:14.537, 592578758866083, vstest.console.dll, TestRequestSender.OnExecutionMessageReceived: Received message: {"Version":7,"MessageType":"TestSession.Message","Payload":{"MessageLevel":0,"Message":"[xUnit.net 00:00:00.09]            at System.Reflection.MethodBaseInvoker.InvokeWithFewArgs(Object obj, BindingFlags invokeAttr, Binder binder, Object[] parameters, CultureInfo culture)"}}
TpTrace Verbose: 0 : 33031, 4, 2024/04/25, 18:42:14.537, 592578758869875, vstest.console.dll, MulticastDelegateUtilities.SafeInvoke: InternalTestLoggerEvents.SendTestRunMessage: Invoking callback 1/1 for Microsoft.VisualStudio.TestPlatform.CommandLine.Internal.ConsoleLogger., took 0 ms.
TpTrace Verbose: 0 : 33031, 4, 2024/04/25, 18:42:14.537, 592578758883625, vstest.console.dll, MulticastDelegateUtilities.SafeInvoke: InternalTestLoggerEvents.SendTestRunMessage: Invoking callback 1/1 for Microsoft.VisualStudio.TestPlatform.CommandLine.Internal.ConsoleLogger., took 0 ms.
TpTrace Verbose: 0 : 33031, 11, 2024/04/25, 18:42:14.537, 592578758888458, vstest.console.dll, TestRunRequest:SendTestRunMessage: Starting.
TpTrace Verbose: 0 : 33031, 4, 2024/04/25, 18:42:14.537, 592578758891750, vstest.console.dll, MulticastDelegateUtilities.SafeInvoke: InternalTestLoggerEvents.SendTestRunMessage: Invoking callback 1/1 for Microsoft.VisualStudio.TestPlatform.CommandLine.Internal.ConsoleLogger., took 0 ms.
TpTrace Verbose: 0 : 33031, 4, 2024/04/25, 18:42:14.537, 592578758914625, vstest.console.dll, MulticastDelegateUtilities.SafeInvoke: InternalTestLoggerEvents.SendTestRunMessage: Invoking callback 1/1 for Microsoft.VisualStudio.TestPlatform.CommandLine.Internal.ConsoleLogger., took 0 ms.
TpTrace Verbose: 0 : 33031, 11, 2024/04/25, 18:42:14.537, 592578758901750, vstest.console.dll, MulticastDelegateUtilities.SafeInvoke: TestRun.LogMessages: Invoking callback 1/1 for Microsoft.VisualStudio.TestPlatform.CommandLine.TestRunResultAggregator., took 0 ms.
TpTrace Information: 0 : 33031, 11, 2024/04/25, 18:42:14.537, 592578758950083, vstest.console.dll, TestRunRequest:SendTestRunMessage: Completed.
TpTrace Verbose: 0 : 33031, 4, 2024/04/25, 18:42:14.537, 592578758923541, vstest.console.dll, MulticastDelegateUtilities.SafeInvoke: InternalTestLoggerEvents.SendTestRunMessage: Invoking callback 1/1 for Microsoft.VisualStudio.TestPlatform.CommandLine.Internal.ConsoleLogger., took 0 ms.
TpTrace Verbose: 0 : 33031, 11, 2024/04/25, 18:42:14.537, 592578758957708, vstest.console.dll, MulticastDelegateUtilities.SafeInvoke: LengthPrefixCommunicationChannel: MessageReceived: Invoking callback 1/1 for Microsoft.VisualStudio.TestPlatform.CommunicationUtilities.TestRequestSender+<>c__DisplayClass34_0., took 0 ms.
TpTrace Verbose: 0 : 33031, 4, 2024/04/25, 18:42:14.537, 592578758999833, vstest.console.dll, MulticastDelegateUtilities.SafeInvoke: InternalTestLoggerEvents.SendTestRunMessage: Invoking callback 1/1 for Microsoft.VisualStudio.TestPlatform.CommandLine.Internal.ConsoleLogger., took 0 ms.
TpTrace Verbose: 0 : 33031, 4, 2024/04/25, 18:42:14.537, 592578759012583, vstest.console.dll, MulticastDelegateUtilities.SafeInvoke: InternalTestLoggerEvents.SendTestRunMessage: Invoking callback 1/1 for Microsoft.VisualStudio.TestPlatform.CommandLine.Internal.ConsoleLogger., took 0 ms.
TpTrace Verbose: 0 : 33031, 4, 2024/04/25, 18:42:14.537, 592578759020875, vstest.console.dll, MulticastDelegateUtilities.SafeInvoke: InternalTestLoggerEvents.SendTestRunMessage: Invoking callback 1/1 for Microsoft.VisualStudio.TestPlatform.CommandLine.Internal.ConsoleLogger., took 0 ms.
TpTrace Verbose: 0 : 33031, 11, 2024/04/25, 18:42:14.537, 592578759016375, vstest.console.dll, TcpClientExtensions.MessageLoopAsync: Polling on remoteEndPoint: 127.0.0.1:57203 localEndPoint: 127.0.0.1:57202 after 0 ms
TpTrace Verbose: 0 : 33031, 4, 2024/04/25, 18:42:14.537, 592578759028708, vstest.console.dll, MulticastDelegateUtilities.SafeInvoke: InternalTestLoggerEvents.SendTestRunMessage: Invoking callback 1/1 for Microsoft.VisualStudio.TestPlatform.CommandLine.Internal.ConsoleLogger., took 0 ms.
TpTrace Verbose: 0 : 33031, 4, 2024/04/25, 18:42:14.537, 592578759059083, vstest.console.dll, MulticastDelegateUtilities.SafeInvoke: InternalTestLoggerEvents.SendTestRunMessage: Invoking callback 1/1 for Microsoft.VisualStudio.TestPlatform.CommandLine.Internal.ConsoleLogger., took 0 ms.
TpTrace Verbose: 0 : 33031, 4, 2024/04/25, 18:42:14.537, 592578759069791, vstest.console.dll, MulticastDelegateUtilities.SafeInvoke: InternalTestLoggerEvents.SendTestRunMessage: Invoking callback 1/1 for Microsoft.VisualStudio.TestPlatform.CommandLine.Internal.ConsoleLogger., took 0 ms.
TpTrace Verbose: 0 : 33031, 4, 2024/04/25, 18:42:14.537, 592578759078208, vstest.console.dll, MulticastDelegateUtilities.SafeInvoke: InternalTestLoggerEvents.SendTestRunMessage: Invoking callback 1/1 for Microsoft.VisualStudio.TestPlatform.CommandLine.Internal.ConsoleLogger., took 0 ms.
TpTrace Verbose: 0 : 33031, 4, 2024/04/25, 18:42:14.537, 592578759085875, vstest.console.dll, MulticastDelegateUtilities.SafeInvoke: InternalTestLoggerEvents.SendTestRunMessage: Invoking callback 1/1 for Microsoft.VisualStudio.TestPlatform.CommandLine.Internal.ConsoleLogger., took 0 ms.
TpTrace Verbose: 0 : 33031, 4, 2024/04/25, 18:42:14.537, 592578759099583, vstest.console.dll, MulticastDelegateUtilities.SafeInvoke: InternalTestLoggerEvents.SendTestRunMessage: Invoking callback 1/1 for Microsoft.VisualStudio.TestPlatform.CommandLine.Internal.ConsoleLogger., took 0 ms.
TpTrace Verbose: 0 : 33031, 4, 2024/04/25, 18:42:14.537, 592578759108208, vstest.console.dll, MulticastDelegateUtilities.SafeInvoke: InternalTestLoggerEvents.SendTestRunMessage: Invoking callback 1/1 for Microsoft.VisualStudio.TestPlatform.CommandLine.Internal.ConsoleLogger., took 0 ms.
TpTrace Verbose: 0 : 33031, 4, 2024/04/25, 18:42:14.537, 592578759115833, vstest.console.dll, MulticastDelegateUtilities.SafeInvoke: InternalTestLoggerEvents.SendTestRunMessage: Invoking callback 1/1 for Microsoft.VisualStudio.TestPlatform.CommandLine.Internal.ConsoleLogger., took 0 ms.
TpTrace Verbose: 0 : 33031, 4, 2024/04/25, 18:42:14.537, 592578759123208, vstest.console.dll, MulticastDelegateUtilities.SafeInvoke: InternalTestLoggerEvents.SendTestRunMessage: Invoking callback 1/1 for Microsoft.VisualStudio.TestPlatform.CommandLine.Internal.ConsoleLogger., took 0 ms.
TpTrace Verbose: 0 : 33031, 4, 2024/04/25, 18:42:14.537, 592578759130625, vstest.console.dll, MulticastDelegateUtilities.SafeInvoke: InternalTestLoggerEvents.SendTestRunMessage: Invoking callback 1/1 for Microsoft.VisualStudio.TestPlatform.CommandLine.Internal.ConsoleLogger., took 0 ms.
TpTrace Verbose: 0 : 33031, 4, 2024/04/25, 18:42:14.537, 592578759140833, vstest.console.dll, MulticastDelegateUtilities.SafeInvoke: InternalTestLoggerEvents.SendTestRunMessage: Invoking callback 1/1 for Microsoft.VisualStudio.TestPlatform.CommandLine.Internal.ConsoleLogger., took 0 ms.
TpTrace Verbose: 0 : 33031, 4, 2024/04/25, 18:42:14.537, 592578759150083, vstest.console.dll, MulticastDelegateUtilities.SafeInvoke: InternalTestLoggerEvents.SendTestRunMessage: Invoking callback 1/1 for Microsoft.VisualStudio.TestPlatform.CommandLine.Internal.ConsoleLogger., took 0 ms.
TpTrace Verbose: 0 : 33031, 4, 2024/04/25, 18:42:14.537, 592578759157916, vstest.console.dll, MulticastDelegateUtilities.SafeInvoke: InternalTestLoggerEvents.SendTestRunMessage: Invoking callback 1/1 for Microsoft.VisualStudio.TestPlatform.CommandLine.Internal.ConsoleLogger., took 0 ms.
TpTrace Verbose: 0 : 33031, 11, 2024/04/25, 18:42:14.549, 592578771024541, vstest.console.dll, TcpClientExtensions.MessageLoopAsync: NotifyDataAvailable remoteEndPoint: 127.0.0.1:57203 localEndPoint: 127.0.0.1:57202
TpTrace Verbose: 0 : 33031, 11, 2024/04/25, 18:42:14.549, 592578771161583, vstest.console.dll, TestRequestSender.OnExecutionMessageReceived: Received message: {"Version":7,"MessageType":"TestExecution.StatsChange","Payload":{"NewTestResults":[{"TestCase":{"Id":"df952843-bd5b-4b1c-88f1-569c52dd22e6","FullyQualifiedName":"EmpregadoTests.TestarContribuicaoPrevidenciaria_RN004_SalarioNulo","DisplayName":"EmpregadoTests.TestarContribuicaoPrevidenciaria_RN004_SalarioNulo","ExecutorUri":"executor://xunit/VsTestRunner2/netcoreapp","Source":"/Users/marco.mendes/code/exemplos-codigos-para-docs/irrf-regra-testes-unidade/test/bin/Debug/net8.0/irrf-regra-projeto-testes.dll","CodeFilePath":null,"LineNumber":0,"Properties":[]},"Attachments":[],"Outcome":1,"ErrorMessage":null,"ErrorStackTrace":null,"DisplayName":"EmpregadoTests.TestarContribuicaoPrevidenciaria_RN004_SalarioNulo","Messages":[],"ComputerName":"air-de-marco","Duration":"00:00:00.0049211","StartTime":"2024-04-25T21:42:14.527357+00:00","EndTime":"2024-04-25T21:42:14.527375+00:00","Properties":[]},{"TestCase":{"Id":"8936484c-d2ae-bda8-d3ab-30ff03d33845","FullyQualifiedName":"EmpregadoTests.TestarDeducaoDespesasEducacao_RN002_ValorInvalido","DisplayName":"EmpregadoTests.TestarDeducaoDespesasEducacao_RN002_ValorInvalido","ExecutorUri":"executor://xunit/VsTestRunner2/netcoreapp","Source":"/Users/marco.mendes/code/exemplos-codigos-para-docs/irrf-regra-testes-unidade/test/bin/Debug/net8.0/irrf-regra-projeto-testes.dll","CodeFilePath":null,"LineNumber":0,"Properties":[]},"Attachments":[],"Outcome":2,"ErrorMessage":"Assert.Throws() Failure: No exception was thrown\nExpected: typeof(System.ArgumentException)","ErrorStackTrace":"   at EmpregadoTests.TestarDeducaoDespesasEducacao_RN002_ValorInvalido() in /Users/marco.mendes/code/exemplos-codigos-para-docs/irrf-regra-testes-unidade/test/EmpregadoTests.cs:line 66\n   at System.RuntimeMethodHandle.InvokeMethod(Object target, Void** arguments, Signature sig, Boolean isConstructor)\n   at System.Reflection.MethodBaseInvoker.InvokeWithNoArgs(Object obj, BindingFlags invokeAttr)","DisplayName":"EmpregadoTests.TestarDeducaoDespesasEducacao_RN002_ValorInvalido","Messages":[],"ComputerName":"air-de-marco","Duration":"00:00:00.0018263","StartTime":"2024-04-25T21:42:14.535247+00:00","EndTime":"2024-04-25T21:42:14.535247+00:00","Properties":[]},{"TestCase":{"Id":"b8563475-0c9f-ca7d-35f0-5e2d445db58c","FullyQualifiedName":"EmpregadoTests.TestarCalculoIR_RN006","DisplayName":"EmpregadoTests.TestarCalculoIR_RN006(salario: 2826,66, aliquotaEsperada: 7,5)","ExecutorUri":"executor://xunit/VsTestRunner2/netcoreapp","Source":"/Users/marco.mendes/code/exemplos-codigos-para-docs/irrf-regra-testes-unidade/test/bin/Debug/net8.0/irrf-regra-projeto-testes.dll","CodeFilePath":null,"LineNumber":0,"Properties":[]},"Attachments":[],"Outcome":2,"ErrorMessage":"Assert.Equal() Failure: Values differ\nExpected: 211,9995\nActual:   423,9990","ErrorStackTrace":"   at EmpregadoTests.TestarCalculoIR_RN006(Decimal salario, Decimal aliquotaEsperada) in /Users/marco.mendes/code/exemplos-codigos-para-docs/irrf-regra-testes-unidade/test/EmpregadoTests.cs:line 169\n   at System.RuntimeMethodHandle.InvokeMethod(Object target, Void** arguments, Signature sig, Boolean isConstructor)\n   at System.Reflection.MethodBaseInvoker.InvokeDirectByRefWithFewArgs(Object obj, Span`1 copyOfArgs, BindingFlags invokeAttr)","DisplayName":"EmpregadoTests.TestarCalculoIR_RN006(salario: 2826,66, aliquotaEsperada: 7,5)","Messages":[],"ComputerName":"air-de-marco","Duration":"00:00:00.0008196","StartTime":"2024-04-25T21:42:14.535774+00:00","EndTime":"2024-04-25T21:42:14.535774+00:00","Properties":[]},{"TestCase":{"Id":"96a33b2f-3d14-a5e7-cd67-5e1c909453dc","FullyQualifiedName":"EmpregadoTests.TestarCalculoIR_RN006","DisplayName":"EmpregadoTests.TestarCalculoIR_RN006(salario: 1903,99, aliquotaEsperada: 0)","ExecutorUri":"executor://xunit/VsTestRunner2/netcoreapp","Source":"/Users/marco.mendes/code/exemplos-codigos-para-docs/irrf-regra-testes-unidade/test/bin/Debug/net8.0/irrf-regra-projeto-testes.dll","CodeFilePath":null,"LineNumber":0,"Properties":[]},"Attachments":[],"Outcome":2,"ErrorMessage":"Assert.Equal() Failure: Values differ\nExpected: 0,00\nActual:   142,79925","ErrorStackTrace":"   at EmpregadoTests.TestarCalculoIR_RN006(Decimal salario, Decimal aliquotaEsperada) in /Users/marco.mendes/code/exemplos-codigos-para-docs/irrf-regra-testes-unidade/test/EmpregadoTests.cs:line 169\n   at InvokeStub_EmpregadoTests.TestarCalculoIR_RN006(Object, Span`1)\n   at System.Reflection.MethodBaseInvoker.InvokeWithFewArgs(Object obj, BindingFlags invokeAttr, Binder binder, Object[] parameters, CultureInfo culture)","DisplayName":"EmpregadoTests.TestarCalculoIR_RN006(salario: 1903,99, aliquotaEsperada: 0)","Messages":[],"ComputerName":"air-de-marco","Duration":"00:00:00.0002126","StartTime":"2024-04-25T21:42:14.536267+00:00","EndTime":"2024-04-25T21:42:14.536267+00:00","Properties":[]},{"TestCase":{"Id":"014af539-eac6-b21c-d33a-414c67983f72","FullyQualifiedName":"EmpregadoTests.TestarCalculoIR_RN006","DisplayName":"EmpregadoTests.TestarCalculoIR_RN006(salario: 3751,06, aliquotaEsperada: 15)","ExecutorUri":"executor://xunit/VsTestRunner2/netcoreapp","Source":"/Users/marco.mendes/code/exemplos-codigos-para-docs/irrf-regra-testes-unidade/test/bin/Debug/net8.0/irrf-regra-projeto-testes.dll","CodeFilePath":null,"LineNumber":0,"Properties":[]},"Attachments":[],"Outcome":2,"ErrorMessage":"Assert.Equal() Failure: Values differ\nExpected: 562,659\nActual:   843,98850","ErrorStackTrace":"   at EmpregadoTests.TestarCalculoIR_RN006(Decimal salario, Decimal aliquotaEsperada) in /Users/marco.mendes/code/exemplos-codigos-para-docs/irrf-regra-testes-unidade/test/EmpregadoTests.cs:line 169\n   at InvokeStub_EmpregadoTests.TestarCalculoIR_RN006(Object, Span`1)\n   at System.Reflection.MethodBaseInvoker.InvokeWithFewArgs(Object obj, BindingFlags invokeAttr, Binder binder, Object[] parameters, CultureInfo culture)","DisplayName":"EmpregadoTests.TestarCalculoIR_RN006(salario: 3751,06, aliquotaEsperada: 15)","Messages":[],"ComputerName":"air-de-marco","Duration":"00:00:00.0000989","StartTime":"2024-04-25T21:42:14.536615+00:00","EndTime":"2024-04-25T21:42:14.536615+00:00","Properties":[]},{"TestCase":{"Id":"891724c1-86dc-b882-5a6a-15f9b7f07b96","FullyQualifiedName":"EmpregadoTests.TestarCalculoIR_RN006","DisplayName":"EmpregadoTests.TestarCalculoIR_RN006(salario: 4664,68, aliquotaEsperada: 22,5)","ExecutorUri":"executor://xunit/VsTestRunner2/netcoreapp","Source":"/Users/marco.mendes/code/exemplos-codigos-para-docs/irrf-regra-testes-unidade/test/bin/Debug/net8.0/irrf-regra-projeto-testes.dll","CodeFilePath":null,"LineNumber":0,"Properties":[]},"Attachments":[],"Outcome":1,"ErrorMessage":null,"ErrorStackTrace":null,"DisplayName":"EmpregadoTests.TestarCalculoIR_RN006(salario: 4664,68, aliquotaEsperada: 22,5)","Messages":[],"ComputerName":"air-de-marco","Duration":"00:00:00.0000033","StartTime":"2024-04-25T21:42:14.536674+00:00","EndTime":"2024-04-25T21:42:14.536674+00:00","Properties":[]},{"TestCase":{"Id":"690afdb6-bd03-da7d-93c3-2cb68246d709","FullyQualifiedName":"EmpregadoTests.TestarCalculoIR_RN006","DisplayName":"EmpregadoTests.TestarCalculoIR_RN006(salario: 4664,69, aliquotaEsperada: 27,5)","ExecutorUri":"executor://xunit/VsTestRunner2/netcoreapp","Source":"/Users/marco.mendes/code/exemplos-codigos-para-docs/irrf-regra-testes-unidade/test/bin/Debug/net8.0/irrf-regra-projeto-testes.dll","CodeFilePath":null,"LineNumber":0,"Properties":[]},"Attachments":[],"Outcome":1,"ErrorMessage":null,"ErrorStackTrace":null,"DisplayName":"EmpregadoTests.TestarCalculoIR_RN006(salario: 4664,69, aliquotaEsperada: 27,5)","Messages":[],"ComputerName":"air-de-marco","Duration":"00:00:00.0000023","StartTime":"2024-04-25T21:42:14.536731+00:00","EndTime":"2024-04-25T21:42:14.536731+00:00","Properties":[]},{"TestCase":{"Id":"793811bb-02c1-082c-375b-d935457e9de9","FullyQualifiedName":"EmpregadoTests.TestarDeducaoDespesasEducacao_RN002_ValorMaiorQueLimite","DisplayName":"EmpregadoTests.TestarDeducaoDespesasEducacao_RN002_ValorMaiorQueLimite","ExecutorUri":"executor://xunit/VsTestRunner2/netcoreapp","Source":"/Users/marco.mendes/code/exemplos-codigos-para-docs/irrf-regra-testes-unidade/test/bin/Debug/net8.0/irrf-regra-projeto-testes.dll","CodeFilePath":null,"LineNumber":0,"Properties":[]},"Attachments":[],"Outcome":1,"ErrorMessage":null,"ErrorStackTrace":null,"DisplayName":"EmpregadoTests.TestarDeducaoDespesasEducacao_RN002_ValorMaiorQueLimite","Messages":[],"ComputerName":"air-de-marco","Duration":"00:00:00.0001205","StartTime":"2024-04-25T21:42:14.536783+00:00","EndTime":"2024-04-25T21:42:14.536783+00:00","Properties":[]},{"TestCase":{"Id":"1ea48f9d-0abe-60a3-b02e-4da048085343","FullyQualifiedName":"EmpregadoTests.TestarDeducaoPorDependentes_RN003","DisplayName":"EmpregadoTests.TestarDeducaoPorDependentes_RN003","ExecutorUri":"executor://xunit/VsTestRunner2/netcoreapp","Source":"/Users/marco.mendes/code/exemplos-codigos-para-docs/irrf-regra-testes-unidade/test/bin/Debug/net8.0/irrf-regra-projeto-testes.dll","CodeFilePath":null,"LineNumber":0,"Properties":[]},"Attachments":[],"Outcome":1,"ErrorMessage":null,"ErrorStackTrace":null,"DisplayName":"EmpregadoTests.TestarDeducaoPorDependentes_RN003","Messages":[],"ComputerName":"air-de-marco","Duration":"00:00:00.0001536","StartTime":"2024-04-25T21:42:14.536838+00:00","EndTime":"2024-04-25T21:42:14.536838+00:00","Properties":[]}],"TestRunStatistics":{"ExecutedTests":9,"Stats":{"Passed":5,"Failed":4}},"ActiveTests":[{"Id":"e7700b18-5718-94c6-c083-7f9684f026a1","FullyQualifiedName":"EmpregadoTests.TestarDeducaoDespesasMedicas_RN001","DisplayName":"EmpregadoTests.TestarDeducaoDespesasMedicas_RN001","ExecutorUri":"executor://xunit/VsTestRunner2/netcoreapp","Source":"/Users/marco.mendes/code/exemplos-codigos-para-docs/irrf-regra-testes-unidade/test/bin/Debug/net8.0/irrf-regra-projeto-testes.dll","CodeFilePath":null,"LineNumber":0,"Properties":[]}]}}
TpTrace Verbose: 0 : 33031, 11, 2024/04/25, 18:42:14.560, 592578781390166, vstest.console.dll, TestRunRequest:SendTestRunStatsChange: Starting.
TpTrace Verbose: 0 : 33031, 11, 2024/04/25, 18:42:14.560, 592578781496000, vstest.console.dll, InProgress is EmpregadoTests.TestarDeducaoDespesasMedicas_RN001
TpTrace Verbose: 0 : 33031, 11, 2024/04/25, 18:42:14.560, 592578781599833, vstest.console.dll, MulticastDelegateUtilities.SafeInvoke: TestRun.RunStatsChanged: Invoking callbacks was skipped because there are no subscribers.
TpTrace Information: 0 : 33031, 11, 2024/04/25, 18:42:14.560, 592578781611250, vstest.console.dll, TestRunRequest:SendTestRunStatsChange: Completed.
TpTrace Verbose: 0 : 33031, 11, 2024/04/25, 18:42:14.560, 592578781621791, vstest.console.dll, MulticastDelegateUtilities.SafeInvoke: LengthPrefixCommunicationChannel: MessageReceived: Invoking callback 1/1 for Microsoft.VisualStudio.TestPlatform.CommunicationUtilities.TestRequestSender+<>c__DisplayClass34_0., took 10 ms.
TpTrace Verbose: 0 : 33031, 11, 2024/04/25, 18:42:14.560, 592578781635333, vstest.console.dll, TcpClientExtensions.MessageLoopAsync: Polling on remoteEndPoint: 127.0.0.1:57203 localEndPoint: 127.0.0.1:57202 after 22 ms
TpTrace Verbose: 0 : 33031, 11, 2024/04/25, 18:42:14.560, 592578781655375, vstest.console.dll, TcpClientExtensions.MessageLoopAsync: NotifyDataAvailable remoteEndPoint: 127.0.0.1:57203 localEndPoint: 127.0.0.1:57202
TpTrace Verbose: 0 : 33031, 11, 2024/04/25, 18:42:14.560, 592578781700583, vstest.console.dll, TestRequestSender.OnExecutionMessageReceived: Received message: {"Version":7,"MessageType":"TestSession.Message","Payload":{"MessageLevel":2,"Message":"[xUnit.net 00:00:00.11]     EmpregadoTests.TestarDeducaoDespesasMedicas_RN001 [FAIL]"}}
TpTrace Verbose: 0 : 33031, 11, 2024/04/25, 18:42:14.560, 592578781736541, vstest.console.dll, TestRunRequest:SendTestRunMessage: Starting.
TpTrace Verbose: 0 : 33031, 11, 2024/04/25, 18:42:14.560, 592578781754916, vstest.console.dll, MulticastDelegateUtilities.SafeInvoke: TestRun.LogMessages: Invoking callback 1/1 for Microsoft.VisualStudio.TestPlatform.CommandLine.TestRunResultAggregator., took 0 ms.
TpTrace Information: 0 : 33031, 11, 2024/04/25, 18:42:14.560, 592578781762666, vstest.console.dll, TestRunRequest:SendTestRunMessage: Completed.
TpTrace Verbose: 0 : 33031, 11, 2024/04/25, 18:42:14.560, 592578781769458, vstest.console.dll, MulticastDelegateUtilities.SafeInvoke: LengthPrefixCommunicationChannel: MessageReceived: Invoking callback 1/1 for Microsoft.VisualStudio.TestPlatform.CommunicationUtilities.TestRequestSender+<>c__DisplayClass34_0., took 0 ms.
TpTrace Verbose: 0 : 33031, 11, 2024/04/25, 18:42:14.560, 592578781776958, vstest.console.dll, TcpClientExtensions.MessageLoopAsync: Polling on remoteEndPoint: 127.0.0.1:57203 localEndPoint: 127.0.0.1:57202 after 0 ms
TpTrace Verbose: 0 : 33031, 11, 2024/04/25, 18:42:14.560, 592578781785041, vstest.console.dll, TcpClientExtensions.MessageLoopAsync: NotifyDataAvailable remoteEndPoint: 127.0.0.1:57203 localEndPoint: 127.0.0.1:57202
TpTrace Verbose: 0 : 33031, 11, 2024/04/25, 18:42:14.560, 592578781798833, vstest.console.dll, TestRequestSender.OnExecutionMessageReceived: Received message: {"Version":7,"MessageType":"TestSession.Message","Payload":{"MessageLevel":0,"Message":"[xUnit.net 00:00:00.11]       Assert.Equal() Failure: Values differ"}}
TpTrace Verbose: 0 : 33031, 11, 2024/04/25, 18:42:14.560, 592578781831500, vstest.console.dll, TestRunRequest:SendTestRunMessage: Starting.
TpTrace Verbose: 0 : 33031, 11, 2024/04/25, 18:42:14.560, 592578781857750, vstest.console.dll, MulticastDelegateUtilities.SafeInvoke: TestRun.LogMessages: Invoking callback 1/1 for Microsoft.VisualStudio.TestPlatform.CommandLine.TestRunResultAggregator., took 0 ms.
TpTrace Information: 0 : 33031, 11, 2024/04/25, 18:42:14.560, 592578781870750, vstest.console.dll, TestRunRequest:SendTestRunMessage: Completed.
TpTrace Verbose: 0 : 33031, 11, 2024/04/25, 18:42:14.560, 592578781878791, vstest.console.dll, MulticastDelegateUtilities.SafeInvoke: LengthPrefixCommunicationChannel: MessageReceived: Invoking callback 1/1 for Microsoft.VisualStudio.TestPlatform.CommunicationUtilities.TestRequestSender+<>c__DisplayClass34_0., took 0 ms.
TpTrace Verbose: 0 : 33031, 11, 2024/04/25, 18:42:14.560, 592578781887125, vstest.console.dll, TcpClientExtensions.MessageLoopAsync: Polling on remoteEndPoint: 127.0.0.1:57203 localEndPoint: 127.0.0.1:57202 after 0 ms
TpTrace Verbose: 0 : 33031, 11, 2024/04/25, 18:42:14.560, 592578781896833, vstest.console.dll, TcpClientExtensions.MessageLoopAsync: NotifyDataAvailable remoteEndPoint: 127.0.0.1:57203 localEndPoint: 127.0.0.1:57202
TpTrace Verbose: 0 : 33031, 11, 2024/04/25, 18:42:14.560, 592578781912416, vstest.console.dll, TestRequestSender.OnExecutionMessageReceived: Received message: {"Version":7,"MessageType":"TestSession.Message","Payload":{"MessageLevel":0,"Message":"[xUnit.net 00:00:00.11]       Expected: 2500"}}
TpTrace Verbose: 0 : 33031, 11, 2024/04/25, 18:42:14.560, 592578782066458, vstest.console.dll, TestRunRequest:SendTestRunMessage: Starting.
TpTrace Verbose: 0 : 33031, 11, 2024/04/25, 18:42:14.560, 592578782085500, vstest.console.dll, MulticastDelegateUtilities.SafeInvoke: TestRun.LogMessages: Invoking callback 1/1 for Microsoft.VisualStudio.TestPlatform.CommandLine.TestRunResultAggregator., took 0 ms.
TpTrace Information: 0 : 33031, 11, 2024/04/25, 18:42:14.560, 592578782092291, vstest.console.dll, TestRunRequest:SendTestRunMessage: Completed.
TpTrace Verbose: 0 : 33031, 11, 2024/04/25, 18:42:14.560, 592578782102083, vstest.console.dll, MulticastDelegateUtilities.SafeInvoke: LengthPrefixCommunicationChannel: MessageReceived: Invoking callback 1/1 for Microsoft.VisualStudio.TestPlatform.CommunicationUtilities.TestRequestSender+<>c__DisplayClass34_0., took 0 ms.
TpTrace Verbose: 0 : 33031, 11, 2024/04/25, 18:42:14.560, 592578782108875, vstest.console.dll, TcpClientExtensions.MessageLoopAsync: Polling on remoteEndPoint: 127.0.0.1:57203 localEndPoint: 127.0.0.1:57202 after 0 ms
TpTrace Verbose: 0 : 33031, 11, 2024/04/25, 18:42:14.560, 592578782116625, vstest.console.dll, TcpClientExtensions.MessageLoopAsync: NotifyDataAvailable remoteEndPoint: 127.0.0.1:57203 localEndPoint: 127.0.0.1:57202
TpTrace Verbose: 0 : 33031, 11, 2024/04/25, 18:42:14.560, 592578782129000, vstest.console.dll, TestRequestSender.OnExecutionMessageReceived: Received message: {"Version":7,"MessageType":"TestSession.Message","Payload":{"MessageLevel":0,"Message":"[xUnit.net 00:00:00.11]       Actual:   500"}}
TpTrace Verbose: 0 : 33031, 11, 2024/04/25, 18:42:14.560, 592578782145666, vstest.console.dll, TestRunRequest:SendTestRunMessage: Starting.
TpTrace Verbose: 0 : 33031, 11, 2024/04/25, 18:42:14.560, 592578782155125, vstest.console.dll, MulticastDelegateUtilities.SafeInvoke: TestRun.LogMessages: Invoking callback 1/1 for Microsoft.VisualStudio.TestPlatform.CommandLine.TestRunResultAggregator., took 0 ms.
TpTrace Information: 0 : 33031, 11, 2024/04/25, 18:42:14.560, 592578782161416, vstest.console.dll, TestRunRequest:SendTestRunMessage: Completed.
TpTrace Verbose: 0 : 33031, 11, 2024/04/25, 18:42:14.560, 592578782169750, vstest.console.dll, MulticastDelegateUtilities.SafeInvoke: LengthPrefixCommunicationChannel: MessageReceived: Invoking callback 1/1 for Microsoft.VisualStudio.TestPlatform.CommunicationUtilities.TestRequestSender+<>c__DisplayClass34_0., took 0 ms.
TpTrace Verbose: 0 : 33031, 11, 2024/04/25, 18:42:14.560, 592578782176458, vstest.console.dll, TcpClientExtensions.MessageLoopAsync: Polling on remoteEndPoint: 127.0.0.1:57203 localEndPoint: 127.0.0.1:57202 after 0 ms
TpTrace Verbose: 0 : 33031, 11, 2024/04/25, 18:42:14.560, 592578782183875, vstest.console.dll, TcpClientExtensions.MessageLoopAsync: NotifyDataAvailable remoteEndPoint: 127.0.0.1:57203 localEndPoint: 127.0.0.1:57202
TpTrace Verbose: 0 : 33031, 11, 2024/04/25, 18:42:14.560, 592578782194666, vstest.console.dll, TestRequestSender.OnExecutionMessageReceived: Received message: {"Version":7,"MessageType":"TestSession.Message","Payload":{"MessageLevel":0,"Message":"[xUnit.net 00:00:00.11]       Stack Trace:"}}
TpTrace Verbose: 0 : 33031, 11, 2024/04/25, 18:42:14.560, 592578782207666, vstest.console.dll, TestRunRequest:SendTestRunMessage: Starting.
TpTrace Verbose: 0 : 33031, 11, 2024/04/25, 18:42:14.561, 592578782216458, vstest.console.dll, MulticastDelegateUtilities.SafeInvoke: TestRun.LogMessages: Invoking callback 1/1 for Microsoft.VisualStudio.TestPlatform.CommandLine.TestRunResultAggregator., took 0 ms.
TpTrace Information: 0 : 33031, 11, 2024/04/25, 18:42:14.561, 592578782222333, vstest.console.dll, TestRunRequest:SendTestRunMessage: Completed.
TpTrace Verbose: 0 : 33031, 11, 2024/04/25, 18:42:14.561, 592578782228083, vstest.console.dll, MulticastDelegateUtilities.SafeInvoke: LengthPrefixCommunicationChannel: MessageReceived: Invoking callback 1/1 for Microsoft.VisualStudio.TestPlatform.CommunicationUtilities.TestRequestSender+<>c__DisplayClass34_0., took 0 ms.
TpTrace Verbose: 0 : 33031, 11, 2024/04/25, 18:42:14.561, 592578782236541, vstest.console.dll, TcpClientExtensions.MessageLoopAsync: Polling on remoteEndPoint: 127.0.0.1:57203 localEndPoint: 127.0.0.1:57202 after 0 ms
TpTrace Verbose: 0 : 33031, 11, 2024/04/25, 18:42:14.561, 592578782243416, vstest.console.dll, TcpClientExtensions.MessageLoopAsync: NotifyDataAvailable remoteEndPoint: 127.0.0.1:57203 localEndPoint: 127.0.0.1:57202
TpTrace Verbose: 0 : 33031, 11, 2024/04/25, 18:42:14.561, 592578782254875, vstest.console.dll, TestRequestSender.OnExecutionMessageReceived: Received message: {"Version":7,"MessageType":"TestSession.Message","Payload":{"MessageLevel":0,"Message":"[xUnit.net 00:00:00.11]         /Users/marco.mendes/code/exemplos-codigos-para-docs/irrf-regra-testes-unidade/test/EmpregadoTests.cs(20,0): at EmpregadoTests.TestarDeducaoDespesasMedicas_RN001()"}}
TpTrace Verbose: 0 : 33031, 11, 2024/04/25, 18:42:14.561, 592578782267541, vstest.console.dll, TestRunRequest:SendTestRunMessage: Starting.
TpTrace Verbose: 0 : 33031, 11, 2024/04/25, 18:42:14.561, 592578782276291, vstest.console.dll, MulticastDelegateUtilities.SafeInvoke: TestRun.LogMessages: Invoking callback 1/1 for Microsoft.VisualStudio.TestPlatform.CommandLine.TestRunResultAggregator., took 0 ms.
TpTrace Information: 0 : 33031, 11, 2024/04/25, 18:42:14.561, 592578782282166, vstest.console.dll, TestRunRequest:SendTestRunMessage: Completed.
TpTrace Verbose: 0 : 33031, 11, 2024/04/25, 18:42:14.561, 592578782288000, vstest.console.dll, MulticastDelegateUtilities.SafeInvoke: LengthPrefixCommunicationChannel: MessageReceived: Invoking callback 1/1 for Microsoft.VisualStudio.TestPlatform.CommunicationUtilities.TestRequestSender+<>c__DisplayClass34_0., took 0 ms.
TpTrace Verbose: 0 : 33031, 11, 2024/04/25, 18:42:14.561, 592578782296375, vstest.console.dll, TcpClientExtensions.MessageLoopAsync: Polling on remoteEndPoint: 127.0.0.1:57203 localEndPoint: 127.0.0.1:57202 after 0 ms
TpTrace Verbose: 0 : 33031, 11, 2024/04/25, 18:42:14.561, 592578782303208, vstest.console.dll, TcpClientExtensions.MessageLoopAsync: NotifyDataAvailable remoteEndPoint: 127.0.0.1:57203 localEndPoint: 127.0.0.1:57202
TpTrace Verbose: 0 : 33031, 11, 2024/04/25, 18:42:14.561, 592578782313958, vstest.console.dll, TestRequestSender.OnExecutionMessageReceived: Received message: {"Version":7,"MessageType":"TestSession.Message","Payload":{"MessageLevel":0,"Message":"[xUnit.net 00:00:00.11]            at System.RuntimeMethodHandle.InvokeMethod(Object target, Void** arguments, Signature sig, Boolean isConstructor)"}}
TpTrace Verbose: 0 : 33031, 11, 2024/04/25, 18:42:14.561, 592578782326208, vstest.console.dll, TestRunRequest:SendTestRunMessage: Starting.
TpTrace Verbose: 0 : 33031, 11, 2024/04/25, 18:42:14.561, 592578782334625, vstest.console.dll, MulticastDelegateUtilities.SafeInvoke: TestRun.LogMessages: Invoking callback 1/1 for Microsoft.VisualStudio.TestPlatform.CommandLine.TestRunResultAggregator., took 0 ms.
TpTrace Information: 0 : 33031, 11, 2024/04/25, 18:42:14.561, 592578782340375, vstest.console.dll, TestRunRequest:SendTestRunMessage: Completed.
TpTrace Verbose: 0 : 33031, 11, 2024/04/25, 18:42:14.561, 592578782346166, vstest.console.dll, MulticastDelegateUtilities.SafeInvoke: LengthPrefixCommunicationChannel: MessageReceived: Invoking callback 1/1 for Microsoft.VisualStudio.TestPlatform.CommunicationUtilities.TestRequestSender+<>c__DisplayClass34_0., took 0 ms.
TpTrace Verbose: 0 : 33031, 11, 2024/04/25, 18:42:14.561, 592578782354416, vstest.console.dll, TcpClientExtensions.MessageLoopAsync: Polling on remoteEndPoint: 127.0.0.1:57203 localEndPoint: 127.0.0.1:57202 after 0 ms
TpTrace Verbose: 0 : 33031, 11, 2024/04/25, 18:42:14.561, 592578782361416, vstest.console.dll, TcpClientExtensions.MessageLoopAsync: NotifyDataAvailable remoteEndPoint: 127.0.0.1:57203 localEndPoint: 127.0.0.1:57202
TpTrace Verbose: 0 : 33031, 11, 2024/04/25, 18:42:14.561, 592578782371958, vstest.console.dll, TestRequestSender.OnExecutionMessageReceived: Received message: {"Version":7,"MessageType":"TestSession.Message","Payload":{"MessageLevel":0,"Message":"[xUnit.net 00:00:00.11]            at System.Reflection.MethodBaseInvoker.InvokeWithNoArgs(Object obj, BindingFlags invokeAttr)"}}
TpTrace Verbose: 0 : 33031, 11, 2024/04/25, 18:42:14.561, 592578782384083, vstest.console.dll, TestRunRequest:SendTestRunMessage: Starting.
TpTrace Verbose: 0 : 33031, 11, 2024/04/25, 18:42:14.561, 592578782392666, vstest.console.dll, MulticastDelegateUtilities.SafeInvoke: TestRun.LogMessages: Invoking callback 1/1 for Microsoft.VisualStudio.TestPlatform.CommandLine.TestRunResultAggregator., took 0 ms.
TpTrace Information: 0 : 33031, 11, 2024/04/25, 18:42:14.561, 592578782398541, vstest.console.dll, TestRunRequest:SendTestRunMessage: Completed.
TpTrace Verbose: 0 : 33031, 11, 2024/04/25, 18:42:14.561, 592578782404208, vstest.console.dll, MulticastDelegateUtilities.SafeInvoke: LengthPrefixCommunicationChannel: MessageReceived: Invoking callback 1/1 for Microsoft.VisualStudio.TestPlatform.CommunicationUtilities.TestRequestSender+<>c__DisplayClass34_0., took 0 ms.
TpTrace Verbose: 0 : 33031, 11, 2024/04/25, 18:42:14.561, 592578782412500, vstest.console.dll, TcpClientExtensions.MessageLoopAsync: Polling on remoteEndPoint: 127.0.0.1:57203 localEndPoint: 127.0.0.1:57202 after 0 ms
TpTrace Verbose: 0 : 33031, 11, 2024/04/25, 18:42:14.561, 592578782419333, vstest.console.dll, TcpClientExtensions.MessageLoopAsync: NotifyDataAvailable remoteEndPoint: 127.0.0.1:57203 localEndPoint: 127.0.0.1:57202
TpTrace Verbose: 0 : 33031, 11, 2024/04/25, 18:42:14.561, 592578782429916, vstest.console.dll, TestRequestSender.OnExecutionMessageReceived: Received message: {"Version":7,"MessageType":"TestSession.Message","Payload":{"MessageLevel":2,"Message":"[xUnit.net 00:00:00.11]     EmpregadoTests.TestarDeducaoDespesasMedicas_RN001_ValorMaiorQueSalario [FAIL]"}}
TpTrace Verbose: 0 : 33031, 11, 2024/04/25, 18:42:14.561, 592578782442083, vstest.console.dll, TestRunRequest:SendTestRunMessage: Starting.
TpTrace Verbose: 0 : 33031, 11, 2024/04/25, 18:42:14.561, 592578782450583, vstest.console.dll, MulticastDelegateUtilities.SafeInvoke: TestRun.LogMessages: Invoking callback 1/1 for Microsoft.VisualStudio.TestPlatform.CommandLine.TestRunResultAggregator., took 0 ms.
TpTrace Information: 0 : 33031, 11, 2024/04/25, 18:42:14.561, 592578782456583, vstest.console.dll, TestRunRequest:SendTestRunMessage: Completed.
TpTrace Verbose: 0 : 33031, 11, 2024/04/25, 18:42:14.561, 592578782462291, vstest.console.dll, MulticastDelegateUtilities.SafeInvoke: LengthPrefixCommunicationChannel: MessageReceived: Invoking callback 1/1 for Microsoft.VisualStudio.TestPlatform.CommunicationUtilities.TestRequestSender+<>c__DisplayClass34_0., took 0 ms.
TpTrace Verbose: 0 : 33031, 11, 2024/04/25, 18:42:14.561, 592578782470375, vstest.console.dll, TcpClientExtensions.MessageLoopAsync: Polling on remoteEndPoint: 127.0.0.1:57203 localEndPoint: 127.0.0.1:57202 after 0 ms
TpTrace Verbose: 0 : 33031, 11, 2024/04/25, 18:42:14.561, 592578782477416, vstest.console.dll, TcpClientExtensions.MessageLoopAsync: NotifyDataAvailable remoteEndPoint: 127.0.0.1:57203 localEndPoint: 127.0.0.1:57202
TpTrace Verbose: 0 : 33031, 11, 2024/04/25, 18:42:14.561, 592578782490791, vstest.console.dll, TestRequestSender.OnExecutionMessageReceived: Received message: {"Version":7,"MessageType":"TestSession.Message","Payload":{"MessageLevel":0,"Message":"[xUnit.net 00:00:00.11]       Assert.Equal() Failure: Values differ"}}
TpTrace Verbose: 0 : 33031, 11, 2024/04/25, 18:42:14.561, 592578782503000, vstest.console.dll, TestRunRequest:SendTestRunMessage: Starting.
TpTrace Verbose: 0 : 33031, 11, 2024/04/25, 18:42:14.561, 592578782511541, vstest.console.dll, MulticastDelegateUtilities.SafeInvoke: TestRun.LogMessages: Invoking callback 1/1 for Microsoft.VisualStudio.TestPlatform.CommandLine.TestRunResultAggregator., took 0 ms.
TpTrace Information: 0 : 33031, 11, 2024/04/25, 18:42:14.561, 592578782517458, vstest.console.dll, TestRunRequest:SendTestRunMessage: Completed.
TpTrace Verbose: 0 : 33031, 11, 2024/04/25, 18:42:14.561, 592578782523250, vstest.console.dll, MulticastDelegateUtilities.SafeInvoke: LengthPrefixCommunicationChannel: MessageReceived: Invoking callback 1/1 for Microsoft.VisualStudio.TestPlatform.CommunicationUtilities.TestRequestSender+<>c__DisplayClass34_0., took 0 ms.
TpTrace Verbose: 0 : 33031, 11, 2024/04/25, 18:42:14.561, 592578782529416, vstest.console.dll, TcpClientExtensions.MessageLoopAsync: Polling on remoteEndPoint: 127.0.0.1:57203 localEndPoint: 127.0.0.1:57202 after 0 ms
TpTrace Verbose: 0 : 33031, 11, 2024/04/25, 18:42:14.561, 592578782538666, vstest.console.dll, TcpClientExtensions.MessageLoopAsync: NotifyDataAvailable remoteEndPoint: 127.0.0.1:57203 localEndPoint: 127.0.0.1:57202
TpTrace Verbose: 0 : 33031, 11, 2024/04/25, 18:42:14.561, 592578782549208, vstest.console.dll, TestRequestSender.OnExecutionMessageReceived: Received message: {"Version":7,"MessageType":"TestSession.Message","Payload":{"MessageLevel":0,"Message":"[xUnit.net 00:00:00.11]       Expected: 0"}}
TpTrace Verbose: 0 : 33031, 11, 2024/04/25, 18:42:14.561, 592578782560583, vstest.console.dll, TestRunRequest:SendTestRunMessage: Starting.
TpTrace Verbose: 0 : 33031, 11, 2024/04/25, 18:42:14.561, 592578782569583, vstest.console.dll, MulticastDelegateUtilities.SafeInvoke: TestRun.LogMessages: Invoking callback 1/1 for Microsoft.VisualStudio.TestPlatform.CommandLine.TestRunResultAggregator., took 0 ms.
TpTrace Information: 0 : 33031, 11, 2024/04/25, 18:42:14.561, 592578782575333, vstest.console.dll, TestRunRequest:SendTestRunMessage: Completed.
TpTrace Verbose: 0 : 33031, 11, 2024/04/25, 18:42:14.561, 592578782580958, vstest.console.dll, MulticastDelegateUtilities.SafeInvoke: LengthPrefixCommunicationChannel: MessageReceived: Invoking callback 1/1 for Microsoft.VisualStudio.TestPlatform.CommunicationUtilities.TestRequestSender+<>c__DisplayClass34_0., took 0 ms.
TpTrace Verbose: 0 : 33031, 11, 2024/04/25, 18:42:14.561, 592578782586875, vstest.console.dll, TcpClientExtensions.MessageLoopAsync: Polling on remoteEndPoint: 127.0.0.1:57203 localEndPoint: 127.0.0.1:57202 after 0 ms
TpTrace Verbose: 0 : 33031, 11, 2024/04/25, 18:42:14.561, 592578782593375, vstest.console.dll, TcpClientExtensions.MessageLoopAsync: NotifyDataAvailable remoteEndPoint: 127.0.0.1:57203 localEndPoint: 127.0.0.1:57202
TpTrace Verbose: 0 : 33031, 11, 2024/04/25, 18:42:14.561, 592578782606083, vstest.console.dll, TestRequestSender.OnExecutionMessageReceived: Received message: {"Version":7,"MessageType":"TestSession.Message","Payload":{"MessageLevel":0,"Message":"[xUnit.net 00:00:00.11]       Actual:   5000"}}
TpTrace Verbose: 0 : 33031, 11, 2024/04/25, 18:42:14.561, 592578782618208, vstest.console.dll, TestRunRequest:SendTestRunMessage: Starting.
TpTrace Verbose: 0 : 33031, 11, 2024/04/25, 18:42:14.561, 592578782627875, vstest.console.dll, MulticastDelegateUtilities.SafeInvoke: TestRun.LogMessages: Invoking callback 1/1 for Microsoft.VisualStudio.TestPlatform.CommandLine.TestRunResultAggregator., took 0 ms.
TpTrace Information: 0 : 33031, 11, 2024/04/25, 18:42:14.561, 592578782633708, vstest.console.dll, TestRunRequest:SendTestRunMessage: Completed.
TpTrace Verbose: 0 : 33031, 11, 2024/04/25, 18:42:14.561, 592578782639583, vstest.console.dll, MulticastDelegateUtilities.SafeInvoke: LengthPrefixCommunicationChannel: MessageReceived: Invoking callback 1/1 for Microsoft.VisualStudio.TestPlatform.CommunicationUtilities.TestRequestSender+<>c__DisplayClass34_0., took 0 ms.
TpTrace Verbose: 0 : 33031, 11, 2024/04/25, 18:42:14.561, 592578782645541, vstest.console.dll, TcpClientExtensions.MessageLoopAsync: Polling on remoteEndPoint: 127.0.0.1:57203 localEndPoint: 127.0.0.1:57202 after 0 ms
TpTrace Verbose: 0 : 33031, 11, 2024/04/25, 18:42:14.561, 592578782652000, vstest.console.dll, TcpClientExtensions.MessageLoopAsync: NotifyDataAvailable remoteEndPoint: 127.0.0.1:57203 localEndPoint: 127.0.0.1:57202
TpTrace Verbose: 0 : 33031, 11, 2024/04/25, 18:42:14.561, 592578782665666, vstest.console.dll, TestRequestSender.OnExecutionMessageReceived: Received message: {"Version":7,"MessageType":"TestSession.Message","Payload":{"MessageLevel":0,"Message":"[xUnit.net 00:00:00.11]       Stack Trace:"}}
TpTrace Verbose: 0 : 33031, 11, 2024/04/25, 18:42:14.561, 592578782677291, vstest.console.dll, TestRunRequest:SendTestRunMessage: Starting.
TpTrace Verbose: 0 : 33031, 11, 2024/04/25, 18:42:14.561, 592578782685916, vstest.console.dll, MulticastDelegateUtilities.SafeInvoke: TestRun.LogMessages: Invoking callback 1/1 for Microsoft.VisualStudio.TestPlatform.CommandLine.TestRunResultAggregator., took 0 ms.
TpTrace Information: 0 : 33031, 11, 2024/04/25, 18:42:14.561, 592578782692083, vstest.console.dll, TestRunRequest:SendTestRunMessage: Completed.
TpTrace Verbose: 0 : 33031, 11, 2024/04/25, 18:42:14.561, 592578782697958, vstest.console.dll, MulticastDelegateUtilities.SafeInvoke: LengthPrefixCommunicationChannel: MessageReceived: Invoking callback 1/1 for Microsoft.VisualStudio.TestPlatform.CommunicationUtilities.TestRequestSender+<>c__DisplayClass34_0., took 0 ms.
TpTrace Verbose: 0 : 33031, 11, 2024/04/25, 18:42:14.561, 592578782703875, vstest.console.dll, TcpClientExtensions.MessageLoopAsync: Polling on remoteEndPoint: 127.0.0.1:57203 localEndPoint: 127.0.0.1:57202 after 0 ms
TpTrace Verbose: 0 : 33031, 11, 2024/04/25, 18:42:14.561, 592578782710583, vstest.console.dll, TcpClientExtensions.MessageLoopAsync: NotifyDataAvailable remoteEndPoint: 127.0.0.1:57203 localEndPoint: 127.0.0.1:57202
TpTrace Verbose: 0 : 33031, 11, 2024/04/25, 18:42:14.561, 592578782722916, vstest.console.dll, TestRequestSender.OnExecutionMessageReceived: Received message: {"Version":7,"MessageType":"TestSession.Message","Payload":{"MessageLevel":0,"Message":"[xUnit.net 00:00:00.11]         /Users/marco.mendes/code/exemplos-codigos-para-docs/irrf-regra-testes-unidade/test/EmpregadoTests.cs(35,0): at EmpregadoTests.TestarDeducaoDespesasMedicas_RN001_ValorMaiorQueSalario()"}}
TpTrace Verbose: 0 : 33031, 11, 2024/04/25, 18:42:14.561, 592578782737250, vstest.console.dll, TestRunRequest:SendTestRunMessage: Starting.
TpTrace Verbose: 0 : 33031, 11, 2024/04/25, 18:42:14.561, 592578782745708, vstest.console.dll, MulticastDelegateUtilities.SafeInvoke: TestRun.LogMessages: Invoking callback 1/1 for Microsoft.VisualStudio.TestPlatform.CommandLine.TestRunResultAggregator., took 0 ms.
TpTrace Information: 0 : 33031, 11, 2024/04/25, 18:42:14.561, 592578782752041, vstest.console.dll, TestRunRequest:SendTestRunMessage: Completed.
TpTrace Verbose: 0 : 33031, 11, 2024/04/25, 18:42:14.561, 592578782757750, vstest.console.dll, MulticastDelegateUtilities.SafeInvoke: LengthPrefixCommunicationChannel: MessageReceived: Invoking callback 1/1 for Microsoft.VisualStudio.TestPlatform.CommunicationUtilities.TestRequestSender+<>c__DisplayClass34_0., took 0 ms.
TpTrace Verbose: 0 : 33031, 11, 2024/04/25, 18:42:14.561, 592578782763833, vstest.console.dll, TcpClientExtensions.MessageLoopAsync: Polling on remoteEndPoint: 127.0.0.1:57203 localEndPoint: 127.0.0.1:57202 after 0 ms
TpTrace Verbose: 0 : 33031, 11, 2024/04/25, 18:42:14.561, 592578782770583, vstest.console.dll, TcpClientExtensions.MessageLoopAsync: NotifyDataAvailable remoteEndPoint: 127.0.0.1:57203 localEndPoint: 127.0.0.1:57202
TpTrace Verbose: 0 : 33031, 11, 2024/04/25, 18:42:14.561, 592578782783250, vstest.console.dll, TestRequestSender.OnExecutionMessageReceived: Received message: {"Version":7,"MessageType":"TestSession.Message","Payload":{"MessageLevel":0,"Message":"[xUnit.net 00:00:00.11]            at System.RuntimeMethodHandle.InvokeMethod(Object target, Void** arguments, Signature sig, Boolean isConstructor)"}}
TpTrace Verbose: 0 : 33031, 11, 2024/04/25, 18:42:14.561, 592578782795166, vstest.console.dll, TestRunRequest:SendTestRunMessage: Starting.
TpTrace Verbose: 0 : 33031, 11, 2024/04/25, 18:42:14.561, 592578782803583, vstest.console.dll, MulticastDelegateUtilities.SafeInvoke: TestRun.LogMessages: Invoking callback 1/1 for Microsoft.VisualStudio.TestPlatform.CommandLine.TestRunResultAggregator., took 0 ms.
TpTrace Information: 0 : 33031, 11, 2024/04/25, 18:42:14.561, 592578782810041, vstest.console.dll, TestRunRequest:SendTestRunMessage: Completed.
TpTrace Verbose: 0 : 33031, 11, 2024/04/25, 18:42:14.561, 592578782815958, vstest.console.dll, MulticastDelegateUtilities.SafeInvoke: LengthPrefixCommunicationChannel: MessageReceived: Invoking callback 1/1 for Microsoft.VisualStudio.TestPlatform.CommunicationUtilities.TestRequestSender+<>c__DisplayClass34_0., took 0 ms.
TpTrace Verbose: 0 : 33031, 11, 2024/04/25, 18:42:14.561, 592578782821916, vstest.console.dll, TcpClientExtensions.MessageLoopAsync: Polling on remoteEndPoint: 127.0.0.1:57203 localEndPoint: 127.0.0.1:57202 after 0 ms
TpTrace Verbose: 0 : 33031, 11, 2024/04/25, 18:42:14.561, 592578782828583, vstest.console.dll, TcpClientExtensions.MessageLoopAsync: NotifyDataAvailable remoteEndPoint: 127.0.0.1:57203 localEndPoint: 127.0.0.1:57202
TpTrace Verbose: 0 : 33031, 11, 2024/04/25, 18:42:14.561, 592578782838791, vstest.console.dll, TestRequestSender.OnExecutionMessageReceived: Received message: {"Version":7,"MessageType":"TestSession.Message","Payload":{"MessageLevel":0,"Message":"[xUnit.net 00:00:00.11]            at System.Reflection.MethodBaseInvoker.InvokeWithNoArgs(Object obj, BindingFlags invokeAttr)"}}
TpTrace Verbose: 0 : 33031, 11, 2024/04/25, 18:42:14.561, 592578782850583, vstest.console.dll, TestRunRequest:SendTestRunMessage: Starting.
TpTrace Verbose: 0 : 33031, 11, 2024/04/25, 18:42:14.561, 592578782859000, vstest.console.dll, MulticastDelegateUtilities.SafeInvoke: TestRun.LogMessages: Invoking callback 1/1 for Microsoft.VisualStudio.TestPlatform.CommandLine.TestRunResultAggregator., took 0 ms.
TpTrace Information: 0 : 33031, 11, 2024/04/25, 18:42:14.561, 592578782871541, vstest.console.dll, TestRunRequest:SendTestRunMessage: Completed.
TpTrace Verbose: 0 : 33031, 11, 2024/04/25, 18:42:14.561, 592578782877541, vstest.console.dll, MulticastDelegateUtilities.SafeInvoke: LengthPrefixCommunicationChannel: MessageReceived: Invoking callback 1/1 for Microsoft.VisualStudio.TestPlatform.CommunicationUtilities.TestRequestSender+<>c__DisplayClass34_0., took 0 ms.
TpTrace Verbose: 0 : 33031, 11, 2024/04/25, 18:42:14.561, 592578782883583, vstest.console.dll, TcpClientExtensions.MessageLoopAsync: Polling on remoteEndPoint: 127.0.0.1:57203 localEndPoint: 127.0.0.1:57202 after 0 ms
TpTrace Verbose: 0 : 33031, 11, 2024/04/25, 18:42:14.561, 592578782890333, vstest.console.dll, TcpClientExtensions.MessageLoopAsync: NotifyDataAvailable remoteEndPoint: 127.0.0.1:57203 localEndPoint: 127.0.0.1:57202
TpTrace Verbose: 0 : 33031, 11, 2024/04/25, 18:42:14.561, 592578782917291, vstest.console.dll, TestRequestSender.OnExecutionMessageReceived: Received message: {"Version":7,"MessageType":"TestSession.Message","Payload":{"MessageLevel":0,"Message":"[xUnit.net 00:00:00.11]   Finished:    irrf-regra-projeto-testes"}}
TpTrace Verbose: 0 : 33031, 11, 2024/04/25, 18:42:14.561, 592578782931000, vstest.console.dll, TestRunRequest:SendTestRunMessage: Starting.
TpTrace Verbose: 0 : 33031, 11, 2024/04/25, 18:42:14.561, 592578782939291, vstest.console.dll, MulticastDelegateUtilities.SafeInvoke: TestRun.LogMessages: Invoking callback 1/1 for Microsoft.VisualStudio.TestPlatform.CommandLine.TestRunResultAggregator., took 0 ms.
TpTrace Information: 0 : 33031, 11, 2024/04/25, 18:42:14.561, 592578782945666, vstest.console.dll, TestRunRequest:SendTestRunMessage: Completed.
TpTrace Verbose: 0 : 33031, 11, 2024/04/25, 18:42:14.561, 592578782951416, vstest.console.dll, MulticastDelegateUtilities.SafeInvoke: LengthPrefixCommunicationChannel: MessageReceived: Invoking callback 1/1 for Microsoft.VisualStudio.TestPlatform.CommunicationUtilities.TestRequestSender+<>c__DisplayClass34_0., took 0 ms.
TpTrace Verbose: 0 : 33031, 11, 2024/04/25, 18:42:14.561, 592578782957333, vstest.console.dll, TcpClientExtensions.MessageLoopAsync: Polling on remoteEndPoint: 127.0.0.1:57203 localEndPoint: 127.0.0.1:57202 after 0 ms
TpTrace Verbose: 0 : 33031, 4, 2024/04/25, 18:42:14.562, 592578783262666, vstest.console.dll, MulticastDelegateUtilities.SafeInvoke: InternalTestLoggerEvents.SendTestResult: Invoking callback 1/1 for Microsoft.VisualStudio.TestPlatform.CommandLine.Internal.ConsoleLogger., took 1 ms.
TpTrace Verbose: 0 : 33031, 4, 2024/04/25, 18:42:14.562, 592578783635958, vstest.console.dll, MulticastDelegateUtilities.SafeInvoke: InternalTestLoggerEvents.SendTestResult: Invoking callback 1/1 for Microsoft.VisualStudio.TestPlatform.CommandLine.Internal.ConsoleLogger., took 0 ms.
TpTrace Verbose: 0 : 33031, 4, 2024/04/25, 18:42:14.562, 592578783694083, vstest.console.dll, MulticastDelegateUtilities.SafeInvoke: InternalTestLoggerEvents.SendTestResult: Invoking callback 1/1 for Microsoft.VisualStudio.TestPlatform.CommandLine.Internal.ConsoleLogger., took 0 ms.
TpTrace Verbose: 0 : 33031, 4, 2024/04/25, 18:42:14.562, 592578783845041, vstest.console.dll, MulticastDelegateUtilities.SafeInvoke: InternalTestLoggerEvents.SendTestResult: Invoking callback 1/1 for Microsoft.VisualStudio.TestPlatform.CommandLine.Internal.ConsoleLogger., took 0 ms.
TpTrace Verbose: 0 : 33031, 4, 2024/04/25, 18:42:14.562, 592578783886500, vstest.console.dll, MulticastDelegateUtilities.SafeInvoke: InternalTestLoggerEvents.SendTestResult: Invoking callback 1/1 for Microsoft.VisualStudio.TestPlatform.CommandLine.Internal.ConsoleLogger., took 0 ms.
TpTrace Verbose: 0 : 33031, 4, 2024/04/25, 18:42:14.562, 592578783902041, vstest.console.dll, MulticastDelegateUtilities.SafeInvoke: InternalTestLoggerEvents.SendTestResult: Invoking callback 1/1 for Microsoft.VisualStudio.TestPlatform.CommandLine.Internal.ConsoleLogger., took 0 ms.
TpTrace Verbose: 0 : 33031, 4, 2024/04/25, 18:42:14.562, 592578783914958, vstest.console.dll, MulticastDelegateUtilities.SafeInvoke: InternalTestLoggerEvents.SendTestResult: Invoking callback 1/1 for Microsoft.VisualStudio.TestPlatform.CommandLine.Internal.ConsoleLogger., took 0 ms.
TpTrace Verbose: 0 : 33031, 4, 2024/04/25, 18:42:14.562, 592578783926750, vstest.console.dll, MulticastDelegateUtilities.SafeInvoke: InternalTestLoggerEvents.SendTestResult: Invoking callback 1/1 for Microsoft.VisualStudio.TestPlatform.CommandLine.Internal.ConsoleLogger., took 0 ms.
TpTrace Verbose: 0 : 33031, 4, 2024/04/25, 18:42:14.562, 592578783938250, vstest.console.dll, MulticastDelegateUtilities.SafeInvoke: InternalTestLoggerEvents.SendTestResult: Invoking callback 1/1 for Microsoft.VisualStudio.TestPlatform.CommandLine.Internal.ConsoleLogger., took 0 ms.
TpTrace Verbose: 0 : 33031, 4, 2024/04/25, 18:42:14.562, 592578783959541, vstest.console.dll, MulticastDelegateUtilities.SafeInvoke: InternalTestLoggerEvents.SendTestRunMessage: Invoking callback 1/1 for Microsoft.VisualStudio.TestPlatform.CommandLine.Internal.ConsoleLogger., took 0 ms.
TpTrace Verbose: 0 : 33031, 4, 2024/04/25, 18:42:14.562, 592578783968708, vstest.console.dll, MulticastDelegateUtilities.SafeInvoke: InternalTestLoggerEvents.SendTestRunMessage: Invoking callback 1/1 for Microsoft.VisualStudio.TestPlatform.CommandLine.Internal.ConsoleLogger., took 0 ms.
TpTrace Verbose: 0 : 33031, 4, 2024/04/25, 18:42:14.562, 592578783979583, vstest.console.dll, MulticastDelegateUtilities.SafeInvoke: InternalTestLoggerEvents.SendTestRunMessage: Invoking callback 1/1 for Microsoft.VisualStudio.TestPlatform.CommandLine.Internal.ConsoleLogger., took 0 ms.
TpTrace Verbose: 0 : 33031, 4, 2024/04/25, 18:42:14.562, 592578783991041, vstest.console.dll, MulticastDelegateUtilities.SafeInvoke: InternalTestLoggerEvents.SendTestRunMessage: Invoking callback 1/1 for Microsoft.VisualStudio.TestPlatform.CommandLine.Internal.ConsoleLogger., took 0 ms.
TpTrace Verbose: 0 : 33031, 4, 2024/04/25, 18:42:14.562, 592578783999583, vstest.console.dll, MulticastDelegateUtilities.SafeInvoke: InternalTestLoggerEvents.SendTestRunMessage: Invoking callback 1/1 for Microsoft.VisualStudio.TestPlatform.CommandLine.Internal.ConsoleLogger., took 0 ms.
TpTrace Verbose: 0 : 33031, 4, 2024/04/25, 18:42:14.562, 592578784007541, vstest.console.dll, MulticastDelegateUtilities.SafeInvoke: InternalTestLoggerEvents.SendTestRunMessage: Invoking callback 1/1 for Microsoft.VisualStudio.TestPlatform.CommandLine.Internal.ConsoleLogger., took 0 ms.
TpTrace Verbose: 0 : 33031, 4, 2024/04/25, 18:42:14.562, 592578784016666, vstest.console.dll, MulticastDelegateUtilities.SafeInvoke: InternalTestLoggerEvents.SendTestRunMessage: Invoking callback 1/1 for Microsoft.VisualStudio.TestPlatform.CommandLine.Internal.ConsoleLogger., took 0 ms.
TpTrace Verbose: 0 : 33031, 4, 2024/04/25, 18:42:14.562, 592578784024375, vstest.console.dll, MulticastDelegateUtilities.SafeInvoke: InternalTestLoggerEvents.SendTestRunMessage: Invoking callback 1/1 for Microsoft.VisualStudio.TestPlatform.CommandLine.Internal.ConsoleLogger., took 0 ms.
TpTrace Verbose: 0 : 33031, 4, 2024/04/25, 18:42:14.562, 592578784037833, vstest.console.dll, MulticastDelegateUtilities.SafeInvoke: InternalTestLoggerEvents.SendTestRunMessage: Invoking callback 1/1 for Microsoft.VisualStudio.TestPlatform.CommandLine.Internal.ConsoleLogger., took 0 ms.
TpTrace Verbose: 0 : 33031, 4, 2024/04/25, 18:42:14.562, 592578784049916, vstest.console.dll, MulticastDelegateUtilities.SafeInvoke: InternalTestLoggerEvents.SendTestRunMessage: Invoking callback 1/1 for Microsoft.VisualStudio.TestPlatform.CommandLine.Internal.ConsoleLogger., took 0 ms.
TpTrace Verbose: 0 : 33031, 4, 2024/04/25, 18:42:14.562, 592578784058333, vstest.console.dll, MulticastDelegateUtilities.SafeInvoke: InternalTestLoggerEvents.SendTestRunMessage: Invoking callback 1/1 for Microsoft.VisualStudio.TestPlatform.CommandLine.Internal.ConsoleLogger., took 0 ms.
TpTrace Verbose: 0 : 33031, 4, 2024/04/25, 18:42:14.562, 592578784065791, vstest.console.dll, MulticastDelegateUtilities.SafeInvoke: InternalTestLoggerEvents.SendTestRunMessage: Invoking callback 1/1 for Microsoft.VisualStudio.TestPlatform.CommandLine.Internal.ConsoleLogger., took 0 ms.
TpTrace Verbose: 0 : 33031, 4, 2024/04/25, 18:42:14.562, 592578784073583, vstest.console.dll, MulticastDelegateUtilities.SafeInvoke: InternalTestLoggerEvents.SendTestRunMessage: Invoking callback 1/1 for Microsoft.VisualStudio.TestPlatform.CommandLine.Internal.ConsoleLogger., took 0 ms.
TpTrace Verbose: 0 : 33031, 4, 2024/04/25, 18:42:14.562, 592578784081833, vstest.console.dll, MulticastDelegateUtilities.SafeInvoke: InternalTestLoggerEvents.SendTestRunMessage: Invoking callback 1/1 for Microsoft.VisualStudio.TestPlatform.CommandLine.Internal.ConsoleLogger., took 0 ms.
TpTrace Verbose: 0 : 33031, 4, 2024/04/25, 18:42:14.562, 592578784089333, vstest.console.dll, MulticastDelegateUtilities.SafeInvoke: InternalTestLoggerEvents.SendTestRunMessage: Invoking callback 1/1 for Microsoft.VisualStudio.TestPlatform.CommandLine.Internal.ConsoleLogger., took 0 ms.
TpTrace Verbose: 0 : 33031, 11, 2024/04/25, 18:42:14.562, 592578784089916, vstest.console.dll, TcpClientExtensions.MessageLoopAsync: NotifyDataAvailable remoteEndPoint: 127.0.0.1:57203 localEndPoint: 127.0.0.1:57202
TpTrace Verbose: 0 : 33031, 4, 2024/04/25, 18:42:14.562, 592578784096791, vstest.console.dll, MulticastDelegateUtilities.SafeInvoke: InternalTestLoggerEvents.SendTestRunMessage: Invoking callback 1/1 for Microsoft.VisualStudio.TestPlatform.CommandLine.Internal.ConsoleLogger., took 0 ms.
TpTrace Verbose: 0 : 33031, 11, 2024/04/25, 18:42:14.562, 592578784170333, vstest.console.dll, TestRequestSender.OnExecutionMessageReceived: Received message: {"Version":7,"MessageType":"TestExecution.Completed","Payload":{"TestRunCompleteArgs":{"TestRunStatistics":{"ExecutedTests":14,"Stats":{"Passed":8,"Failed":6}},"IsCanceled":false,"IsAborted":false,"Error":null,"AttachmentSets":[],"InvokedDataCollectors":[],"ElapsedTimeInRunningTests":"00:00:00.1180042","Metrics":{},"DiscoveredExtensions":{"TestDiscoverers":["Xunit.Runner.VisualStudio.VsTestRunner, xunit.runner.visualstudio.dotnetcore.testadapter, Version=2.5.0.0, Culture=neutral, PublicKeyToken=null"],"TestExecutors":["executor://xunit/VsTestRunner2/netcoreapp"],"TestExecutors2":[],"TestSettingsProviders":[]}},"LastRunTests":{"NewTestResults":[{"TestCase":{"Id":"e7700b18-5718-94c6-c083-7f9684f026a1","FullyQualifiedName":"EmpregadoTests.TestarDeducaoDespesasMedicas_RN001","DisplayName":"EmpregadoTests.TestarDeducaoDespesasMedicas_RN001","ExecutorUri":"executor://xunit/VsTestRunner2/netcoreapp","Source":"/Users/marco.mendes/code/exemplos-codigos-para-docs/irrf-regra-testes-unidade/test/bin/Debug/net8.0/irrf-regra-projeto-testes.dll","CodeFilePath":null,"LineNumber":0,"Properties":[]},"Attachments":[],"Outcome":2,"ErrorMessage":"Assert.Equal() Failure: Values differ\nExpected: 2500\nActual:   500","ErrorStackTrace":"   at EmpregadoTests.TestarDeducaoDespesasMedicas_RN001() in /Users/marco.mendes/code/exemplos-codigos-para-docs/irrf-regra-testes-unidade/test/EmpregadoTests.cs:line 20\n   at System.RuntimeMethodHandle.InvokeMethod(Object target, Void** arguments, Signature sig, Boolean isConstructor)\n   at System.Reflection.MethodBaseInvoker.InvokeWithNoArgs(Object obj, BindingFlags invokeAttr)","DisplayName":"EmpregadoTests.TestarDeducaoDespesasMedicas_RN001","Messages":[],"ComputerName":"air-de-marco","Duration":"00:00:00.0002267","StartTime":"2024-04-25T21:42:14.55018+00:00","EndTime":"2024-04-25T21:42:14.55018+00:00","Properties":[]},{"TestCase":{"Id":"1b86fc9d-f204-d1a8-037e-53847a701871","FullyQualifiedName":"EmpregadoTests.TestarContribuicaoPrevidenciaria_RN004","DisplayName":"EmpregadoTests.TestarContribuicaoPrevidenciaria_RN004","ExecutorUri":"executor://xunit/VsTestRunner2/netcoreapp","Source":"/Users/marco.mendes/code/exemplos-codigos-para-docs/irrf-regra-testes-unidade/test/bin/Debug/net8.0/irrf-regra-projeto-testes.dll","CodeFilePath":null,"LineNumber":0,"Properties":[]},"Attachments":[],"Outcome":1,"ErrorMessage":null,"ErrorStackTrace":null,"DisplayName":"EmpregadoTests.TestarContribuicaoPrevidenciaria_RN004","Messages":[],"ComputerName":"air-de-marco","Duration":"00:00:00.0000829","StartTime":"2024-04-25T21:42:14.550322+00:00","EndTime":"2024-04-25T21:42:14.550322+00:00","Properties":[]},{"TestCase":{"Id":"4a4f3863-afb1-a203-e912-ad94f4fe93a9","FullyQualifiedName":"EmpregadoTests.TestarDeducaoPorDependentes_RN003_SemDependentes","DisplayName":"EmpregadoTests.TestarDeducaoPorDependentes_RN003_SemDependentes","ExecutorUri":"executor://xunit/VsTestRunner2/netcoreapp","Source":"/Users/marco.mendes/code/exemplos-codigos-para-docs/irrf-regra-testes-unidade/test/bin/Debug/net8.0/irrf-regra-projeto-testes.dll","CodeFilePath":null,"LineNumber":0,"Properties":[]},"Attachments":[],"Outcome":1,"ErrorMessage":null,"ErrorStackTrace":null,"DisplayName":"EmpregadoTests.TestarDeducaoPorDependentes_RN003_SemDependentes","Messages":[],"ComputerName":"air-de-marco","Duration":"00:00:00.0000799","StartTime":"2024-04-25T21:42:14.55037+00:00","EndTime":"2024-04-25T21:42:14.55037+00:00","Properties":[]},{"TestCase":{"Id":"a89ee222-f1d4-9c7e-4db1-dccc02a3620b","FullyQualifiedName":"EmpregadoTests.TestarDeducaoDespesasMedicas_RN001_ValorMaiorQueSalario","DisplayName":"EmpregadoTests.TestarDeducaoDespesasMedicas_RN001_ValorMaiorQueSalario","ExecutorUri":"executor://xunit/VsTestRunner2/netcoreapp","Source":"/Users/marco.mendes/code/exemplos-codigos-para-docs/irrf-regra-testes-unidade/test/bin/Debug/net8.0/irrf-regra-projeto-testes.dll","CodeFilePath":null,"LineNumber":0,"Properties":[]},"Attachments":[],"Outcome":2,"ErrorMessage":"Assert.Equal() Failure: Values differ\nExpected: 0\nActual:   5000","ErrorStackTrace":"   at EmpregadoTests.TestarDeducaoDespesasMedicas_RN001_ValorMaiorQueSalario() in /Users/marco.mendes/code/exemplos-codigos-para-docs/irrf-regra-testes-unidade/test/EmpregadoTests.cs:line 35\n   at System.RuntimeMethodHandle.InvokeMethod(Object target, Void** arguments, Signature sig, Boolean isConstructor)\n   at System.Reflection.MethodBaseInvoker.InvokeWithNoArgs(Object obj, BindingFlags invokeAttr)","DisplayName":"EmpregadoTests.TestarDeducaoDespesasMedicas_RN001_ValorMaiorQueSalario","Messages":[],"ComputerName":"air-de-marco","Duration":"00:00:00.0001694","StartTime":"2024-04-25T21:42:14.550731+00:00","EndTime":"2024-04-25T21:42:14.550731+00:00","Properties":[]},{"TestCase":{"Id":"182fb0e9-963e-e2ad-46cf-87857bde652d","FullyQualifiedName":"EmpregadoTests.TestarDeducaoDespesasEducacao_RN002","DisplayName":"EmpregadoTests.TestarDeducaoDespesasEducacao_RN002","ExecutorUri":"executor://xunit/VsTestRunner2/netcoreapp","Source":"/Users/marco.mendes/code/exemplos-codigos-para-docs/irrf-regra-testes-unidade/test/bin/Debug/net8.0/irrf-regra-projeto-testes.dll","CodeFilePath":null,"LineNumber":0,"Properties":[]},"Attachments":[],"Outcome":1,"ErrorMessage":null,"ErrorStackTrace":null,"DisplayName":"EmpregadoTests.TestarDeducaoDespesasEducacao_RN002","Messages":[],"ComputerName":"air-de-marco","Duration":"00:00:00.0001123","StartTime":"2024-04-25T21:42:14.550785+00:00","EndTime":"2024-04-25T21:42:14.550785+00:00","Properties":[]}],"TestRunStatistics":{"ExecutedTests":14,"Stats":{"Passed":8,"Failed":6}},"ActiveTests":[]},"RunAttachments":[],"ExecutorUris":["executor://xunit/VsTestRunner2/netcoreapp"]}}
TpTrace Verbose: 0 : 33031, 4, 2024/04/25, 18:42:14.562, 592578784175000, vstest.console.dll, MulticastDelegateUtilities.SafeInvoke: InternalTestLoggerEvents.SendTestRunMessage: Invoking callback 1/1 for Microsoft.VisualStudio.TestPlatform.CommandLine.Internal.ConsoleLogger., took 0 ms.
TpTrace Verbose: 0 : 33031, 11, 2024/04/25, 18:42:14.562, 592578784212375, vstest.console.dll, TestRequestSender.EndSession: Sending end session.
TpTrace Verbose: 0 : 33031, 11, 2024/04/25, 18:42:14.563, 592578784287458, vstest.console.dll, ProxyOperationManager.Close: waiting for test host to exit for 100 ms
TpTrace Verbose: 0 : 33031, 5, 2024/04/25, 18:42:14.566, 592578788205708, vstest.console.dll, TestHostManagerCallbacks.ctor: Experimental forwarding output is disabled.
TpTrace Warning: 0 : 33031, 5, 2024/04/25, 18:42:14.567, 592578788269791, vstest.console.dll, TestHostManagerCallbacks.ErrorReceivedCallback Test host standard error line: 
TpTrace Verbose: 0 : 33031, 5, 2024/04/25, 18:42:14.567, 592578789087125, vstest.console.dll, TestHostProvider.ExitCallBack: Host exited starting callback.
TpTrace Information: 0 : 33031, 5, 2024/04/25, 18:42:14.567, 592578789136125, vstest.console.dll, TestHostManagerCallbacks.ExitCallBack: Testhost processId: 33032 exited with exitcode: 0 error: ''
TpTrace Verbose: 0 : 33031, 5, 2024/04/25, 18:42:14.567, 592578789148708, vstest.console.dll, DotnetTestHostManager.OnHostExited: invoking OnHostExited callback
TpTrace Verbose: 0 : 33031, 5, 2024/04/25, 18:42:14.568, 592578789251583, vstest.console.dll, CrossPlatEngine.TestHostManagerHostExited: calling on client process exit callback.
TpTrace Information: 0 : 33031, 5, 2024/04/25, 18:42:14.568, 592578789274000, vstest.console.dll, TestRequestSender.OnClientProcessExit: Test host process exited. Standard error: 
TpTrace Information: 0 : 33031, 5, 2024/04/25, 18:42:14.568, 592578789286625, vstest.console.dll, SocketServer.Stop: Stop server endPoint: 127.0.0.1:57202
TpTrace Information: 0 : 33031, 5, 2024/04/25, 18:42:14.568, 592578789293375, vstest.console.dll, SocketServer.Stop: Cancellation requested. Stopping message loop.
TpTrace Information: 0 : 33031, 11, 2024/04/25, 18:42:14.568, 592578789315208, vstest.console.dll, SocketServer.Stop: Stop server endPoint: 127.0.0.1:57202
TpTrace Verbose: 0 : 33031, 5, 2024/04/25, 18:42:14.568, 592578789327291, vstest.console.dll, MulticastDelegateUtilities.SafeInvoke: HostProviderEvents.OnHostExited: Invoking callback 1/1 for Microsoft.VisualStudio.TestPlatform.CrossPlatEngine.Client.ProxyOperationManager., took 0 ms.
TpTrace Information: 0 : 33031, 11, 2024/04/25, 18:42:14.568, 592578789334583, vstest.console.dll, SocketServer.Stop: Cancellation requested. Stopping message loop.
TpTrace Information: 0 : 33031, 11, 2024/04/25, 18:42:14.568, 592578789355291, vstest.console.dll, Closing the connection
TpTrace Verbose: 0 : 33031, 11, 2024/04/25, 18:42:14.574, 592578795636875, vstest.console.dll, ParallelRunEventsHandler.HandleTestRunComplete: Handling a run completion, this can be either one part of parallel run completing, or the whole parallel run completing.
TpTrace Verbose: 0 : 33031, 11, 2024/04/25, 18:42:14.581, 592578802963875, vstest.console.dll, TestRunRequest:SendTestRunStatsChange: Starting.
TpTrace Verbose: 0 : 33031, 11, 2024/04/25, 18:42:14.581, 592578803053166, vstest.console.dll, MulticastDelegateUtilities.SafeInvoke: TestRun.RunStatsChanged: Invoking callbacks was skipped because there are no subscribers.
TpTrace Information: 0 : 33031, 11, 2024/04/25, 18:42:14.581, 592578803064875, vstest.console.dll, TestRunRequest:SendTestRunStatsChange: Completed.
TpTrace Verbose: 0 : 33031, 4, 2024/04/25, 18:42:14.581, 592578803152291, vstest.console.dll, MulticastDelegateUtilities.SafeInvoke: InternalTestLoggerEvents.SendTestResult: Invoking callback 1/1 for Microsoft.VisualStudio.TestPlatform.CommandLine.Internal.ConsoleLogger., took 0 ms.
TpTrace Verbose: 0 : 33031, 4, 2024/04/25, 18:42:14.581, 592578803177583, vstest.console.dll, MulticastDelegateUtilities.SafeInvoke: InternalTestLoggerEvents.SendTestResult: Invoking callback 1/1 for Microsoft.VisualStudio.TestPlatform.CommandLine.Internal.ConsoleLogger., took 0 ms.
TpTrace Verbose: 0 : 33031, 4, 2024/04/25, 18:42:14.581, 592578803191125, vstest.console.dll, MulticastDelegateUtilities.SafeInvoke: InternalTestLoggerEvents.SendTestResult: Invoking callback 1/1 for Microsoft.VisualStudio.TestPlatform.CommandLine.Internal.ConsoleLogger., took 0 ms.
TpTrace Verbose: 0 : 33031, 11, 2024/04/25, 18:42:14.582, 592578803217041, vstest.console.dll, ParallelProxyExecutionManager: HandlePartialRunComplete: Total workloads = 1, Total started clients = 1 Total completed clients = 1, Run complete = True, Run canceled: False.
TpTrace Verbose: 0 : 33031, 11, 2024/04/25, 18:42:14.582, 592578803227833, vstest.console.dll, ParallelProxyExecutionManager: HandlePartialRunComplete: All runs completed stopping all managers.
TpTrace Verbose: 0 : 33031, 4, 2024/04/25, 18:42:14.582, 592578803230041, vstest.console.dll, MulticastDelegateUtilities.SafeInvoke: InternalTestLoggerEvents.SendTestResult: Invoking callback 1/1 for Microsoft.VisualStudio.TestPlatform.CommandLine.Internal.ConsoleLogger., took 0 ms.
TpTrace Verbose: 0 : 33031, 11, 2024/04/25, 18:42:14.582, 592578803241958, vstest.console.dll, ParallelOperationManager.StopAllManagers: Stopping all managers.
TpTrace Verbose: 0 : 33031, 11, 2024/04/25, 18:42:14.582, 592578803251375, vstest.console.dll, ParallelOperationManager.ClearSlots: Clearing all slots. Slots should accept more work: False
TpTrace Verbose: 0 : 33031, 11, 2024/04/25, 18:42:14.582, 592578803266125, vstest.console.dll, ParallelOperationManager.SetOccupiedSlotCount: Setting slot counts AvailableSlotCount = 1, OccupiedSlotCount = 0.
TpTrace Verbose: 0 : 33031, 4, 2024/04/25, 18:42:14.582, 592578803247291, vstest.console.dll, MulticastDelegateUtilities.SafeInvoke: InternalTestLoggerEvents.SendTestResult: Invoking callback 1/1 for Microsoft.VisualStudio.TestPlatform.CommandLine.Internal.ConsoleLogger., took 0 ms.
TpTrace Verbose: 0 : 33031, 11, 2024/04/25, 18:42:14.582, 592578803277666, vstest.console.dll, Occupied slots:

TpTrace Verbose: 0 : 33031, 11, 2024/04/25, 18:42:14.582, 592578803350625, vstest.console.dll, ParallelRunEventsHandler.HandleTestRunComplete: Whole parallel run completed.
TpTrace Verbose: 0 : 33031, 4, 2024/04/25, 18:42:14.586, 592578807385958, vstest.console.dll, MulticastDelegateUtilities.SafeInvoke: InternalTestLoggerEvents.SendTestRunComplete: Invoking callback 1/1 for Microsoft.VisualStudio.TestPlatform.CommandLine.Internal.ConsoleLogger., took 2 ms.
TpTrace Verbose: 0 : 33031, 11, 2024/04/25, 18:42:14.586, 592578807535541, vstest.console.dll, TestRunRequest:TestRunComplete: Starting. IsAborted:False IsCanceled:False.
TpTrace Verbose: 0 : 33031, 11, 2024/04/25, 18:42:14.586, 592578807588125, vstest.console.dll, ParallelOperationManager.DoActionOnAllManagers: Calling an action on all managers.
TpTrace Verbose: 0 : 33031, 11, 2024/04/25, 18:42:14.586, 592578808138000, vstest.console.dll, TestLoggerManager.HandleTestRunComplete: Ignoring as the object is disposed.
TpTrace Verbose: 0 : 33031, 11, 2024/04/25, 18:42:14.587, 592578808291916, vstest.console.dll, MulticastDelegateUtilities.SafeInvoke: TestRun.TestRunComplete: Invoking callback 1/2 for Microsoft.VisualStudio.TestPlatform.CommandLine.TestRunResultAggregator., took 0 ms.
TpTrace Verbose: 0 : 33031, 11, 2024/04/25, 18:42:14.587, 592578808348541, vstest.console.dll, MulticastDelegateUtilities.SafeInvoke: TestRun.TestRunComplete: Invoking callback 2/2 for Microsoft.VisualStudio.TestPlatform.CommandLine.Processors.RunTestsArgumentExecutor+TestRunRequestEventsRegistrar., took 0 ms.
TpTrace Information: 0 : 33031, 11, 2024/04/25, 18:42:14.587, 592578808390833, vstest.console.dll, TestRunRequest:TestRunComplete: Completed.
TpTrace Verbose: 0 : 33031, 11, 2024/04/25, 18:42:14.587, 592578808405083, vstest.console.dll, TestRequestSender.SetOperationComplete: Setting operation complete.
TpTrace Verbose: 0 : 33031, 1, 2024/04/25, 18:42:14.587, 592578808410041, vstest.console.dll, TestRunRequest.Dispose: Starting.
TpTrace Information: 0 : 33031, 11, 2024/04/25, 18:42:14.587, 592578808413666, vstest.console.dll, SocketServer.Stop: Stop server endPoint: 127.0.0.1:57202
TpTrace Information: 0 : 33031, 1, 2024/04/25, 18:42:14.587, 592578808427666, vstest.console.dll, TestRunRequest.Dispose: Completed.
TpTrace Information: 0 : 33031, 11, 2024/04/25, 18:42:14.587, 592578808438250, vstest.console.dll, SocketServer.Stop: Cancellation requested. Stopping message loop.
TpTrace Information: 0 : 33031, 1, 2024/04/25, 18:42:14.587, 592578808443458, vstest.console.dll, TestRequestManager.RunTests: run tests completed.
TpTrace Verbose: 0 : 33031, 11, 2024/04/25, 18:42:14.587, 592578808449583, vstest.console.dll, MulticastDelegateUtilities.SafeInvoke: LengthPrefixCommunicationChannel: MessageReceived: Invoking callback 1/1 for Microsoft.VisualStudio.TestPlatform.CommunicationUtilities.TestRequestSender+<>c__DisplayClass34_0., took 24 ms.
TpTrace Information: 0 : 33031, 11, 2024/04/25, 18:42:14.587, 592578808464375, vstest.console.dll, SocketServer.PrivateStop: Stopping server endPoint: 127.0.0.1:57202 error: 
TpTrace Information: 0 : 33031, 1, 2024/04/25, 18:42:14.587, 592578808474125, vstest.console.dll, RunTestsArgumentProcessor:Execute: Test run is completed.
TpTrace Verbose: 0 : 33031, 11, 2024/04/25, 18:42:14.587, 592578808595791, vstest.console.dll, LengthPrefixCommunicationChannel.Dispose: Dispose reader and writer.
TpTrace Verbose: 0 : 33031, 1, 2024/04/25, 18:42:14.587, 592578808602041, vstest.console.dll, Executor.Execute: Exiting with exit code of 1
TpTrace Information: 0 : 33031, 11, 2024/04/25, 18:42:14.587, 592578808622083, vstest.console.dll, SocketServer.Stop: Raise disconnected event endPoint: 127.0.0.1:57202 error: 
TpTrace Verbose: 0 : 33031, 11, 2024/04/25, 18:42:14.587, 592578808664500, vstest.console.dll, TestRequestSender: OnTestRunAbort: Operation is already complete. Skip error message.
TpTrace Verbose: 0 : 33031, 11, 2024/04/25, 18:42:14.587, 592578808675250, vstest.console.dll, MulticastDelegateUtilities.SafeInvoke: SocketServer: ClientDisconnected: Invoking callback 1/1 for Microsoft.VisualStudio.TestPlatform.CommunicationUtilities.TestRequestSender., took 0 ms.
TpTrace Verbose: 0 : 33031, 11, 2024/04/25, 18:42:14.587, 592578808682916, vstest.console.dll, TcpClientExtensions.MessageLoopAsync: exiting MessageLoopAsync remoteEndPoint: 127.0.0.1:57203 localEndPoint: 127.0.0.1:57202
